ERROR - 2025-06-18 00:29:57 --> mysqli_sql_exception: Unknown column 'p.descripcion' in 'field list' in C:\xampp\htdocs\proyecto_Martinez_Gonzalez\system\Database\MySQLi\Connection.php:327
Stack trace:
#0 C:\xampp\htdocs\proyecto_Martinez_Gonzalez\system\Database\MySQLi\Connection.php(327): mysqli->query('SELECT \r\n      ...', 0)
#1 C:\xampp\htdocs\proyecto_Martinez_Gonzalez\system\Database\BaseConnection.php(738): CodeIgniter\Database\MySQLi\Connection->execute('SELECT \r\n      ...')
#2 C:\xampp\htdocs\proyecto_Martinez_Gonzalez\system\Database\BaseConnection.php(652): CodeIgniter\Database\BaseConnection->simpleQuery('SELECT \r\n      ...')
#3 C:\xampp\htdocs\proyecto_Martinez_Gonzalez\app\Controllers\VentasController.php(262): CodeIgniter\Database\BaseConnection->query('SELECT \r\n      ...', Array)
#4 C:\xampp\htdocs\proyecto_Martinez_Gonzalez\system\CodeIgniter.php(933): App\Controllers\Ventascontroller->detalle_compra('1')
#5 C:\xampp\htdocs\proyecto_Martinez_Gonzalez\system\CodeIgniter.php(507): CodeIgniter\CodeIgniter->runController(Object(App\Controllers\Ventascontroller))
#6 C:\xampp\htdocs\proyecto_Martinez_Gonzalez\system\CodeIgniter.php(354): CodeIgniter\CodeIgniter->handleRequest(NULL, Object(Config\Cache), false)
#7 C:\xampp\htdocs\proyecto_Martinez_Gonzalez\system\Boot.php(334): CodeIgniter\CodeIgniter->run()
#8 C:\xampp\htdocs\proyecto_Martinez_Gonzalez\system\Boot.php(67): CodeIgniter\Boot::runCodeIgniter(Object(CodeIgniter\CodeIgniter))
#9 C:\xampp\htdocs\proyecto_Martinez_Gonzalez\index.php(56): CodeIgniter\Boot::bootWeb(Object(Config\Paths))
#10 {main}
CRITICAL - 2025-06-18 00:29:57 --> Error: Call to a member function getResultArray() on bool
[Method: GET, Route: detalle-compra/1]
in APPPATH\Controllers\VentasController.php on line 263.
 1 SYSTEMPATH\CodeIgniter.php(933): App\Controllers\Ventascontroller->detalle_compra('1')
 2 SYSTEMPATH\CodeIgniter.php(507): CodeIgniter\CodeIgniter->runController(Object(App\Controllers\Ventascontroller))
 3 SYSTEMPATH\CodeIgniter.php(354): CodeIgniter\CodeIgniter->handleRequest(null, Object(Config\Cache), false)
 4 SYSTEMPATH\Boot.php(334): CodeIgniter\CodeIgniter->run()
 5 SYSTEMPATH\Boot.php(67): CodeIgniter\Boot::runCodeIgniter(Object(CodeIgniter\CodeIgniter))
 6 FCPATH\index.php(56): CodeIgniter\Boot::bootWeb(Object(Config\Paths))
ERROR - 2025-06-18 00:37:08 --> mysqli_sql_exception: Unknown column 'p.descripcion' in 'field list' in C:\xampp\htdocs\proyecto_Martinez_Gonzalez\system\Database\MySQLi\Connection.php:327
Stack trace:
#0 C:\xampp\htdocs\proyecto_Martinez_Gonzalez\system\Database\MySQLi\Connection.php(327): mysqli->query('SELECT \r\n      ...', 0)
#1 C:\xampp\htdocs\proyecto_Martinez_Gonzalez\system\Database\BaseConnection.php(738): CodeIgniter\Database\MySQLi\Connection->execute('SELECT \r\n      ...')
#2 C:\xampp\htdocs\proyecto_Martinez_Gonzalez\system\Database\BaseConnection.php(652): CodeIgniter\Database\BaseConnection->simpleQuery('SELECT \r\n      ...')
#3 C:\xampp\htdocs\proyecto_Martinez_Gonzalez\app\Controllers\VentasController.php(279): CodeIgniter\Database\BaseConnection->query('SELECT \r\n      ...', Array)
#4 C:\xampp\htdocs\proyecto_Martinez_Gonzalez\system\CodeIgniter.php(933): App\Controllers\Ventascontroller->detalle_compra('1')
#5 C:\xampp\htdocs\proyecto_Martinez_Gonzalez\system\CodeIgniter.php(507): CodeIgniter\CodeIgniter->runController(Object(App\Controllers\Ventascontroller))
#6 C:\xampp\htdocs\proyecto_Martinez_Gonzalez\system\CodeIgniter.php(354): CodeIgniter\CodeIgniter->handleRequest(NULL, Object(Config\Cache), false)
#7 C:\xampp\htdocs\proyecto_Martinez_Gonzalez\system\Boot.php(334): CodeIgniter\CodeIgniter->run()
#8 C:\xampp\htdocs\proyecto_Martinez_Gonzalez\system\Boot.php(67): CodeIgniter\Boot::runCodeIgniter(Object(CodeIgniter\CodeIgniter))
#9 C:\xampp\htdocs\proyecto_Martinez_Gonzalez\index.php(56): CodeIgniter\Boot::bootWeb(Object(Config\Paths))
#10 {main}
ERROR - 2025-06-18 00:37:08 --> Error en consulta SQL: Unknown column 'p.descripcion' in 'field list' - ID Venta: 1
ERROR - 2025-06-18 00:37:10 --> mysqli_sql_exception: Unknown column 'p.descripcion' in 'field list' in C:\xampp\htdocs\proyecto_Martinez_Gonzalez\system\Database\MySQLi\Connection.php:327
Stack trace:
#0 C:\xampp\htdocs\proyecto_Martinez_Gonzalez\system\Database\MySQLi\Connection.php(327): mysqli->query('SELECT \r\n      ...', 0)
#1 C:\xampp\htdocs\proyecto_Martinez_Gonzalez\system\Database\BaseConnection.php(738): CodeIgniter\Database\MySQLi\Connection->execute('SELECT \r\n      ...')
#2 C:\xampp\htdocs\proyecto_Martinez_Gonzalez\system\Database\BaseConnection.php(652): CodeIgniter\Database\BaseConnection->simpleQuery('SELECT \r\n      ...')
#3 C:\xampp\htdocs\proyecto_Martinez_Gonzalez\app\Controllers\VentasController.php(279): CodeIgniter\Database\BaseConnection->query('SELECT \r\n      ...', Array)
#4 C:\xampp\htdocs\proyecto_Martinez_Gonzalez\system\CodeIgniter.php(933): App\Controllers\Ventascontroller->detalle_compra('1')
#5 C:\xampp\htdocs\proyecto_Martinez_Gonzalez\system\CodeIgniter.php(507): CodeIgniter\CodeIgniter->runController(Object(App\Controllers\Ventascontroller))
#6 C:\xampp\htdocs\proyecto_Martinez_Gonzalez\system\CodeIgniter.php(354): CodeIgniter\CodeIgniter->handleRequest(NULL, Object(Config\Cache), false)
#7 C:\xampp\htdocs\proyecto_Martinez_Gonzalez\system\Boot.php(334): CodeIgniter\CodeIgniter->run()
#8 C:\xampp\htdocs\proyecto_Martinez_Gonzalez\system\Boot.php(67): CodeIgniter\Boot::runCodeIgniter(Object(CodeIgniter\CodeIgniter))
#9 C:\xampp\htdocs\proyecto_Martinez_Gonzalez\index.php(56): CodeIgniter\Boot::bootWeb(Object(Config\Paths))
#10 {main}
ERROR - 2025-06-18 00:37:10 --> Error en consulta SQL: Unknown column 'p.descripcion' in 'field list' - ID Venta: 1
ERROR - 2025-06-18 00:37:11 --> mysqli_sql_exception: Unknown column 'p.descripcion' in 'field list' in C:\xampp\htdocs\proyecto_Martinez_Gonzalez\system\Database\MySQLi\Connection.php:327
Stack trace:
#0 C:\xampp\htdocs\proyecto_Martinez_Gonzalez\system\Database\MySQLi\Connection.php(327): mysqli->query('SELECT \r\n      ...', 0)
#1 C:\xampp\htdocs\proyecto_Martinez_Gonzalez\system\Database\BaseConnection.php(738): CodeIgniter\Database\MySQLi\Connection->execute('SELECT \r\n      ...')
#2 C:\xampp\htdocs\proyecto_Martinez_Gonzalez\system\Database\BaseConnection.php(652): CodeIgniter\Database\BaseConnection->simpleQuery('SELECT \r\n      ...')
#3 C:\xampp\htdocs\proyecto_Martinez_Gonzalez\app\Controllers\VentasController.php(279): CodeIgniter\Database\BaseConnection->query('SELECT \r\n      ...', Array)
#4 C:\xampp\htdocs\proyecto_Martinez_Gonzalez\system\CodeIgniter.php(933): App\Controllers\Ventascontroller->detalle_compra('1')
#5 C:\xampp\htdocs\proyecto_Martinez_Gonzalez\system\CodeIgniter.php(507): CodeIgniter\CodeIgniter->runController(Object(App\Controllers\Ventascontroller))
#6 C:\xampp\htdocs\proyecto_Martinez_Gonzalez\system\CodeIgniter.php(354): CodeIgniter\CodeIgniter->handleRequest(NULL, Object(Config\Cache), false)
#7 C:\xampp\htdocs\proyecto_Martinez_Gonzalez\system\Boot.php(334): CodeIgniter\CodeIgniter->run()
#8 C:\xampp\htdocs\proyecto_Martinez_Gonzalez\system\Boot.php(67): CodeIgniter\Boot::runCodeIgniter(Object(CodeIgniter\CodeIgniter))
#9 C:\xampp\htdocs\proyecto_Martinez_Gonzalez\index.php(56): CodeIgniter\Boot::bootWeb(Object(Config\Paths))
#10 {main}
ERROR - 2025-06-18 00:37:11 --> Error en consulta SQL: Unknown column 'p.descripcion' in 'field list' - ID Venta: 1
ERROR - 2025-06-18 00:37:12 --> mysqli_sql_exception: Unknown column 'p.descripcion' in 'field list' in C:\xampp\htdocs\proyecto_Martinez_Gonzalez\system\Database\MySQLi\Connection.php:327
Stack trace:
#0 C:\xampp\htdocs\proyecto_Martinez_Gonzalez\system\Database\MySQLi\Connection.php(327): mysqli->query('SELECT \r\n      ...', 0)
#1 C:\xampp\htdocs\proyecto_Martinez_Gonzalez\system\Database\BaseConnection.php(738): CodeIgniter\Database\MySQLi\Connection->execute('SELECT \r\n      ...')
#2 C:\xampp\htdocs\proyecto_Martinez_Gonzalez\system\Database\BaseConnection.php(652): CodeIgniter\Database\BaseConnection->simpleQuery('SELECT \r\n      ...')
#3 C:\xampp\htdocs\proyecto_Martinez_Gonzalez\app\Controllers\VentasController.php(279): CodeIgniter\Database\BaseConnection->query('SELECT \r\n      ...', Array)
#4 C:\xampp\htdocs\proyecto_Martinez_Gonzalez\system\CodeIgniter.php(933): App\Controllers\Ventascontroller->detalle_compra('1')
#5 C:\xampp\htdocs\proyecto_Martinez_Gonzalez\system\CodeIgniter.php(507): CodeIgniter\CodeIgniter->runController(Object(App\Controllers\Ventascontroller))
#6 C:\xampp\htdocs\proyecto_Martinez_Gonzalez\system\CodeIgniter.php(354): CodeIgniter\CodeIgniter->handleRequest(NULL, Object(Config\Cache), false)
#7 C:\xampp\htdocs\proyecto_Martinez_Gonzalez\system\Boot.php(334): CodeIgniter\CodeIgniter->run()
#8 C:\xampp\htdocs\proyecto_Martinez_Gonzalez\system\Boot.php(67): CodeIgniter\Boot::runCodeIgniter(Object(CodeIgniter\CodeIgniter))
#9 C:\xampp\htdocs\proyecto_Martinez_Gonzalez\index.php(56): CodeIgniter\Boot::bootWeb(Object(Config\Paths))
#10 {main}
ERROR - 2025-06-18 00:37:12 --> Error en consulta SQL: Unknown column 'p.descripcion' in 'field list' - ID Venta: 1
ERROR - 2025-06-18 00:37:13 --> mysqli_sql_exception: Unknown column 'p.descripcion' in 'field list' in C:\xampp\htdocs\proyecto_Martinez_Gonzalez\system\Database\MySQLi\Connection.php:327
Stack trace:
#0 C:\xampp\htdocs\proyecto_Martinez_Gonzalez\system\Database\MySQLi\Connection.php(327): mysqli->query('SELECT \r\n      ...', 0)
#1 C:\xampp\htdocs\proyecto_Martinez_Gonzalez\system\Database\BaseConnection.php(738): CodeIgniter\Database\MySQLi\Connection->execute('SELECT \r\n      ...')
#2 C:\xampp\htdocs\proyecto_Martinez_Gonzalez\system\Database\BaseConnection.php(652): CodeIgniter\Database\BaseConnection->simpleQuery('SELECT \r\n      ...')
#3 C:\xampp\htdocs\proyecto_Martinez_Gonzalez\app\Controllers\VentasController.php(279): CodeIgniter\Database\BaseConnection->query('SELECT \r\n      ...', Array)
#4 C:\xampp\htdocs\proyecto_Martinez_Gonzalez\system\CodeIgniter.php(933): App\Controllers\Ventascontroller->detalle_compra('1')
#5 C:\xampp\htdocs\proyecto_Martinez_Gonzalez\system\CodeIgniter.php(507): CodeIgniter\CodeIgniter->runController(Object(App\Controllers\Ventascontroller))
#6 C:\xampp\htdocs\proyecto_Martinez_Gonzalez\system\CodeIgniter.php(354): CodeIgniter\CodeIgniter->handleRequest(NULL, Object(Config\Cache), false)
#7 C:\xampp\htdocs\proyecto_Martinez_Gonzalez\system\Boot.php(334): CodeIgniter\CodeIgniter->run()
#8 C:\xampp\htdocs\proyecto_Martinez_Gonzalez\system\Boot.php(67): CodeIgniter\Boot::runCodeIgniter(Object(CodeIgniter\CodeIgniter))
#9 C:\xampp\htdocs\proyecto_Martinez_Gonzalez\index.php(56): CodeIgniter\Boot::bootWeb(Object(Config\Paths))
#10 {main}
ERROR - 2025-06-18 00:37:13 --> Error en consulta SQL: Unknown column 'p.descripcion' in 'field list' - ID Venta: 1
ERROR - 2025-06-18 00:37:14 --> mysqli_sql_exception: Unknown column 'p.descripcion' in 'field list' in C:\xampp\htdocs\proyecto_Martinez_Gonzalez\system\Database\MySQLi\Connection.php:327
Stack trace:
#0 C:\xampp\htdocs\proyecto_Martinez_Gonzalez\system\Database\MySQLi\Connection.php(327): mysqli->query('SELECT \r\n      ...', 0)
#1 C:\xampp\htdocs\proyecto_Martinez_Gonzalez\system\Database\BaseConnection.php(738): CodeIgniter\Database\MySQLi\Connection->execute('SELECT \r\n      ...')
#2 C:\xampp\htdocs\proyecto_Martinez_Gonzalez\system\Database\BaseConnection.php(652): CodeIgniter\Database\BaseConnection->simpleQuery('SELECT \r\n      ...')
#3 C:\xampp\htdocs\proyecto_Martinez_Gonzalez\app\Controllers\VentasController.php(279): CodeIgniter\Database\BaseConnection->query('SELECT \r\n      ...', Array)
#4 C:\xampp\htdocs\proyecto_Martinez_Gonzalez\system\CodeIgniter.php(933): App\Controllers\Ventascontroller->detalle_compra('1')
#5 C:\xampp\htdocs\proyecto_Martinez_Gonzalez\system\CodeIgniter.php(507): CodeIgniter\CodeIgniter->runController(Object(App\Controllers\Ventascontroller))
#6 C:\xampp\htdocs\proyecto_Martinez_Gonzalez\system\CodeIgniter.php(354): CodeIgniter\CodeIgniter->handleRequest(NULL, Object(Config\Cache), false)
#7 C:\xampp\htdocs\proyecto_Martinez_Gonzalez\system\Boot.php(334): CodeIgniter\CodeIgniter->run()
#8 C:\xampp\htdocs\proyecto_Martinez_Gonzalez\system\Boot.php(67): CodeIgniter\Boot::runCodeIgniter(Object(CodeIgniter\CodeIgniter))
#9 C:\xampp\htdocs\proyecto_Martinez_Gonzalez\index.php(56): CodeIgniter\Boot::bootWeb(Object(Config\Paths))
#10 {main}
ERROR - 2025-06-18 00:37:14 --> Error en consulta SQL: Unknown column 'p.descripcion' in 'field list' - ID Venta: 1
ERROR - 2025-06-18 00:37:15 --> mysqli_sql_exception: Unknown column 'p.descripcion' in 'field list' in C:\xampp\htdocs\proyecto_Martinez_Gonzalez\system\Database\MySQLi\Connection.php:327
Stack trace:
#0 C:\xampp\htdocs\proyecto_Martinez_Gonzalez\system\Database\MySQLi\Connection.php(327): mysqli->query('SELECT \r\n      ...', 0)
#1 C:\xampp\htdocs\proyecto_Martinez_Gonzalez\system\Database\BaseConnection.php(738): CodeIgniter\Database\MySQLi\Connection->execute('SELECT \r\n      ...')
#2 C:\xampp\htdocs\proyecto_Martinez_Gonzalez\system\Database\BaseConnection.php(652): CodeIgniter\Database\BaseConnection->simpleQuery('SELECT \r\n      ...')
#3 C:\xampp\htdocs\proyecto_Martinez_Gonzalez\app\Controllers\VentasController.php(279): CodeIgniter\Database\BaseConnection->query('SELECT \r\n      ...', Array)
#4 C:\xampp\htdocs\proyecto_Martinez_Gonzalez\system\CodeIgniter.php(933): App\Controllers\Ventascontroller->detalle_compra('2')
#5 C:\xampp\htdocs\proyecto_Martinez_Gonzalez\system\CodeIgniter.php(507): CodeIgniter\CodeIgniter->runController(Object(App\Controllers\Ventascontroller))
#6 C:\xampp\htdocs\proyecto_Martinez_Gonzalez\system\CodeIgniter.php(354): CodeIgniter\CodeIgniter->handleRequest(NULL, Object(Config\Cache), false)
#7 C:\xampp\htdocs\proyecto_Martinez_Gonzalez\system\Boot.php(334): CodeIgniter\CodeIgniter->run()
#8 C:\xampp\htdocs\proyecto_Martinez_Gonzalez\system\Boot.php(67): CodeIgniter\Boot::runCodeIgniter(Object(CodeIgniter\CodeIgniter))
#9 C:\xampp\htdocs\proyecto_Martinez_Gonzalez\index.php(56): CodeIgniter\Boot::bootWeb(Object(Config\Paths))
#10 {main}
ERROR - 2025-06-18 00:37:15 --> Error en consulta SQL: Unknown column 'p.descripcion' in 'field list' - ID Venta: 2
ERROR - 2025-06-18 01:12:13 --> mysqli_sql_exception: Unknown column 'p.descripcion' in 'field list' in C:\xampp\htdocs\proyecto_Martinez_Gonzalez\system\Database\MySQLi\Connection.php:327
Stack trace:
#0 C:\xampp\htdocs\proyecto_Martinez_Gonzalez\system\Database\MySQLi\Connection.php(327): mysqli->query('SELECT \r\n      ...', 0)
#1 C:\xampp\htdocs\proyecto_Martinez_Gonzalez\system\Database\BaseConnection.php(738): CodeIgniter\Database\MySQLi\Connection->execute('SELECT \r\n      ...')
#2 C:\xampp\htdocs\proyecto_Martinez_Gonzalez\system\Database\BaseConnection.php(652): CodeIgniter\Database\BaseConnection->simpleQuery('SELECT \r\n      ...')
#3 C:\xampp\htdocs\proyecto_Martinez_Gonzalez\app\Controllers\VentasController.php(285): CodeIgniter\Database\BaseConnection->query('SELECT \r\n      ...', Array)
#4 C:\xampp\htdocs\proyecto_Martinez_Gonzalez\system\CodeIgniter.php(933): App\Controllers\Ventascontroller->detalle_compra('1')
#5 C:\xampp\htdocs\proyecto_Martinez_Gonzalez\system\CodeIgniter.php(507): CodeIgniter\CodeIgniter->runController(Object(App\Controllers\Ventascontroller))
#6 C:\xampp\htdocs\proyecto_Martinez_Gonzalez\system\CodeIgniter.php(354): CodeIgniter\CodeIgniter->handleRequest(NULL, Object(Config\Cache), false)
#7 C:\xampp\htdocs\proyecto_Martinez_Gonzalez\system\Boot.php(334): CodeIgniter\CodeIgniter->run()
#8 C:\xampp\htdocs\proyecto_Martinez_Gonzalez\system\Boot.php(67): CodeIgniter\Boot::runCodeIgniter(Object(CodeIgniter\CodeIgniter))
#9 C:\xampp\htdocs\proyecto_Martinez_Gonzalez\index.php(56): CodeIgniter\Boot::bootWeb(Object(Config\Paths))
#10 {main}
CRITICAL - 2025-06-18 01:12:13 --> Error: Call to a member function getResultArray() on bool
[Method: GET, Route: detalle-compra/1]
in APPPATH\Controllers\VentasController.php on line 288.
 1 SYSTEMPATH\CodeIgniter.php(933): App\Controllers\Ventascontroller->detalle_compra('1')
 2 SYSTEMPATH\CodeIgniter.php(507): CodeIgniter\CodeIgniter->runController(Object(App\Controllers\Ventascontroller))
 3 SYSTEMPATH\CodeIgniter.php(354): CodeIgniter\CodeIgniter->handleRequest(null, Object(Config\Cache), false)
 4 SYSTEMPATH\Boot.php(334): CodeIgniter\CodeIgniter->run()
 5 SYSTEMPATH\Boot.php(67): CodeIgniter\Boot::runCodeIgniter(Object(CodeIgniter\CodeIgniter))
 6 FCPATH\index.php(56): CodeIgniter\Boot::bootWeb(Object(Config\Paths))
ERROR - 2025-06-18 01:21:10 --> mysqli_sql_exception: Unknown column 'p.descripcion' in 'field list' in C:\xampp\htdocs\proyecto_Martinez_Gonzalez\system\Database\MySQLi\Connection.php:327
Stack trace:
#0 C:\xampp\htdocs\proyecto_Martinez_Gonzalez\system\Database\MySQLi\Connection.php(327): mysqli->query('SELECT \r\n      ...', 0)
#1 C:\xampp\htdocs\proyecto_Martinez_Gonzalez\system\Database\BaseConnection.php(738): CodeIgniter\Database\MySQLi\Connection->execute('SELECT \r\n      ...')
#2 C:\xampp\htdocs\proyecto_Martinez_Gonzalez\system\Database\BaseConnection.php(652): CodeIgniter\Database\BaseConnection->simpleQuery('SELECT \r\n      ...')
#3 C:\xampp\htdocs\proyecto_Martinez_Gonzalez\app\Controllers\VentasController.php(283): CodeIgniter\Database\BaseConnection->query('SELECT \r\n      ...', Array)
#4 C:\xampp\htdocs\proyecto_Martinez_Gonzalez\system\CodeIgniter.php(933): App\Controllers\Ventascontroller->detalle_compra('2')
#5 C:\xampp\htdocs\proyecto_Martinez_Gonzalez\system\CodeIgniter.php(507): CodeIgniter\CodeIgniter->runController(Object(App\Controllers\Ventascontroller))
#6 C:\xampp\htdocs\proyecto_Martinez_Gonzalez\system\CodeIgniter.php(354): CodeIgniter\CodeIgniter->handleRequest(NULL, Object(Config\Cache), false)
#7 C:\xampp\htdocs\proyecto_Martinez_Gonzalez\system\Boot.php(334): CodeIgniter\CodeIgniter->run()
#8 C:\xampp\htdocs\proyecto_Martinez_Gonzalez\system\Boot.php(67): CodeIgniter\Boot::runCodeIgniter(Object(CodeIgniter\CodeIgniter))
#9 C:\xampp\htdocs\proyecto_Martinez_Gonzalez\index.php(56): CodeIgniter\Boot::bootWeb(Object(Config\Paths))
#10 {main}
ERROR - 2025-06-18 01:21:10 --> Error en consulta SQL: Unknown column 'p.descripcion' in 'field list' (C贸digo: 1054)
ERROR - 2025-06-18 01:21:10 --> Query que fall贸: SELECT 
                vd.id, 
                vd.venta_id, 
                vd.producto_id, 
                vd.cantidad, 
                vd.precio,
                vc.fecha, 
                vc.total_venta, 
                vc.usuario_id,
                p.nombre_prod, 
                p.descripcion, 
                p.imagen, 
                p.precio_vta,
                u.nombre, 
                u.apellido, 
                u.email, 
                u.usuario
              FROM 
                ventas_detalle vd
              LEFT JOIN 
                ventas_cabecera vc ON vc.id = vd.venta_id
              LEFT JOIN 
                productos p ON p.id = vd.producto_id
              LEFT JOIN 
                usuarios u ON u.id = vc.usuario_id
              WHERE 
                vd.venta_id = 2
              ORDER BY 
                p.nombre_prod ASC
ERROR - 2025-06-18 01:21:10 --> Tablas verificadas: ventas_detalle existe
ERROR - 2025-06-18 01:21:10 --> Consulta simple exitosa. Encontrados 1 detalles para venta_id=2
ERROR - 2025-06-18 01:23:20 --> mysqli_sql_exception: Unknown column 'p.descripcion' in 'field list' in C:\xampp\htdocs\proyecto_Martinez_Gonzalez\system\Database\MySQLi\Connection.php:327
Stack trace:
#0 C:\xampp\htdocs\proyecto_Martinez_Gonzalez\system\Database\MySQLi\Connection.php(327): mysqli->query('SELECT \r\n      ...', 0)
#1 C:\xampp\htdocs\proyecto_Martinez_Gonzalez\system\Database\BaseConnection.php(738): CodeIgniter\Database\MySQLi\Connection->execute('SELECT \r\n      ...')
#2 C:\xampp\htdocs\proyecto_Martinez_Gonzalez\system\Database\BaseConnection.php(652): CodeIgniter\Database\BaseConnection->simpleQuery('SELECT \r\n      ...')
#3 C:\xampp\htdocs\proyecto_Martinez_Gonzalez\app\Controllers\VentasController.php(283): CodeIgniter\Database\BaseConnection->query('SELECT \r\n      ...', Array)
#4 C:\xampp\htdocs\proyecto_Martinez_Gonzalez\system\CodeIgniter.php(933): App\Controllers\Ventascontroller->detalle_compra('2')
#5 C:\xampp\htdocs\proyecto_Martinez_Gonzalez\system\CodeIgniter.php(507): CodeIgniter\CodeIgniter->runController(Object(App\Controllers\Ventascontroller))
#6 C:\xampp\htdocs\proyecto_Martinez_Gonzalez\system\CodeIgniter.php(354): CodeIgniter\CodeIgniter->handleRequest(NULL, Object(Config\Cache), false)
#7 C:\xampp\htdocs\proyecto_Martinez_Gonzalez\system\Boot.php(334): CodeIgniter\CodeIgniter->run()
#8 C:\xampp\htdocs\proyecto_Martinez_Gonzalez\system\Boot.php(67): CodeIgniter\Boot::runCodeIgniter(Object(CodeIgniter\CodeIgniter))
#9 C:\xampp\htdocs\proyecto_Martinez_Gonzalez\index.php(56): CodeIgniter\Boot::bootWeb(Object(Config\Paths))
#10 {main}
ERROR - 2025-06-18 01:23:20 --> Error en consulta SQL: Unknown column 'p.descripcion' in 'field list' (C贸digo: 1054)
ERROR - 2025-06-18 01:23:20 --> Query que fall贸: SELECT 
                vd.id, 
                vd.venta_id, 
                vd.producto_id, 
                vd.cantidad, 
                vd.precio,
                vc.fecha, 
                vc.total_venta, 
                vc.usuario_id,
                p.nombre_prod, 
                p.descripcion, 
                p.imagen, 
                p.precio_vta,
                u.nombre, 
                u.apellido, 
                u.email, 
                u.usuario
              FROM 
                ventas_detalle vd
              LEFT JOIN 
                ventas_cabecera vc ON vc.id = vd.venta_id
              LEFT JOIN 
                productos p ON p.id = vd.producto_id
              LEFT JOIN 
                usuarios u ON u.id = vc.usuario_id
              WHERE 
                vd.venta_id = 2
              ORDER BY 
                p.nombre_prod ASC
ERROR - 2025-06-18 01:23:20 --> Tablas verificadas: ventas_detalle existe
ERROR - 2025-06-18 01:23:20 --> Consulta simple exitosa. Encontrados 1 detalles para venta_id=2
ERROR - 2025-06-18 01:24:41 --> mysqli_sql_exception: Unknown column 'p.descripcion' in 'field list' in C:\xampp\htdocs\proyecto_Martinez_Gonzalez\system\Database\MySQLi\Connection.php:327
Stack trace:
#0 C:\xampp\htdocs\proyecto_Martinez_Gonzalez\system\Database\MySQLi\Connection.php(327): mysqli->query('SELECT \r\n      ...', 0)
#1 C:\xampp\htdocs\proyecto_Martinez_Gonzalez\system\Database\BaseConnection.php(738): CodeIgniter\Database\MySQLi\Connection->execute('SELECT \r\n      ...')
#2 C:\xampp\htdocs\proyecto_Martinez_Gonzalez\system\Database\BaseConnection.php(652): CodeIgniter\Database\BaseConnection->simpleQuery('SELECT \r\n      ...')
#3 C:\xampp\htdocs\proyecto_Martinez_Gonzalez\app\Controllers\VentasController.php(283): CodeIgniter\Database\BaseConnection->query('SELECT \r\n      ...', Array)
#4 C:\xampp\htdocs\proyecto_Martinez_Gonzalez\system\CodeIgniter.php(933): App\Controllers\Ventascontroller->detalle_compra('1')
#5 C:\xampp\htdocs\proyecto_Martinez_Gonzalez\system\CodeIgniter.php(507): CodeIgniter\CodeIgniter->runController(Object(App\Controllers\Ventascontroller))
#6 C:\xampp\htdocs\proyecto_Martinez_Gonzalez\system\CodeIgniter.php(354): CodeIgniter\CodeIgniter->handleRequest(NULL, Object(Config\Cache), false)
#7 C:\xampp\htdocs\proyecto_Martinez_Gonzalez\system\Boot.php(334): CodeIgniter\CodeIgniter->run()
#8 C:\xampp\htdocs\proyecto_Martinez_Gonzalez\system\Boot.php(67): CodeIgniter\Boot::runCodeIgniter(Object(CodeIgniter\CodeIgniter))
#9 C:\xampp\htdocs\proyecto_Martinez_Gonzalez\index.php(56): CodeIgniter\Boot::bootWeb(Object(Config\Paths))
#10 {main}
ERROR - 2025-06-18 01:42:18 --> Error al obtener detalle de compra ID 1: Undefined variable $ruta_imagen
ERROR - 2025-06-18 01:44:28 --> Error al obtener detalle de compra ID 2: Undefined variable $ruta_imagen
ERROR - 2025-06-18 01:44:30 --> Error al obtener detalle de compra ID 2: Undefined variable $ruta_imagen
ERROR - 2025-06-18 01:46:14 --> Error al obtener detalle de compra ID 2: Undefined variable $ruta_imagen
ERROR - 2025-06-18 01:46:17 --> Error al obtener detalle de compra ID 2: Undefined variable $ruta_imagen
CRITICAL - 2025-06-18 01:48:29 --> ErrorException: Undefined variable $ruta_imagen
[Method: GET, Route: detalle-compra/2]
in APPPATH\Views\front\vista_compras.php on line 200.
 1 APPPATH\Views\front\vista_compras.php(200): CodeIgniter\Debug\Exceptions->errorHandler(2, 'Undefined variable $ruta_imagen', 'C:\\xampp\\htdocs\\proyecto_Martinez_Gonzalez\\app\\Views\\front\\vista_compras.php', 200)
 2 SYSTEMPATH\View\View.php(224): include('C:\\xampp\\htdocs\\proyecto_Martinez_Gonzalez\\app\\Views\\front\\vista_compras.php')
 3 SYSTEMPATH\View\View.php(227): CodeIgniter\View\View->CodeIgniter\View\{closure}()
 4 SYSTEMPATH\Common.php(1173): CodeIgniter\View\View->render('front/vista_compras', [], true)
 5 APPPATH\Controllers\VentasController.php(92): view('front/vista_compras', [...])
 6 SYSTEMPATH\CodeIgniter.php(933): App\Controllers\Ventascontroller->ver_factura('2')
 7 SYSTEMPATH\CodeIgniter.php(507): CodeIgniter\CodeIgniter->runController(Object(App\Controllers\Ventascontroller))
 8 SYSTEMPATH\CodeIgniter.php(354): CodeIgniter\CodeIgniter->handleRequest(null, Object(Config\Cache), false)
 9 SYSTEMPATH\Boot.php(334): CodeIgniter\CodeIgniter->run()
10 SYSTEMPATH\Boot.php(67): CodeIgniter\Boot::runCodeIgniter(Object(CodeIgniter\CodeIgniter))
11 FCPATH\index.php(56): CodeIgniter\Boot::bootWeb(Object(Config\Paths))
ERROR - 2025-06-18 13:45:42 --> mysqli_sql_exception: Unknown column 'id_usuario' in 'order clause' in C:\xampp\htdocs\proyecto_Martinez_Gonzalez\system\Database\MySQLi\Connection.php:327
Stack trace:
#0 C:\xampp\htdocs\proyecto_Martinez_Gonzalez\system\Database\MySQLi\Connection.php(327): mysqli->query('SELECT *\nFROM `...', 0)
#1 C:\xampp\htdocs\proyecto_Martinez_Gonzalez\system\Database\BaseConnection.php(738): CodeIgniter\Database\MySQLi\Connection->execute('SELECT *\nFROM `...')
#2 C:\xampp\htdocs\proyecto_Martinez_Gonzalez\system\Database\BaseConnection.php(652): CodeIgniter\Database\BaseConnection->simpleQuery('SELECT *\nFROM `...')
#3 C:\xampp\htdocs\proyecto_Martinez_Gonzalez\system\Database\BaseBuilder.php(1649): CodeIgniter\Database\BaseConnection->query('SELECT *\nFROM `...', Array, false)
#4 C:\xampp\htdocs\proyecto_Martinez_Gonzalez\system\Model.php(286): CodeIgniter\Database\BaseBuilder->get()
#5 C:\xampp\htdocs\proyecto_Martinez_Gonzalez\system\BaseModel.php(675): CodeIgniter\Model->doFindAll(0, 0)
#6 C:\xampp\htdocs\proyecto_Martinez_Gonzalez\app\Controllers\usuario_crud_controller.php(16): CodeIgniter\BaseModel->findAll()
#7 C:\xampp\htdocs\proyecto_Martinez_Gonzalez\system\CodeIgniter.php(933): App\Controllers\Usuario_crud_controller->index()
#8 C:\xampp\htdocs\proyecto_Martinez_Gonzalez\system\CodeIgniter.php(507): CodeIgniter\CodeIgniter->runController(Object(App\Controllers\Usuario_crud_controller))
#9 C:\xampp\htdocs\proyecto_Martinez_Gonzalez\system\CodeIgniter.php(354): CodeIgniter\CodeIgniter->handleRequest(NULL, Object(Config\Cache), false)
#10 C:\xampp\htdocs\proyecto_Martinez_Gonzalez\system\Boot.php(334): CodeIgniter\CodeIgniter->run()
#11 C:\xampp\htdocs\proyecto_Martinez_Gonzalez\system\Boot.php(67): CodeIgniter\Boot::runCodeIgniter(Object(CodeIgniter\CodeIgniter))
#12 C:\xampp\htdocs\proyecto_Martinez_Gonzalez\index.php(56): CodeIgniter\Boot::bootWeb(Object(Config\Paths))
#13 {main}
CRITICAL - 2025-06-18 13:45:42 --> Error: Call to a member function getResult() on bool
[Method: GET, Route: admin_usuarios]
in SYSTEMPATH\Model.php on line 287.
 1 SYSTEMPATH\BaseModel.php(675): CodeIgniter\Model->doFindAll(0, 0)
 2 APPPATH\Controllers\usuario_crud_controller.php(16): CodeIgniter\BaseModel->findAll()
 3 SYSTEMPATH\CodeIgniter.php(933): App\Controllers\Usuario_crud_controller->index()
 4 SYSTEMPATH\CodeIgniter.php(507): CodeIgniter\CodeIgniter->runController(Object(App\Controllers\Usuario_crud_controller))
 5 SYSTEMPATH\CodeIgniter.php(354): CodeIgniter\CodeIgniter->handleRequest(null, Object(Config\Cache), false)
 6 SYSTEMPATH\Boot.php(334): CodeIgniter\CodeIgniter->run()
 7 SYSTEMPATH\Boot.php(67): CodeIgniter\Boot::runCodeIgniter(Object(CodeIgniter\CodeIgniter))
 8 FCPATH\index.php(56): CodeIgniter\Boot::bootWeb(Object(Config\Paths))
ERROR - 2025-06-18 13:48:25 --> mysqli_sql_exception: Unknown column 'id_usuario' in 'order clause' in C:\xampp\htdocs\proyecto_Martinez_Gonzalez\system\Database\MySQLi\Connection.php:327
Stack trace:
#0 C:\xampp\htdocs\proyecto_Martinez_Gonzalez\system\Database\MySQLi\Connection.php(327): mysqli->query('SELECT *\nFROM `...', 0)
#1 C:\xampp\htdocs\proyecto_Martinez_Gonzalez\system\Database\BaseConnection.php(738): CodeIgniter\Database\MySQLi\Connection->execute('SELECT *\nFROM `...')
#2 C:\xampp\htdocs\proyecto_Martinez_Gonzalez\system\Database\BaseConnection.php(652): CodeIgniter\Database\BaseConnection->simpleQuery('SELECT *\nFROM `...')
#3 C:\xampp\htdocs\proyecto_Martinez_Gonzalez\system\Database\BaseBuilder.php(1649): CodeIgniter\Database\BaseConnection->query('SELECT *\nFROM `...', Array, false)
#4 C:\xampp\htdocs\proyecto_Martinez_Gonzalez\system\Model.php(286): CodeIgniter\Database\BaseBuilder->get()
#5 C:\xampp\htdocs\proyecto_Martinez_Gonzalez\system\BaseModel.php(675): CodeIgniter\Model->doFindAll(0, 0)
#6 C:\xampp\htdocs\proyecto_Martinez_Gonzalez\app\Controllers\usuario_crud_controller.php(16): CodeIgniter\BaseModel->findAll()
#7 C:\xampp\htdocs\proyecto_Martinez_Gonzalez\system\CodeIgniter.php(933): App\Controllers\Usuario_crud_controller->index()
#8 C:\xampp\htdocs\proyecto_Martinez_Gonzalez\system\CodeIgniter.php(507): CodeIgniter\CodeIgniter->runController(Object(App\Controllers\Usuario_crud_controller))
#9 C:\xampp\htdocs\proyecto_Martinez_Gonzalez\system\CodeIgniter.php(354): CodeIgniter\CodeIgniter->handleRequest(NULL, Object(Config\Cache), false)
#10 C:\xampp\htdocs\proyecto_Martinez_Gonzalez\system\Boot.php(334): CodeIgniter\CodeIgniter->run()
#11 C:\xampp\htdocs\proyecto_Martinez_Gonzalez\system\Boot.php(67): CodeIgniter\Boot::runCodeIgniter(Object(CodeIgniter\CodeIgniter))
#12 C:\xampp\htdocs\proyecto_Martinez_Gonzalez\index.php(56): CodeIgniter\Boot::bootWeb(Object(Config\Paths))
#13 {main}
CRITICAL - 2025-06-18 13:48:25 --> Error: Call to a member function getResult() on bool
[Method: GET, Route: admin_usuarios]
in SYSTEMPATH\Model.php on line 287.
 1 SYSTEMPATH\BaseModel.php(675): CodeIgniter\Model->doFindAll(0, 0)
 2 APPPATH\Controllers\usuario_crud_controller.php(16): CodeIgniter\BaseModel->findAll()
 3 SYSTEMPATH\CodeIgniter.php(933): App\Controllers\Usuario_crud_controller->index()
 4 SYSTEMPATH\CodeIgniter.php(507): CodeIgniter\CodeIgniter->runController(Object(App\Controllers\Usuario_crud_controller))
 5 SYSTEMPATH\CodeIgniter.php(354): CodeIgniter\CodeIgniter->handleRequest(null, Object(Config\Cache), false)
 6 SYSTEMPATH\Boot.php(334): CodeIgniter\CodeIgniter->run()
 7 SYSTEMPATH\Boot.php(67): CodeIgniter\Boot::runCodeIgniter(Object(CodeIgniter\CodeIgniter))
 8 FCPATH\index.php(56): CodeIgniter\Boot::bootWeb(Object(Config\Paths))
CRITICAL - 2025-06-18 14:00:03 --> ParseError: syntax error, unexpected token "<", expecting end of file
[Method: GET, Route: admin_usuarios]
in APPPATH\Views\front\admin_usuarios.php on line 2.
 1 SYSTEMPATH\View\View.php(227): CodeIgniter\View\View->CodeIgniter\View\{closure}()
 2 SYSTEMPATH\Common.php(1173): CodeIgniter\View\View->render('front/admin_usuarios', [], true)
 3 APPPATH\Controllers\usuario_crud_controller.php(21): view('front/admin_usuarios', [...])
 4 SYSTEMPATH\CodeIgniter.php(933): App\Controllers\Usuario_crud_controller->index()
 5 SYSTEMPATH\CodeIgniter.php(507): CodeIgniter\CodeIgniter->runController(Object(App\Controllers\Usuario_crud_controller))
 6 SYSTEMPATH\CodeIgniter.php(354): CodeIgniter\CodeIgniter->handleRequest(null, Object(Config\Cache), false)
 7 SYSTEMPATH\Boot.php(334): CodeIgniter\CodeIgniter->run()
 8 SYSTEMPATH\Boot.php(67): CodeIgniter\Boot::runCodeIgniter(Object(CodeIgniter\CodeIgniter))
 9 FCPATH\index.php(56): CodeIgniter\Boot::bootWeb(Object(Config\Paths))
CRITICAL - 2025-06-18 14:00:40 --> ErrorException: Undefined array key "id_usuario"
[Method: GET, Route: admin_usuarios]
in APPPATH\Views\front\admin_usuarios.php on line 29.
 1 APPPATH\Views\front\admin_usuarios.php(29): CodeIgniter\Debug\Exceptions->errorHandler(2, 'Undefined array key "id_usuario"', 'C:\\xampp\\htdocs\\proyecto_Martinez_Gonzalez\\app\\Views\\front\\admin_usuarios.php', 29)
 2 SYSTEMPATH\View\View.php(224): include('C:\\xampp\\htdocs\\proyecto_Martinez_Gonzalez\\app\\Views\\front\\admin_usuarios.php')
 3 SYSTEMPATH\View\View.php(227): CodeIgniter\View\View->CodeIgniter\View\{closure}()
 4 SYSTEMPATH\Common.php(1173): CodeIgniter\View\View->render('front/admin_usuarios', [], true)
 5 APPPATH\Controllers\usuario_crud_controller.php(21): view('front/admin_usuarios', [...])
 6 SYSTEMPATH\CodeIgniter.php(933): App\Controllers\Usuario_crud_controller->index()
 7 SYSTEMPATH\CodeIgniter.php(507): CodeIgniter\CodeIgniter->runController(Object(App\Controllers\Usuario_crud_controller))
 8 SYSTEMPATH\CodeIgniter.php(354): CodeIgniter\CodeIgniter->handleRequest(null, Object(Config\Cache), false)
 9 SYSTEMPATH\Boot.php(334): CodeIgniter\CodeIgniter->run()
10 SYSTEMPATH\Boot.php(67): CodeIgniter\Boot::runCodeIgniter(Object(CodeIgniter\CodeIgniter))
11 FCPATH\index.php(56): CodeIgniter\Boot::bootWeb(Object(Config\Paths))
CRITICAL - 2025-06-18 14:06:41 --> CodeIgniter\View\Exceptions\ViewException: Invalid file: "front/head_view.php"
[Method: POST, Route: store]
in SYSTEMPATH\Exceptions\FrameworkException.php on line 39.
 1 SYSTEMPATH\View\View.php(212): CodeIgniter\Exceptions\FrameworkException::forInvalidFile('front/head_view.php')
 2 SYSTEMPATH\Common.php(1173): CodeIgniter\View\View->render('front/head_view', [], true)
 3 APPPATH\Controllers\usuario_crud_controller.php(51): view('front/head_view', [...])
 4 SYSTEMPATH\CodeIgniter.php(933): App\Controllers\Usuario_crud_controller->store()
 5 SYSTEMPATH\CodeIgniter.php(507): CodeIgniter\CodeIgniter->runController(Object(App\Controllers\Usuario_crud_controller))
 6 SYSTEMPATH\CodeIgniter.php(354): CodeIgniter\CodeIgniter->handleRequest(null, Object(Config\Cache), false)
 7 SYSTEMPATH\Boot.php(334): CodeIgniter\CodeIgniter->run()
 8 SYSTEMPATH\Boot.php(67): CodeIgniter\Boot::runCodeIgniter(Object(CodeIgniter\CodeIgniter))
 9 FCPATH\index.php(56): CodeIgniter\Boot::bootWeb(Object(Config\Paths))
CRITICAL - 2025-06-18 20:07:20 --> CodeIgniter\Database\Exceptions\DatabaseException: Updates are not allowed unless they contain a "where" or "like" clause.
[Method: GET, Route: deletelogico/25]
in SYSTEMPATH\Model.php on line 456.
 1 SYSTEMPATH\BaseModel.php(1027): CodeIgniter\Model->doUpdate(null, [...])
 2 SYSTEMPATH\Model.php(863): CodeIgniter\BaseModel->update(null, [...])
 3 APPPATH\Controllers\usuario_crud_controller.php(110): CodeIgniter\Model->update(null, [...])
 4 SYSTEMPATH\CodeIgniter.php(933): App\Controllers\Usuario_crud_controller->deletelogico()
 5 SYSTEMPATH\CodeIgniter.php(507): CodeIgniter\CodeIgniter->runController(Object(App\Controllers\Usuario_crud_controller))
 6 SYSTEMPATH\CodeIgniter.php(354): CodeIgniter\CodeIgniter->handleRequest(null, Object(Config\Cache), false)
 7 SYSTEMPATH\Boot.php(334): CodeIgniter\CodeIgniter->run()
 8 SYSTEMPATH\Boot.php(67): CodeIgniter\Boot::runCodeIgniter(Object(CodeIgniter\CodeIgniter))
 9 FCPATH\index.php(56): CodeIgniter\Boot::bootWeb(Object(Config\Paths))
CRITICAL - 2025-06-18 20:07:34 --> CodeIgniter\Database\Exceptions\DatabaseException: Updates are not allowed unless they contain a "where" or "like" clause.
[Method: GET, Route: deletelogico/24]
in SYSTEMPATH\Model.php on line 456.
 1 SYSTEMPATH\BaseModel.php(1027): CodeIgniter\Model->doUpdate(null, [...])
 2 SYSTEMPATH\Model.php(863): CodeIgniter\BaseModel->update(null, [...])
 3 APPPATH\Controllers\usuario_crud_controller.php(110): CodeIgniter\Model->update(null, [...])
 4 SYSTEMPATH\CodeIgniter.php(933): App\Controllers\Usuario_crud_controller->deletelogico()
 5 SYSTEMPATH\CodeIgniter.php(507): CodeIgniter\CodeIgniter->runController(Object(App\Controllers\Usuario_crud_controller))
 6 SYSTEMPATH\CodeIgniter.php(354): CodeIgniter\CodeIgniter->handleRequest(null, Object(Config\Cache), false)
 7 SYSTEMPATH\Boot.php(334): CodeIgniter\CodeIgniter->run()
 8 SYSTEMPATH\Boot.php(67): CodeIgniter\Boot::runCodeIgniter(Object(CodeIgniter\CodeIgniter))
 9 FCPATH\index.php(56): CodeIgniter\Boot::bootWeb(Object(Config\Paths))
CRITICAL - 2025-06-18 20:08:41 --> CodeIgniter\Database\Exceptions\DatabaseException: Updates are not allowed unless they contain a "where" or "like" clause.
[Method: GET, Route: deletelogico/25]
in SYSTEMPATH\Model.php on line 456.
 1 SYSTEMPATH\BaseModel.php(1027): CodeIgniter\Model->doUpdate(null, [...])
 2 SYSTEMPATH\Model.php(863): CodeIgniter\BaseModel->update(null, [...])
 3 APPPATH\Controllers\usuario_crud_controller.php(108): CodeIgniter\Model->update(null, [...])
 4 SYSTEMPATH\CodeIgniter.php(933): App\Controllers\Usuario_crud_controller->deletelogico()
 5 SYSTEMPATH\CodeIgniter.php(507): CodeIgniter\CodeIgniter->runController(Object(App\Controllers\Usuario_crud_controller))
 6 SYSTEMPATH\CodeIgniter.php(354): CodeIgniter\CodeIgniter->handleRequest(null, Object(Config\Cache), false)
 7 SYSTEMPATH\Boot.php(334): CodeIgniter\CodeIgniter->run()
 8 SYSTEMPATH\Boot.php(67): CodeIgniter\Boot::runCodeIgniter(Object(CodeIgniter\CodeIgniter))
 9 FCPATH\index.php(56): CodeIgniter\Boot::bootWeb(Object(Config\Paths))
CRITICAL - 2025-06-18 20:12:57 --> CodeIgniter\Database\Exceptions\DatabaseException: Updates are not allowed unless they contain a "where" or "like" clause.
[Method: GET, Route: deletelogico/25]
in SYSTEMPATH\Model.php on line 456.
 1 SYSTEMPATH\BaseModel.php(1027): CodeIgniter\Model->doUpdate(null, [...])
 2 SYSTEMPATH\Model.php(863): CodeIgniter\BaseModel->update(null, [...])
 3 APPPATH\Controllers\usuario_crud_controller.php(108): CodeIgniter\Model->update(null, [...])
 4 SYSTEMPATH\CodeIgniter.php(933): App\Controllers\Usuario_crud_controller->deletelogico()
 5 SYSTEMPATH\CodeIgniter.php(507): CodeIgniter\CodeIgniter->runController(Object(App\Controllers\Usuario_crud_controller))
 6 SYSTEMPATH\CodeIgniter.php(354): CodeIgniter\CodeIgniter->handleRequest(null, Object(Config\Cache), false)
 7 SYSTEMPATH\Boot.php(334): CodeIgniter\CodeIgniter->run()
 8 SYSTEMPATH\Boot.php(67): CodeIgniter\Boot::runCodeIgniter(Object(CodeIgniter\CodeIgniter))
 9 FCPATH\index.php(56): CodeIgniter\Boot::bootWeb(Object(Config\Paths))
CRITICAL - 2025-06-18 20:38:06 --> ErrorException: Undefined variable $user
[Method: GET, Route: admin_usuarios]
in APPPATH\Views\front\admin_usuarios.php on line 100.
 1 APPPATH\Views\front\admin_usuarios.php(100): CodeIgniter\Debug\Exceptions->errorHandler(2, 'Undefined variable $user', 'C:\\xampp\\htdocs\\proyecto_Martinez_Gonzalez\\app\\Views\\front\\admin_usuarios.php', 100)
 2 SYSTEMPATH\View\View.php(224): include('C:\\xampp\\htdocs\\proyecto_Martinez_Gonzalez\\app\\Views\\front\\admin_usuarios.php')
 3 SYSTEMPATH\View\View.php(227): CodeIgniter\View\View->CodeIgniter\View\{closure}()
 4 SYSTEMPATH\Common.php(1173): CodeIgniter\View\View->render('front/admin_usuarios', [], true)
 5 APPPATH\Controllers\usuario_crud_controller.php(21): view('front/admin_usuarios', [...])
 6 SYSTEMPATH\CodeIgniter.php(933): App\Controllers\Usuario_crud_controller->index()
 7 SYSTEMPATH\CodeIgniter.php(507): CodeIgniter\CodeIgniter->runController(Object(App\Controllers\Usuario_crud_controller))
 8 SYSTEMPATH\CodeIgniter.php(354): CodeIgniter\CodeIgniter->handleRequest(null, Object(Config\Cache), false)
 9 SYSTEMPATH\Boot.php(334): CodeIgniter\CodeIgniter->run()
10 SYSTEMPATH\Boot.php(67): CodeIgniter\Boot::runCodeIgniter(Object(CodeIgniter\CodeIgniter))
11 FCPATH\index.php(56): CodeIgniter\Boot::bootWeb(Object(Config\Paths))
ERROR - 2025-06-18 20:43:36 --> mysqli_sql_exception: Cannot add or update a child row: a foreign key constraint fails (`bd_martinez_gonzalez`.`usuarios`, CONSTRAINT `usuarios_ibfk_1` FOREIGN KEY (`perfil_id`) REFERENCES `perfiles` (`id`)) in C:\xampp\htdocs\proyecto_Martinez_Gonzalez\system\Database\MySQLi\Connection.php:327
Stack trace:
#0 C:\xampp\htdocs\proyecto_Martinez_Gonzalez\system\Database\MySQLi\Connection.php(327): mysqli->query('UPDATE `usuario...', 0)
#1 C:\xampp\htdocs\proyecto_Martinez_Gonzalez\system\Database\BaseConnection.php(738): CodeIgniter\Database\MySQLi\Connection->execute('UPDATE `usuario...')
#2 C:\xampp\htdocs\proyecto_Martinez_Gonzalez\system\Database\BaseConnection.php(652): CodeIgniter\Database\BaseConnection->simpleQuery('UPDATE `usuario...')
#3 C:\xampp\htdocs\proyecto_Martinez_Gonzalez\system\Database\BaseBuilder.php(2521): CodeIgniter\Database\BaseConnection->query('UPDATE `usuario...', Array, false)
#4 C:\xampp\htdocs\proyecto_Martinez_Gonzalez\system\Model.php(461): CodeIgniter\Database\BaseBuilder->update()
#5 C:\xampp\htdocs\proyecto_Martinez_Gonzalez\system\BaseModel.php(1027): CodeIgniter\Model->doUpdate(Array, Array)
#6 C:\xampp\htdocs\proyecto_Martinez_Gonzalez\system\Model.php(863): CodeIgniter\BaseModel->update(Array, Array)
#7 C:\xampp\htdocs\proyecto_Martinez_Gonzalez\app\Controllers\usuario_crud_controller.php(100): CodeIgniter\Model->update('24', Array)
#8 C:\xampp\htdocs\proyecto_Martinez_Gonzalez\system\CodeIgniter.php(933): App\Controllers\Usuario_crud_controller->update()
#9 C:\xampp\htdocs\proyecto_Martinez_Gonzalez\system\CodeIgniter.php(507): CodeIgniter\CodeIgniter->runController(Object(App\Controllers\Usuario_crud_controller))
#10 C:\xampp\htdocs\proyecto_Martinez_Gonzalez\system\CodeIgniter.php(354): CodeIgniter\CodeIgniter->handleRequest(NULL, Object(Config\Cache), false)
#11 C:\xampp\htdocs\proyecto_Martinez_Gonzalez\system\Boot.php(334): CodeIgniter\CodeIgniter->run()
#12 C:\xampp\htdocs\proyecto_Martinez_Gonzalez\system\Boot.php(67): CodeIgniter\Boot::runCodeIgniter(Object(CodeIgniter\CodeIgniter))
#13 C:\xampp\htdocs\proyecto_Martinez_Gonzalez\index.php(56): CodeIgniter\Boot::bootWeb(Object(Config\Paths))
#14 {main}
ERROR - 2025-06-18 20:43:51 --> mysqli_sql_exception: Cannot add or update a child row: a foreign key constraint fails (`bd_martinez_gonzalez`.`usuarios`, CONSTRAINT `usuarios_ibfk_1` FOREIGN KEY (`perfil_id`) REFERENCES `perfiles` (`id`)) in C:\xampp\htdocs\proyecto_Martinez_Gonzalez\system\Database\MySQLi\Connection.php:327
Stack trace:
#0 C:\xampp\htdocs\proyecto_Martinez_Gonzalez\system\Database\MySQLi\Connection.php(327): mysqli->query('UPDATE `usuario...', 0)
#1 C:\xampp\htdocs\proyecto_Martinez_Gonzalez\system\Database\BaseConnection.php(738): CodeIgniter\Database\MySQLi\Connection->execute('UPDATE `usuario...')
#2 C:\xampp\htdocs\proyecto_Martinez_Gonzalez\system\Database\BaseConnection.php(652): CodeIgniter\Database\BaseConnection->simpleQuery('UPDATE `usuario...')
#3 C:\xampp\htdocs\proyecto_Martinez_Gonzalez\system\Database\BaseBuilder.php(2521): CodeIgniter\Database\BaseConnection->query('UPDATE `usuario...', Array, false)
#4 C:\xampp\htdocs\proyecto_Martinez_Gonzalez\system\Model.php(461): CodeIgniter\Database\BaseBuilder->update()
#5 C:\xampp\htdocs\proyecto_Martinez_Gonzalez\system\BaseModel.php(1027): CodeIgniter\Model->doUpdate(Array, Array)
#6 C:\xampp\htdocs\proyecto_Martinez_Gonzalez\system\Model.php(863): CodeIgniter\BaseModel->update(Array, Array)
#7 C:\xampp\htdocs\proyecto_Martinez_Gonzalez\app\Controllers\usuario_crud_controller.php(100): CodeIgniter\Model->update('24', Array)
#8 C:\xampp\htdocs\proyecto_Martinez_Gonzalez\system\CodeIgniter.php(933): App\Controllers\Usuario_crud_controller->update()
#9 C:\xampp\htdocs\proyecto_Martinez_Gonzalez\system\CodeIgniter.php(507): CodeIgniter\CodeIgniter->runController(Object(App\Controllers\Usuario_crud_controller))
#10 C:\xampp\htdocs\proyecto_Martinez_Gonzalez\system\CodeIgniter.php(354): CodeIgniter\CodeIgniter->handleRequest(NULL, Object(Config\Cache), false)
#11 C:\xampp\htdocs\proyecto_Martinez_Gonzalez\system\Boot.php(334): CodeIgniter\CodeIgniter->run()
#12 C:\xampp\htdocs\proyecto_Martinez_Gonzalez\system\Boot.php(67): CodeIgniter\Boot::runCodeIgniter(Object(CodeIgniter\CodeIgniter))
#13 C:\xampp\htdocs\proyecto_Martinez_Gonzalez\index.php(56): CodeIgniter\Boot::bootWeb(Object(Config\Paths))
#14 {main}
CRITICAL - 2025-06-18 22:21:15 --> ErrorException: Undefined array key "fecha"
[Method: GET, Route: detalle-venta/6]
in APPPATH\Controllers\VentasController.php on line 208.
 1 APPPATH\Controllers\VentasController.php(208): CodeIgniter\Debug\Exceptions->errorHandler(2, 'Undefined array key "fecha"', 'C:\\xampp\\htdocs\\proyecto_Martinez_Gonzalez\\app\\Controllers\\VentasController.php', 208)
 2 SYSTEMPATH\CodeIgniter.php(933): App\Controllers\Ventascontroller->detalle_venta('6')
 3 SYSTEMPATH\CodeIgniter.php(507): CodeIgniter\CodeIgniter->runController(Object(App\Controllers\Ventascontroller))
 4 SYSTEMPATH\CodeIgniter.php(354): CodeIgniter\CodeIgniter->handleRequest(null, Object(Config\Cache), false)
 5 SYSTEMPATH\Boot.php(334): CodeIgniter\CodeIgniter->run()
 6 SYSTEMPATH\Boot.php(67): CodeIgniter\Boot::runCodeIgniter(Object(CodeIgniter\CodeIgniter))
 7 FCPATH\index.php(56): CodeIgniter\Boot::bootWeb(Object(Config\Paths))
CRITICAL - 2025-06-18 22:25:10 --> TypeError: number_format(): Argument #1 ($num) must be of type float, string given
[Method: GET, Route: detalle-venta/6]
in APPPATH\Views\front\detalle_ventas.php on line 23.
 1 APPPATH\Views\front\detalle_ventas.php(23): number_format('', 2, ',', '.')
 2 SYSTEMPATH\View\View.php(224): include('C:\\xampp\\htdocs\\proyecto_Martinez_Gonzalez\\app\\Views\\front\\detalle_ventas.php')
 3 SYSTEMPATH\View\View.php(227): CodeIgniter\View\View->CodeIgniter\View\{closure}()
 4 SYSTEMPATH\Common.php(1173): CodeIgniter\View\View->render('front/detalle_ventas', [], true)
 5 APPPATH\Controllers\VentasController.php(234): view('front/detalle_ventas', [...])
 6 SYSTEMPATH\CodeIgniter.php(933): App\Controllers\Ventascontroller->detalle_venta('6')
 7 SYSTEMPATH\CodeIgniter.php(507): CodeIgniter\CodeIgniter->runController(Object(App\Controllers\Ventascontroller))
 8 SYSTEMPATH\CodeIgniter.php(354): CodeIgniter\CodeIgniter->handleRequest(null, Object(Config\Cache), false)
 9 SYSTEMPATH\Boot.php(334): CodeIgniter\CodeIgniter->run()
10 SYSTEMPATH\Boot.php(67): CodeIgniter\Boot::runCodeIgniter(Object(CodeIgniter\CodeIgniter))
11 FCPATH\index.php(56): CodeIgniter\Boot::bootWeb(Object(Config\Paths))
CRITICAL - 2025-06-18 22:53:30 --> ErrorException: Undefined variable $venta
[Method: GET, Route: detalle-venta/5]
in APPPATH\Views\front\vista_compras.php on line 55.
 1 APPPATH\Views\front\vista_compras.php(55): CodeIgniter\Debug\Exceptions->errorHandler(2, 'Undefined variable $venta', 'C:\\xampp\\htdocs\\proyecto_Martinez_Gonzalez\\app\\Views\\front\\vista_compras.php', 55)
 2 SYSTEMPATH\View\View.php(224): include('C:\\xampp\\htdocs\\proyecto_Martinez_Gonzalez\\app\\Views\\front\\vista_compras.php')
 3 SYSTEMPATH\View\View.php(227): CodeIgniter\View\View->CodeIgniter\View\{closure}()
 4 SYSTEMPATH\Common.php(1173): CodeIgniter\View\View->render('front/vista_compras', [], true)
 5 APPPATH\Controllers\VentasController.php(219): view('front/vista_compras', [...])
 6 SYSTEMPATH\CodeIgniter.php(933): App\Controllers\Ventascontroller->detalle_venta('5')
 7 SYSTEMPATH\CodeIgniter.php(507): CodeIgniter\CodeIgniter->runController(Object(App\Controllers\Ventascontroller))
 8 SYSTEMPATH\CodeIgniter.php(354): CodeIgniter\CodeIgniter->handleRequest(null, Object(Config\Cache), false)
 9 SYSTEMPATH\Boot.php(334): CodeIgniter\CodeIgniter->run()
10 SYSTEMPATH\Boot.php(67): CodeIgniter\Boot::runCodeIgniter(Object(CodeIgniter\CodeIgniter))
11 FCPATH\index.php(56): CodeIgniter\Boot::bootWeb(Object(Config\Paths))
ERROR - 2025-06-18 23:17:53 --> SQL getDetalles: SELECT `ventas_detalle`.`id`, `ventas_detalle`.`venta_id`, `ventas_detalle`.`producto_id`, `ventas_detalle`.`cantidad`, `ventas_detalle`.`precio`, `productos`.`nombre_prod`, `productos`.`imagen`, `productos`.`precio_vta`
FROM `ventas_detalle`
LEFT JOIN `productos` ON `productos`.`id` = `ventas_detalle`.`producto_id`
WHERE `ventas_detalle`.`venta_id` = '6'
ORDER BY `ventas_detalle`.`id` ASC
ERROR - 2025-06-18 23:17:53 --> RESULTADO getDetalles: Array
(
    [0] => Array
        (
            [id] => 1
            [venta_id] => 1
            [producto_id] => 16
            [cantidad] => 6
            [precio] => 360000.00
        )

    [1] => Array
        (
            [id] => 2
            [venta_id] => 1
            [producto_id] => 22
            [cantidad] => 6
            [precio] => 1068000.00
        )

    [2] => Array
        (
            [id] => 3
            [venta_id] => 2
            [producto_id] => 16
            [cantidad] => 1
            [precio] => 60000.00
        )

    [3] => Array
        (
            [id] => 4
            [venta_id] => 3
            [producto_id] => 15
            [cantidad] => 1
            [precio] => 33500.00
        )

    [4] => Array
        (
            [id] => 5
            [venta_id] => 4
            [producto_id] => 15
            [cantidad] => 1
            [precio] => 33500.00
        )

    [5] => Array
        (
            [id] => 6
            [venta_id] => 5
            [producto_id] => 15
            [cantidad] => 4
            [precio] => 134000.00
        )

    [6] => Array
        (
            [id] => 7
            [venta_id] => 5
            [producto_id] => 17
            [cantidad] => 1
            [precio] => 110000.00
        )

    [7] => Array
        (
            [id] => 8
            [venta_id] => 5
            [producto_id] => 16
            [cantidad] => 2
            [precio] => 120000.00
        )

    [8] => Array
        (
            [id] => 9
            [venta_id] => 6
            [producto_id] => 17
            [cantidad] => 1
            [precio] => 110000.00
        )

)

ERROR - 2025-06-18 23:22:56 --> SQL getDetalles: SELECT `ventas_detalle`.`id`, `ventas_detalle`.`venta_id`, `ventas_detalle`.`producto_id`, `ventas_detalle`.`cantidad`, `ventas_detalle`.`precio`, `productos`.`nombre_prod`, `productos`.`imagen`, `productos`.`precio_vta`
FROM `ventas_detalle`
LEFT JOIN `productos` ON `productos`.`id` = `ventas_detalle`.`producto_id`
WHERE `ventas_detalle`.`venta_id` = '6'
ORDER BY `ventas_detalle`.`id` ASC
ERROR - 2025-06-18 23:22:56 --> RESULTADO getDetalles: Array
(
    [0] => Array
        (
            [id] => 1
            [venta_id] => 1
            [producto_id] => 16
            [cantidad] => 6
            [precio] => 360000.00
        )

    [1] => Array
        (
            [id] => 2
            [venta_id] => 1
            [producto_id] => 22
            [cantidad] => 6
            [precio] => 1068000.00
        )

    [2] => Array
        (
            [id] => 3
            [venta_id] => 2
            [producto_id] => 16
            [cantidad] => 1
            [precio] => 60000.00
        )

    [3] => Array
        (
            [id] => 4
            [venta_id] => 3
            [producto_id] => 15
            [cantidad] => 1
            [precio] => 33500.00
        )

    [4] => Array
        (
            [id] => 5
            [venta_id] => 4
            [producto_id] => 15
            [cantidad] => 1
            [precio] => 33500.00
        )

    [5] => Array
        (
            [id] => 6
            [venta_id] => 5
            [producto_id] => 15
            [cantidad] => 4
            [precio] => 134000.00
        )

    [6] => Array
        (
            [id] => 7
            [venta_id] => 5
            [producto_id] => 17
            [cantidad] => 1
            [precio] => 110000.00
        )

    [7] => Array
        (
            [id] => 8
            [venta_id] => 5
            [producto_id] => 16
            [cantidad] => 2
            [precio] => 120000.00
        )

    [8] => Array
        (
            [id] => 9
            [venta_id] => 6
            [producto_id] => 17
            [cantidad] => 1
            [precio] => 110000.00
        )

)

ERROR - 2025-06-18 23:25:08 --> SQL getDetalles: SELECT `ventas_detalle`.`id`, `ventas_detalle`.`venta_id`, `ventas_detalle`.`producto_id`, `ventas_detalle`.`cantidad`, `ventas_detalle`.`precio`, `productos`.`nombre_prod`, `productos`.`imagen`, `productos`.`precio_vta`
FROM `ventas_detalle`
LEFT JOIN `productos` ON `productos`.`id` = `ventas_detalle`.`producto_id`
WHERE `ventas_detalle`.`venta_id` = 6
ORDER BY `ventas_detalle`.`id` ASC
ERROR - 2025-06-18 23:25:08 --> RESULTADO getDetalles: Array
(
    [0] => Array
        (
            [id] => 1
            [venta_id] => 1
            [producto_id] => 16
            [cantidad] => 6
            [precio] => 360000.00
        )

    [1] => Array
        (
            [id] => 2
            [venta_id] => 1
            [producto_id] => 22
            [cantidad] => 6
            [precio] => 1068000.00
        )

    [2] => Array
        (
            [id] => 3
            [venta_id] => 2
            [producto_id] => 16
            [cantidad] => 1
            [precio] => 60000.00
        )

    [3] => Array
        (
            [id] => 4
            [venta_id] => 3
            [producto_id] => 15
            [cantidad] => 1
            [precio] => 33500.00
        )

    [4] => Array
        (
            [id] => 5
            [venta_id] => 4
            [producto_id] => 15
            [cantidad] => 1
            [precio] => 33500.00
        )

    [5] => Array
        (
            [id] => 6
            [venta_id] => 5
            [producto_id] => 15
            [cantidad] => 4
            [precio] => 134000.00
        )

    [6] => Array
        (
            [id] => 7
            [venta_id] => 5
            [producto_id] => 17
            [cantidad] => 1
            [precio] => 110000.00
        )

    [7] => Array
        (
            [id] => 8
            [venta_id] => 5
            [producto_id] => 16
            [cantidad] => 2
            [precio] => 120000.00
        )

    [8] => Array
        (
            [id] => 9
            [venta_id] => 6
            [producto_id] => 17
            [cantidad] => 1
            [precio] => 110000.00
        )

)

ERROR - 2025-06-18 23:26:02 --> SQL getDetalles: SELECT `ventas_detalle`.`id`, `ventas_detalle`.`venta_id`, `ventas_detalle`.`producto_id`, `ventas_detalle`.`cantidad`, `ventas_detalle`.`precio`, `productos`.`nombre_prod`, `productos`.`imagen`, `productos`.`precio_vta`
FROM `ventas_detalle`
LEFT JOIN `productos` ON `productos`.`id` = `ventas_detalle`.`producto_id`
WHERE `ventas_detalle`.`venta_id` = 2
ORDER BY `ventas_detalle`.`id` ASC
ERROR - 2025-06-18 23:26:02 --> RESULTADO getDetalles: Array
(
    [0] => Array
        (
            [id] => 1
            [venta_id] => 1
            [producto_id] => 16
            [cantidad] => 6
            [precio] => 360000.00
        )

    [1] => Array
        (
            [id] => 2
            [venta_id] => 1
            [producto_id] => 22
            [cantidad] => 6
            [precio] => 1068000.00
        )

    [2] => Array
        (
            [id] => 3
            [venta_id] => 2
            [producto_id] => 16
            [cantidad] => 1
            [precio] => 60000.00
        )

    [3] => Array
        (
            [id] => 4
            [venta_id] => 3
            [producto_id] => 15
            [cantidad] => 1
            [precio] => 33500.00
        )

    [4] => Array
        (
            [id] => 5
            [venta_id] => 4
            [producto_id] => 15
            [cantidad] => 1
            [precio] => 33500.00
        )

    [5] => Array
        (
            [id] => 6
            [venta_id] => 5
            [producto_id] => 15
            [cantidad] => 4
            [precio] => 134000.00
        )

    [6] => Array
        (
            [id] => 7
            [venta_id] => 5
            [producto_id] => 17
            [cantidad] => 1
            [precio] => 110000.00
        )

    [7] => Array
        (
            [id] => 8
            [venta_id] => 5
            [producto_id] => 16
            [cantidad] => 2
            [precio] => 120000.00
        )

    [8] => Array
        (
            [id] => 9
            [venta_id] => 6
            [producto_id] => 17
            [cantidad] => 1
            [precio] => 110000.00
        )

)

ERROR - 2025-06-18 23:29:43 --> ADMIN detalle_venta: $venta_id=5
ERROR - 2025-06-18 23:29:43 --> SQL getDetalles: SELECT `ventas_detalle`.`id`, `ventas_detalle`.`venta_id`, `ventas_detalle`.`producto_id`, `ventas_detalle`.`cantidad`, `ventas_detalle`.`precio`, `productos`.`nombre_prod`, `productos`.`imagen`, `productos`.`precio_vta`
FROM `ventas_detalle`
LEFT JOIN `productos` ON `productos`.`id` = `ventas_detalle`.`producto_id`
WHERE `ventas_detalle`.`venta_id` = 5
ORDER BY `ventas_detalle`.`id` ASC
ERROR - 2025-06-18 23:29:43 --> RESULTADO getDetalles: Array
(
    [0] => Array
        (
            [id] => 1
            [venta_id] => 1
            [producto_id] => 16
            [cantidad] => 6
            [precio] => 360000.00
        )

    [1] => Array
        (
            [id] => 2
            [venta_id] => 1
            [producto_id] => 22
            [cantidad] => 6
            [precio] => 1068000.00
        )

    [2] => Array
        (
            [id] => 3
            [venta_id] => 2
            [producto_id] => 16
            [cantidad] => 1
            [precio] => 60000.00
        )

    [3] => Array
        (
            [id] => 4
            [venta_id] => 3
            [producto_id] => 15
            [cantidad] => 1
            [precio] => 33500.00
        )

    [4] => Array
        (
            [id] => 5
            [venta_id] => 4
            [producto_id] => 15
            [cantidad] => 1
            [precio] => 33500.00
        )

    [5] => Array
        (
            [id] => 6
            [venta_id] => 5
            [producto_id] => 15
            [cantidad] => 4
            [precio] => 134000.00
        )

    [6] => Array
        (
            [id] => 7
            [venta_id] => 5
            [producto_id] => 17
            [cantidad] => 1
            [precio] => 110000.00
        )

    [7] => Array
        (
            [id] => 8
            [venta_id] => 5
            [producto_id] => 16
            [cantidad] => 2
            [precio] => 120000.00
        )

    [8] => Array
        (
            [id] => 9
            [venta_id] => 6
            [producto_id] => 17
            [cantidad] => 1
            [precio] => 110000.00
        )

)

ERROR - 2025-06-18 23:32:30 --> ADMIN detalle_venta: $venta_id=6
ERROR - 2025-06-18 23:32:30 --> SQL getDetalles: SELECT `ventas_detalle`.`id`, `ventas_detalle`.`venta_id`, `ventas_detalle`.`producto_id`, `ventas_detalle`.`cantidad`, `ventas_detalle`.`precio`, `productos`.`nombre_prod`, `productos`.`imagen`, `productos`.`precio_vta`
FROM `ventas_detalle`
LEFT JOIN `productos` ON `productos`.`id` = `ventas_detalle`.`producto_id`
WHERE `ventas_detalle`.`venta_id` = 6
ORDER BY `ventas_detalle`.`id` ASC
ERROR - 2025-06-18 23:32:30 --> RESULTADO getDetalles: Array
(
    [0] => Array
        (
            [id] => 1
            [venta_id] => 1
            [producto_id] => 16
            [cantidad] => 6
            [precio] => 360000.00
        )

    [1] => Array
        (
            [id] => 2
            [venta_id] => 1
            [producto_id] => 22
            [cantidad] => 6
            [precio] => 1068000.00
        )

    [2] => Array
        (
            [id] => 3
            [venta_id] => 2
            [producto_id] => 16
            [cantidad] => 1
            [precio] => 60000.00
        )

    [3] => Array
        (
            [id] => 4
            [venta_id] => 3
            [producto_id] => 15
            [cantidad] => 1
            [precio] => 33500.00
        )

    [4] => Array
        (
            [id] => 5
            [venta_id] => 4
            [producto_id] => 15
            [cantidad] => 1
            [precio] => 33500.00
        )

    [5] => Array
        (
            [id] => 6
            [venta_id] => 5
            [producto_id] => 15
            [cantidad] => 4
            [precio] => 134000.00
        )

    [6] => Array
        (
            [id] => 7
            [venta_id] => 5
            [producto_id] => 17
            [cantidad] => 1
            [precio] => 110000.00
        )

    [7] => Array
        (
            [id] => 8
            [venta_id] => 5
            [producto_id] => 16
            [cantidad] => 2
            [precio] => 120000.00
        )

    [8] => Array
        (
            [id] => 9
            [venta_id] => 6
            [producto_id] => 17
            [cantidad] => 1
            [precio] => 110000.00
        )

)

ERROR - 2025-06-18 23:37:26 --> ADMIN detalle_venta: $venta_id=6
ERROR - 2025-06-18 23:37:26 --> SQL getDetalles: SELECT `ventas_detalle`.`id`, `ventas_detalle`.`venta_id`, `ventas_detalle`.`producto_id`, `ventas_detalle`.`cantidad`, `ventas_detalle`.`precio`, `productos`.`nombre_prod`, `productos`.`imagen`, `productos`.`precio_vta`
FROM `ventas_detalle`
LEFT JOIN `productos` ON `productos`.`id` = `ventas_detalle`.`producto_id`
WHERE `ventas_detalle`.`venta_id` = 6
ORDER BY `ventas_detalle`.`id` ASC
ERROR - 2025-06-18 23:37:26 --> RESULTADO getDetalles: Array
(
    [0] => Array
        (
            [id] => 1
            [venta_id] => 1
            [producto_id] => 16
            [cantidad] => 6
            [precio] => 360000.00
        )

    [1] => Array
        (
            [id] => 2
            [venta_id] => 1
            [producto_id] => 22
            [cantidad] => 6
            [precio] => 1068000.00
        )

    [2] => Array
        (
            [id] => 3
            [venta_id] => 2
            [producto_id] => 16
            [cantidad] => 1
            [precio] => 60000.00
        )

    [3] => Array
        (
            [id] => 4
            [venta_id] => 3
            [producto_id] => 15
            [cantidad] => 1
            [precio] => 33500.00
        )

    [4] => Array
        (
            [id] => 5
            [venta_id] => 4
            [producto_id] => 15
            [cantidad] => 1
            [precio] => 33500.00
        )

    [5] => Array
        (
            [id] => 6
            [venta_id] => 5
            [producto_id] => 15
            [cantidad] => 4
            [precio] => 134000.00
        )

    [6] => Array
        (
            [id] => 7
            [venta_id] => 5
            [producto_id] => 17
            [cantidad] => 1
            [precio] => 110000.00
        )

    [7] => Array
        (
            [id] => 8
            [venta_id] => 5
            [producto_id] => 16
            [cantidad] => 2
            [precio] => 120000.00
        )

    [8] => Array
        (
            [id] => 9
            [venta_id] => 6
            [producto_id] => 17
            [cantidad] => 1
            [precio] => 110000.00
        )

)

ERROR - 2025-06-18 23:39:44 --> ADMIN detalle_venta: $venta_id=2
ERROR - 2025-06-18 23:39:44 --> SQL getDetalles: SELECT `ventas_detalle`.`id`, `ventas_detalle`.`venta_id`, `ventas_detalle`.`producto_id`, `ventas_detalle`.`cantidad`, `ventas_detalle`.`precio`, `productos`.`nombre_prod`, `productos`.`imagen`, `productos`.`precio_vta`
FROM `ventas_detalle`
LEFT JOIN `productos` ON `productos`.`id` = `ventas_detalle`.`producto_id`
WHERE `ventas_detalle`.`venta_id` = 2
ORDER BY `ventas_detalle`.`id` ASC
ERROR - 2025-06-18 23:39:44 --> RESULTADO getDetalles: Array
(
    [0] => Array
        (
            [id] => 1
            [venta_id] => 1
            [producto_id] => 16
            [cantidad] => 6
            [precio] => 360000.00
        )

    [1] => Array
        (
            [id] => 2
            [venta_id] => 1
            [producto_id] => 22
            [cantidad] => 6
            [precio] => 1068000.00
        )

    [2] => Array
        (
            [id] => 3
            [venta_id] => 2
            [producto_id] => 16
            [cantidad] => 1
            [precio] => 60000.00
        )

    [3] => Array
        (
            [id] => 4
            [venta_id] => 3
            [producto_id] => 15
            [cantidad] => 1
            [precio] => 33500.00
        )

    [4] => Array
        (
            [id] => 5
            [venta_id] => 4
            [producto_id] => 15
            [cantidad] => 1
            [precio] => 33500.00
        )

    [5] => Array
        (
            [id] => 6
            [venta_id] => 5
            [producto_id] => 15
            [cantidad] => 4
            [precio] => 134000.00
        )

    [6] => Array
        (
            [id] => 7
            [venta_id] => 5
            [producto_id] => 17
            [cantidad] => 1
            [precio] => 110000.00
        )

    [7] => Array
        (
            [id] => 8
            [venta_id] => 5
            [producto_id] => 16
            [cantidad] => 2
            [precio] => 120000.00
        )

    [8] => Array
        (
            [id] => 9
            [venta_id] => 6
            [producto_id] => 17
            [cantidad] => 1
            [precio] => 110000.00
        )

)

ERROR - 2025-06-18 23:43:42 --> ADMIN detalle_venta: $venta_id=4
ERROR - 2025-06-18 23:43:42 --> SQL getDetalles: SELECT `ventas_detalle`.`id`, `ventas_detalle`.`venta_id`, `ventas_detalle`.`producto_id`, `ventas_detalle`.`cantidad`, `ventas_detalle`.`precio`, `productos`.`nombre_prod`, `productos`.`imagen`, `productos`.`precio_vta`
FROM `ventas_detalle`
LEFT JOIN `productos` ON `productos`.`id` = `ventas_detalle`.`producto_id`
WHERE `ventas_detalle`.`venta_id` = 4
ORDER BY `ventas_detalle`.`id` ASC
ERROR - 2025-06-18 23:43:42 --> RESULTADO getDetalles: Array
(
    [0] => Array
        (
            [id] => 1
            [venta_id] => 1
            [producto_id] => 16
            [cantidad] => 6
            [precio] => 360000.00
        )

    [1] => Array
        (
            [id] => 2
            [venta_id] => 1
            [producto_id] => 22
            [cantidad] => 6
            [precio] => 1068000.00
        )

    [2] => Array
        (
            [id] => 3
            [venta_id] => 2
            [producto_id] => 16
            [cantidad] => 1
            [precio] => 60000.00
        )

    [3] => Array
        (
            [id] => 4
            [venta_id] => 3
            [producto_id] => 15
            [cantidad] => 1
            [precio] => 33500.00
        )

    [4] => Array
        (
            [id] => 5
            [venta_id] => 4
            [producto_id] => 15
            [cantidad] => 1
            [precio] => 33500.00
        )

    [5] => Array
        (
            [id] => 6
            [venta_id] => 5
            [producto_id] => 15
            [cantidad] => 4
            [precio] => 134000.00
        )

    [6] => Array
        (
            [id] => 7
            [venta_id] => 5
            [producto_id] => 17
            [cantidad] => 1
            [precio] => 110000.00
        )

    [7] => Array
        (
            [id] => 8
            [venta_id] => 5
            [producto_id] => 16
            [cantidad] => 2
            [precio] => 120000.00
        )

    [8] => Array
        (
            [id] => 9
            [venta_id] => 6
            [producto_id] => 17
            [cantidad] => 1
            [precio] => 110000.00
        )

)

ERROR - 2025-06-18 23:44:14 --> ADMIN detalle_venta: $venta_id=3
ERROR - 2025-06-18 23:44:14 --> SQL getDetalles: SELECT `ventas_detalle`.`id`, `ventas_detalle`.`venta_id`, `ventas_detalle`.`producto_id`, `ventas_detalle`.`cantidad`, `ventas_detalle`.`precio`, `productos`.`nombre_prod`, `productos`.`imagen`, `productos`.`precio_vta`
FROM `ventas_detalle`
LEFT JOIN `productos` ON `productos`.`id` = `ventas_detalle`.`producto_id`
WHERE `ventas_detalle`.`venta_id` = 3
ORDER BY `ventas_detalle`.`id` ASC
ERROR - 2025-06-18 23:44:14 --> RESULTADO getDetalles: Array
(
    [0] => Array
        (
            [id] => 1
            [venta_id] => 1
            [producto_id] => 16
            [cantidad] => 6
            [precio] => 360000.00
        )

    [1] => Array
        (
            [id] => 2
            [venta_id] => 1
            [producto_id] => 22
            [cantidad] => 6
            [precio] => 1068000.00
        )

    [2] => Array
        (
            [id] => 3
            [venta_id] => 2
            [producto_id] => 16
            [cantidad] => 1
            [precio] => 60000.00
        )

    [3] => Array
        (
            [id] => 4
            [venta_id] => 3
            [producto_id] => 15
            [cantidad] => 1
            [precio] => 33500.00
        )

    [4] => Array
        (
            [id] => 5
            [venta_id] => 4
            [producto_id] => 15
            [cantidad] => 1
            [precio] => 33500.00
        )

    [5] => Array
        (
            [id] => 6
            [venta_id] => 5
            [producto_id] => 15
            [cantidad] => 4
            [precio] => 134000.00
        )

    [6] => Array
        (
            [id] => 7
            [venta_id] => 5
            [producto_id] => 17
            [cantidad] => 1
            [precio] => 110000.00
        )

    [7] => Array
        (
            [id] => 8
            [venta_id] => 5
            [producto_id] => 16
            [cantidad] => 2
            [precio] => 120000.00
        )

    [8] => Array
        (
            [id] => 9
            [venta_id] => 6
            [producto_id] => 17
            [cantidad] => 1
            [precio] => 110000.00
        )

)

ERROR - 2025-06-18 23:44:21 --> ADMIN detalle_venta: $venta_id=5
ERROR - 2025-06-18 23:44:21 --> SQL getDetalles: SELECT `ventas_detalle`.`id`, `ventas_detalle`.`venta_id`, `ventas_detalle`.`producto_id`, `ventas_detalle`.`cantidad`, `ventas_detalle`.`precio`, `productos`.`nombre_prod`, `productos`.`imagen`, `productos`.`precio_vta`
FROM `ventas_detalle`
LEFT JOIN `productos` ON `productos`.`id` = `ventas_detalle`.`producto_id`
WHERE `ventas_detalle`.`venta_id` = 5
ORDER BY `ventas_detalle`.`id` ASC
ERROR - 2025-06-18 23:44:21 --> RESULTADO getDetalles: Array
(
    [0] => Array
        (
            [id] => 1
            [venta_id] => 1
            [producto_id] => 16
            [cantidad] => 6
            [precio] => 360000.00
        )

    [1] => Array
        (
            [id] => 2
            [venta_id] => 1
            [producto_id] => 22
            [cantidad] => 6
            [precio] => 1068000.00
        )

    [2] => Array
        (
            [id] => 3
            [venta_id] => 2
            [producto_id] => 16
            [cantidad] => 1
            [precio] => 60000.00
        )

    [3] => Array
        (
            [id] => 4
            [venta_id] => 3
            [producto_id] => 15
            [cantidad] => 1
            [precio] => 33500.00
        )

    [4] => Array
        (
            [id] => 5
            [venta_id] => 4
            [producto_id] => 15
            [cantidad] => 1
            [precio] => 33500.00
        )

    [5] => Array
        (
            [id] => 6
            [venta_id] => 5
            [producto_id] => 15
            [cantidad] => 4
            [precio] => 134000.00
        )

    [6] => Array
        (
            [id] => 7
            [venta_id] => 5
            [producto_id] => 17
            [cantidad] => 1
            [precio] => 110000.00
        )

    [7] => Array
        (
            [id] => 8
            [venta_id] => 5
            [producto_id] => 16
            [cantidad] => 2
            [precio] => 120000.00
        )

    [8] => Array
        (
            [id] => 9
            [venta_id] => 6
            [producto_id] => 17
            [cantidad] => 1
            [precio] => 110000.00
        )

)

ERROR - 2025-06-18 23:46:00 --> ADMIN detalle_venta: $venta_id=3
ERROR - 2025-06-18 23:46:00 --> SQL getDetalles: SELECT `ventas_detalle`.`id`, `ventas_detalle`.`venta_id`, `ventas_detalle`.`producto_id`, `ventas_detalle`.`cantidad`, `ventas_detalle`.`precio`, `productos`.`nombre_prod`, `productos`.`imagen`, `productos`.`precio_vta`
FROM `ventas_detalle`
LEFT JOIN `productos` ON `productos`.`id` = `ventas_detalle`.`producto_id`
WHERE `ventas_detalle`.`venta_id` = 3
ORDER BY `ventas_detalle`.`id` ASC
ERROR - 2025-06-18 23:46:00 --> RESULTADO getDetalles: Array
(
    [0] => Array
        (
            [id] => 1
            [venta_id] => 1
            [producto_id] => 16
            [cantidad] => 6
            [precio] => 360000.00
        )

    [1] => Array
        (
            [id] => 2
            [venta_id] => 1
            [producto_id] => 22
            [cantidad] => 6
            [precio] => 1068000.00
        )

    [2] => Array
        (
            [id] => 3
            [venta_id] => 2
            [producto_id] => 16
            [cantidad] => 1
            [precio] => 60000.00
        )

    [3] => Array
        (
            [id] => 4
            [venta_id] => 3
            [producto_id] => 15
            [cantidad] => 1
            [precio] => 33500.00
        )

    [4] => Array
        (
            [id] => 5
            [venta_id] => 4
            [producto_id] => 15
            [cantidad] => 1
            [precio] => 33500.00
        )

    [5] => Array
        (
            [id] => 6
            [venta_id] => 5
            [producto_id] => 15
            [cantidad] => 4
            [precio] => 134000.00
        )

    [6] => Array
        (
            [id] => 7
            [venta_id] => 5
            [producto_id] => 17
            [cantidad] => 1
            [precio] => 110000.00
        )

    [7] => Array
        (
            [id] => 8
            [venta_id] => 5
            [producto_id] => 16
            [cantidad] => 2
            [precio] => 120000.00
        )

    [8] => Array
        (
            [id] => 9
            [venta_id] => 6
            [producto_id] => 17
            [cantidad] => 1
            [precio] => 110000.00
        )

)

ERROR - 2025-06-18 23:46:12 --> ADMIN detalle_venta: $venta_id=5
ERROR - 2025-06-18 23:46:12 --> SQL getDetalles: SELECT `ventas_detalle`.`id`, `ventas_detalle`.`venta_id`, `ventas_detalle`.`producto_id`, `ventas_detalle`.`cantidad`, `ventas_detalle`.`precio`, `productos`.`nombre_prod`, `productos`.`imagen`, `productos`.`precio_vta`
FROM `ventas_detalle`
LEFT JOIN `productos` ON `productos`.`id` = `ventas_detalle`.`producto_id`
WHERE `ventas_detalle`.`venta_id` = 5
ORDER BY `ventas_detalle`.`id` ASC
ERROR - 2025-06-18 23:46:12 --> RESULTADO getDetalles: Array
(
    [0] => Array
        (
            [id] => 1
            [venta_id] => 1
            [producto_id] => 16
            [cantidad] => 6
            [precio] => 360000.00
        )

    [1] => Array
        (
            [id] => 2
            [venta_id] => 1
            [producto_id] => 22
            [cantidad] => 6
            [precio] => 1068000.00
        )

    [2] => Array
        (
            [id] => 3
            [venta_id] => 2
            [producto_id] => 16
            [cantidad] => 1
            [precio] => 60000.00
        )

    [3] => Array
        (
            [id] => 4
            [venta_id] => 3
            [producto_id] => 15
            [cantidad] => 1
            [precio] => 33500.00
        )

    [4] => Array
        (
            [id] => 5
            [venta_id] => 4
            [producto_id] => 15
            [cantidad] => 1
            [precio] => 33500.00
        )

    [5] => Array
        (
            [id] => 6
            [venta_id] => 5
            [producto_id] => 15
            [cantidad] => 4
            [precio] => 134000.00
        )

    [6] => Array
        (
            [id] => 7
            [venta_id] => 5
            [producto_id] => 17
            [cantidad] => 1
            [precio] => 110000.00
        )

    [7] => Array
        (
            [id] => 8
            [venta_id] => 5
            [producto_id] => 16
            [cantidad] => 2
            [precio] => 120000.00
        )

    [8] => Array
        (
            [id] => 9
            [venta_id] => 6
            [producto_id] => 17
            [cantidad] => 1
            [precio] => 110000.00
        )

)

CRITICAL - 2025-06-18 23:47:14 --> ErrorException: Undefined variable $detalles
[Method: GET, Route: detalle-compra/1]
in APPPATH\Views\front\vista_compras.php on line 41.
 1 APPPATH\Views\front\vista_compras.php(41): CodeIgniter\Debug\Exceptions->errorHandler(2, 'Undefined variable $detalles', 'C:\\xampp\\htdocs\\proyecto_Martinez_Gonzalez\\app\\Views\\front\\vista_compras.php', 41)
 2 SYSTEMPATH\View\View.php(224): include('C:\\xampp\\htdocs\\proyecto_Martinez_Gonzalez\\app\\Views\\front\\vista_compras.php')
 3 SYSTEMPATH\View\View.php(227): CodeIgniter\View\View->CodeIgniter\View\{closure}()
 4 SYSTEMPATH\Common.php(1173): CodeIgniter\View\View->render('front/vista_compras', [], true)
 5 APPPATH\Controllers\VentasController.php(125): view('front/vista_compras', [...])
 6 SYSTEMPATH\CodeIgniter.php(933): App\Controllers\Ventascontroller->ver_factura('1')
 7 SYSTEMPATH\CodeIgniter.php(507): CodeIgniter\CodeIgniter->runController(Object(App\Controllers\Ventascontroller))
 8 SYSTEMPATH\CodeIgniter.php(354): CodeIgniter\CodeIgniter->handleRequest(null, Object(Config\Cache), false)
 9 SYSTEMPATH\Boot.php(334): CodeIgniter\CodeIgniter->run()
10 SYSTEMPATH\Boot.php(67): CodeIgniter\Boot::runCodeIgniter(Object(CodeIgniter\CodeIgniter))
11 FCPATH\index.php(56): CodeIgniter\Boot::bootWeb(Object(Config\Paths))
