CRITICAL - 2025-06-04 13:07:38 --> ErrorException: Undefined variable $producto
[Method: GET, Route: producto]
in APPPATH\Views\front\producto.php on line 13.
 1 APPPATH\Views\front\producto.php(13): CodeIgniter\Debug\Exceptions->errorHandler(2, 'Undefined variable $producto', 'C:\\xampp\\htdocs\\proyecto_Martinez_Gonzalez\\app\\Views\\front\\producto.php', 13)
 2 SYSTEMPATH\View\View.php(224): include('C:\\xampp\\htdocs\\proyecto_Martinez_Gonzalez\\app\\Views\\front\\producto.php')
 3 SYSTEMPATH\View\View.php(227): CodeIgniter\View\View->CodeIgniter\View\{closure}()
 4 SYSTEMPATH\Common.php(1173): CodeIgniter\View\View->render('front/producto', [], true)
 5 APPPATH\Controllers\Home.php(52): view('front/producto')
 6 SYSTEMPATH\CodeIgniter.php(933): App\Controllers\Home->a_producto()
 7 SYSTEMPATH\CodeIgniter.php(507): CodeIgniter\CodeIgniter->runController(Object(App\Controllers\Home))
 8 SYSTEMPATH\CodeIgniter.php(354): CodeIgniter\CodeIgniter->handleRequest(null, Object(Config\Cache), false)
 9 SYSTEMPATH\Boot.php(334): CodeIgniter\CodeIgniter->run()
10 SYSTEMPATH\Boot.php(67): CodeIgniter\Boot::runCodeIgniter(Object(CodeIgniter\CodeIgniter))
11 FCPATH\index.php(56): CodeIgniter\Boot::bootWeb(Object(Config\Paths))
ERROR - 2025-06-04 19:33:31 --> Error connecting to the database: mysqli_sql_exception: Unknown database 'bd_martinez_gonzalez' in C:\xampp\htdocs\proyecto_Martinez_Gonzalez\system\Database\MySQLi\Connection.php:201
Stack trace:
#0 C:\xampp\htdocs\proyecto_Martinez_Gonzalez\system\Database\MySQLi\Connection.php(201): mysqli->real_connect('localhost', 'root', Object(SensitiveParameterValue), 'bd_martinez_gon...', 3306, '', 0)
#1 C:\xampp\htdocs\proyecto_Martinez_Gonzalez\system\Database\BaseConnection.php(421): CodeIgniter\Database\MySQLi\Connection->connect(false)
#2 C:\xampp\htdocs\proyecto_Martinez_Gonzalez\system\Database\BaseConnection.php(620): CodeIgniter\Database\BaseConnection->initialize()
#3 C:\xampp\htdocs\proyecto_Martinez_Gonzalez\system\Database\BaseBuilder.php(1649): CodeIgniter\Database\BaseConnection->query('SELECT *\nFROM `...', Array, false)
#4 C:\xampp\htdocs\proyecto_Martinez_Gonzalez\system\Model.php(286): CodeIgniter\Database\BaseBuilder->get()
#5 C:\xampp\htdocs\proyecto_Martinez_Gonzalez\system\BaseModel.php(675): CodeIgniter\Model->doFindAll(0, 0)
#6 C:\xampp\htdocs\proyecto_Martinez_Gonzalez\app\Models\Producto_model.php(14): CodeIgniter\BaseModel->findAll()
#7 C:\xampp\htdocs\proyecto_Martinez_Gonzalez\app\Controllers\Home.php(76): App\Models\Producto_model->getProductoAll()
#8 C:\xampp\htdocs\proyecto_Martinez_Gonzalez\system\CodeIgniter.php(933): App\Controllers\Home->a_catalogoProductos()
#9 C:\xampp\htdocs\proyecto_Martinez_Gonzalez\system\CodeIgniter.php(507): CodeIgniter\CodeIgniter->runController(Object(App\Controllers\Home))
#10 C:\xampp\htdocs\proyecto_Martinez_Gonzalez\system\CodeIgniter.php(354): CodeIgniter\CodeIgniter->handleRequest(NULL, Object(Config\Cache), false)
#11 C:\xampp\htdocs\proyecto_Martinez_Gonzalez\system\Boot.php(334): CodeIgniter\CodeIgniter->run()
#12 C:\xampp\htdocs\proyecto_Martinez_Gonzalez\system\Boot.php(67): CodeIgniter\Boot::runCodeIgniter(Object(CodeIgniter\CodeIgniter))
#13 C:\xampp\htdocs\proyecto_Martinez_Gonzalez\index.php(56): CodeIgniter\Boot::bootWeb(Object(Config\Paths))
#14 {main}

Next CodeIgniter\Database\Exceptions\DatabaseException: Unknown database 'bd_martinez_gonzalez' in C:\xampp\htdocs\proyecto_Martinez_Gonzalez\system\Database\MySQLi\Connection.php:246
Stack trace:
#0 C:\xampp\htdocs\proyecto_Martinez_Gonzalez\system\Database\BaseConnection.php(421): CodeIgniter\Database\MySQLi\Connection->connect(false)
#1 C:\xampp\htdocs\proyecto_Martinez_Gonzalez\system\Database\BaseConnection.php(620): CodeIgniter\Database\BaseConnection->initialize()
#2 C:\xampp\htdocs\proyecto_Martinez_Gonzalez\system\Database\BaseBuilder.php(1649): CodeIgniter\Database\BaseConnection->query('SELECT *\nFROM `...', Array, false)
#3 C:\xampp\htdocs\proyecto_Martinez_Gonzalez\system\Model.php(286): CodeIgniter\Database\BaseBuilder->get()
#4 C:\xampp\htdocs\proyecto_Martinez_Gonzalez\system\BaseModel.php(675): CodeIgniter\Model->doFindAll(0, 0)
#5 C:\xampp\htdocs\proyecto_Martinez_Gonzalez\app\Models\Producto_model.php(14): CodeIgniter\BaseModel->findAll()
#6 C:\xampp\htdocs\proyecto_Martinez_Gonzalez\app\Controllers\Home.php(76): App\Models\Producto_model->getProductoAll()
#7 C:\xampp\htdocs\proyecto_Martinez_Gonzalez\system\CodeIgniter.php(933): App\Controllers\Home->a_catalogoProductos()
#8 C:\xampp\htdocs\proyecto_Martinez_Gonzalez\system\CodeIgniter.php(507): CodeIgniter\CodeIgniter->runController(Object(App\Controllers\Home))
#9 C:\xampp\htdocs\proyecto_Martinez_Gonzalez\system\CodeIgniter.php(354): CodeIgniter\CodeIgniter->handleRequest(NULL, Object(Config\Cache), false)
#10 C:\xampp\htdocs\proyecto_Martinez_Gonzalez\system\Boot.php(334): CodeIgniter\CodeIgniter->run()
#11 C:\xampp\htdocs\proyecto_Martinez_Gonzalez\system\Boot.php(67): CodeIgniter\Boot::runCodeIgniter(Object(CodeIgniter\CodeIgniter))
#12 C:\xampp\htdocs\proyecto_Martinez_Gonzalez\index.php(56): CodeIgniter\Boot::bootWeb(Object(Config\Paths))
#13 {main}
CRITICAL - 2025-06-04 19:33:31 --> CodeIgniter\Database\Exceptions\DatabaseException: Unable to connect to the database.
Main connection [MySQLi]: Unknown database 'bd_martinez_gonzalez'
[Method: GET, Route: catalogoProductos]
in SYSTEMPATH\Database\BaseConnection.php on line 467.
 1 SYSTEMPATH\Database\BaseConnection.php(620): CodeIgniter\Database\BaseConnection->initialize()
 2 SYSTEMPATH\Database\BaseBuilder.php(1649): CodeIgniter\Database\BaseConnection->query('SELECT *
FROM `productos`', [], false)
 3 SYSTEMPATH\Model.php(286): CodeIgniter\Database\BaseBuilder->get()
 4 SYSTEMPATH\BaseModel.php(675): CodeIgniter\Model->doFindAll(0, 0)
 5 APPPATH\Models\Producto_model.php(14): CodeIgniter\BaseModel->findAll()
 6 APPPATH\Controllers\Home.php(76): App\Models\Producto_model->getProductoAll()
 7 SYSTEMPATH\CodeIgniter.php(933): App\Controllers\Home->a_catalogoProductos()
 8 SYSTEMPATH\CodeIgniter.php(507): CodeIgniter\CodeIgniter->runController(Object(App\Controllers\Home))
 9 SYSTEMPATH\CodeIgniter.php(354): CodeIgniter\CodeIgniter->handleRequest(null, Object(Config\Cache), false)
10 SYSTEMPATH\Boot.php(334): CodeIgniter\CodeIgniter->run()
11 SYSTEMPATH\Boot.php(67): CodeIgniter\Boot::runCodeIgniter(Object(CodeIgniter\CodeIgniter))
12 FCPATH\index.php(56): CodeIgniter\Boot::bootWeb(Object(Config\Paths))
