CRITICAL - 2025-06-03 12:22:00 --> CodeIgniter\View\Exceptions\ViewException: Invalid file: "front/catalogoProducto.php"
[Method: GET, Route: catalogoProducto]
in SYSTEMPATH\Exceptions\FrameworkException.php on line 39.
 1 SYSTEMPATH\View\View.php(212): CodeIgniter\Exceptions\FrameworkException::forInvalidFile('front/catalogoProducto.php')
 2 SYSTEMPATH\Common.php(1173): CodeIgniter\View\View->render('front/catalogoProducto', [], true)
 3 APPPATH\Controllers\Home.php(76): view('front/catalogoProducto')
 4 SYSTEMPATH\CodeIgniter.php(933): App\Controllers\Home->a_catalogoProducto()
 5 SYSTEMPATH\CodeIgniter.php(507): CodeIgniter\CodeIgniter->runController(Object(App\Controllers\Home))
 6 SYSTEMPATH\CodeIgniter.php(354): CodeIgniter\CodeIgniter->handleRequest(null, Object(Config\Cache), false)
 7 SYSTEMPATH\Boot.php(334): CodeIgniter\CodeIgniter->run()
 8 SYSTEMPATH\Boot.php(67): CodeIgniter\Boot::runCodeIgniter(Object(CodeIgniter\CodeIgniter))
 9 FCPATH\index.php(56): CodeIgniter\Boot::bootWeb(Object(Config\Paths))
CRITICAL - 2025-06-03 12:22:35 --> CodeIgniter\View\Exceptions\ViewException: Invalid file: "front/catalogoProducto.php"
[Method: GET, Route: catalogoProductos]
in SYSTEMPATH\Exceptions\FrameworkException.php on line 39.
 1 SYSTEMPATH\View\View.php(212): CodeIgniter\Exceptions\FrameworkException::forInvalidFile('front/catalogoProducto.php')
 2 SYSTEMPATH\Common.php(1173): CodeIgniter\View\View->render('front/catalogoProducto', [], true)
 3 APPPATH\Controllers\Home.php(76): view('front/catalogoProducto')
 4 SYSTEMPATH\CodeIgniter.php(933): App\Controllers\Home->a_catalogoProductos()
 5 SYSTEMPATH\CodeIgniter.php(507): CodeIgniter\CodeIgniter->runController(Object(App\Controllers\Home))
 6 SYSTEMPATH\CodeIgniter.php(354): CodeIgniter\CodeIgniter->handleRequest(null, Object(Config\Cache), false)
 7 SYSTEMPATH\Boot.php(334): CodeIgniter\CodeIgniter->run()
 8 SYSTEMPATH\Boot.php(67): CodeIgniter\Boot::runCodeIgniter(Object(CodeIgniter\CodeIgniter))
 9 FCPATH\index.php(56): CodeIgniter\Boot::bootWeb(Object(Config\Paths))
