CRITICAL - 2025-06-19 04:10:48 --> Error: Object of class CodeIgniter\Validation\Validation could not be converted to string
[Method: GET, Route: /]
in APPPATH\Views\front\principal.php on line 21.
 1 SYSTEMPATH\View\View.php(224): include()
 2 SYSTEMPATH\View\View.php(227): CodeIgniter\View\View->CodeIgniter\View\{closure}()
 3 SYSTEMPATH\Common.php(1173): CodeIgniter\View\View->render('front/principal', [], true)
 4 APPPATH\Controllers\Home.php(32): view('front/principal', [...])
 5 SYSTEMPATH\CodeIgniter.php(933): App\Controllers\Home->index()
 6 SYSTEMPATH\CodeIgniter.php(507): CodeIgniter\CodeIgniter->runController(Object(App\Controllers\Home))
 7 SYSTEMPATH\CodeIgniter.php(354): CodeIgniter\CodeIgniter->handleRequest(null, Object(Config\Cache), false)
 8 SYSTEMPATH\Boot.php(334): CodeIgniter\CodeIgniter->run()
 9 SYSTEMPATH\Boot.php(67): CodeIgniter\Boot::runCodeIgniter(Object(CodeIgniter\CodeIgniter))
10 FCPATH\index.php(56): CodeIgniter\Boot::bootWeb(Object(Config\Paths))
ERROR - 2025-06-19 14:03:22 --> An invalid name was submitted as the product name: Zapatilla pesca/deportiva The name can only contain alpha-numeric characters, dashes, underscores, colons, and spaces
ERROR - 2025-06-19 14:03:28 --> An invalid name was submitted as the product name: Zapatilla pesca/deportiva The name can only contain alpha-numeric characters, dashes, underscores, colons, and spaces
ERROR - 2025-06-19 14:03:30 --> An invalid name was submitted as the product name: Zapatilla pesca/deportiva The name can only contain alpha-numeric characters, dashes, underscores, colons, and spaces
ERROR - 2025-06-19 14:03:43 --> An invalid name was submitted as the product name: Zapatilla pesca/deportiva The name can only contain alpha-numeric characters, dashes, underscores, colons, and spaces
ERROR - 2025-06-19 14:04:19 --> SQL getDetalles: SELECT `ventas_detalle`.`id`, `ventas_detalle`.`venta_id`, `ventas_detalle`.`producto_id`, `ventas_detalle`.`cantidad`, `ventas_detalle`.`precio`, `productos`.`nombre_prod`, `productos`.`imagen`, `productos`.`precio_vta`
FROM `ventas_detalle`
LEFT JOIN `productos` ON `productos`.`id` = `ventas_detalle`.`producto_id`
WHERE `ventas_detalle`.`venta_id` = 9
ORDER BY `ventas_detalle`.`id` ASC
ERROR - 2025-06-19 14:04:19 --> RESULTADO getDetalles: Array
(
    [0] => Array
        (
            [id] => 1
            [venta_id] => 1
            [producto_id] => 16
            [cantidad] => 6
            [precio] => 360000.00
        )

    [1] => Array
        (
            [id] => 2
            [venta_id] => 1
            [producto_id] => 22
            [cantidad] => 6
            [precio] => 1068000.00
        )

    [2] => Array
        (
            [id] => 3
            [venta_id] => 2
            [producto_id] => 16
            [cantidad] => 1
            [precio] => 60000.00
        )

    [3] => Array
        (
            [id] => 4
            [venta_id] => 3
            [producto_id] => 15
            [cantidad] => 1
            [precio] => 33500.00
        )

    [4] => Array
        (
            [id] => 5
            [venta_id] => 4
            [producto_id] => 15
            [cantidad] => 1
            [precio] => 33500.00
        )

    [5] => Array
        (
            [id] => 6
            [venta_id] => 5
            [producto_id] => 15
            [cantidad] => 4
            [precio] => 134000.00
        )

    [6] => Array
        (
            [id] => 7
            [venta_id] => 5
            [producto_id] => 17
            [cantidad] => 1
            [precio] => 110000.00
        )

    [7] => Array
        (
            [id] => 8
            [venta_id] => 5
            [producto_id] => 16
            [cantidad] => 2
            [precio] => 120000.00
        )

    [8] => Array
        (
            [id] => 9
            [venta_id] => 6
            [producto_id] => 17
            [cantidad] => 1
            [precio] => 110000.00
        )

    [9] => Array
        (
            [id] => 10
            [venta_id] => 7
            [producto_id] => 35
            [cantidad] => 1
            [precio] => 80000.00
        )

    [10] => Array
        (
            [id] => 11
            [venta_id] => 7
            [producto_id] => 18
            [cantidad] => 1
            [precio] => 38900.00
        )

    [11] => Array
        (
            [id] => 12
            [venta_id] => 8
            [producto_id] => 21
            [cantidad] => 1
            [precio] => 16850.00
        )

    [12] => Array
        (
            [id] => 13
            [venta_id] => 8
            [producto_id] => 22
            [cantidad] => 5
            [precio] => 178000.00
        )

    [13] => Array
        (
            [id] => 14
            [venta_id] => 9
            [producto_id] => 17
            [cantidad] => 4
            [precio] => 110000.00
        )

)

ERROR - 2025-06-19 14:04:26 --> SQL getDetalles: SELECT `ventas_detalle`.`id`, `ventas_detalle`.`venta_id`, `ventas_detalle`.`producto_id`, `ventas_detalle`.`cantidad`, `ventas_detalle`.`precio`, `productos`.`nombre_prod`, `productos`.`imagen`, `productos`.`precio_vta`
FROM `ventas_detalle`
LEFT JOIN `productos` ON `productos`.`id` = `ventas_detalle`.`producto_id`
WHERE `ventas_detalle`.`venta_id` = 9
ORDER BY `ventas_detalle`.`id` ASC
ERROR - 2025-06-19 14:04:26 --> RESULTADO getDetalles: Array
(
    [0] => Array
        (
            [id] => 1
            [venta_id] => 1
            [producto_id] => 16
            [cantidad] => 6
            [precio] => 360000.00
        )

    [1] => Array
        (
            [id] => 2
            [venta_id] => 1
            [producto_id] => 22
            [cantidad] => 6
            [precio] => 1068000.00
        )

    [2] => Array
        (
            [id] => 3
            [venta_id] => 2
            [producto_id] => 16
            [cantidad] => 1
            [precio] => 60000.00
        )

    [3] => Array
        (
            [id] => 4
            [venta_id] => 3
            [producto_id] => 15
            [cantidad] => 1
            [precio] => 33500.00
        )

    [4] => Array
        (
            [id] => 5
            [venta_id] => 4
            [producto_id] => 15
            [cantidad] => 1
            [precio] => 33500.00
        )

    [5] => Array
        (
            [id] => 6
            [venta_id] => 5
            [producto_id] => 15
            [cantidad] => 4
            [precio] => 134000.00
        )

    [6] => Array
        (
            [id] => 7
            [venta_id] => 5
            [producto_id] => 17
            [cantidad] => 1
            [precio] => 110000.00
        )

    [7] => Array
        (
            [id] => 8
            [venta_id] => 5
            [producto_id] => 16
            [cantidad] => 2
            [precio] => 120000.00
        )

    [8] => Array
        (
            [id] => 9
            [venta_id] => 6
            [producto_id] => 17
            [cantidad] => 1
            [precio] => 110000.00
        )

    [9] => Array
        (
            [id] => 10
            [venta_id] => 7
            [producto_id] => 35
            [cantidad] => 1
            [precio] => 80000.00
        )

    [10] => Array
        (
            [id] => 11
            [venta_id] => 7
            [producto_id] => 18
            [cantidad] => 1
            [precio] => 38900.00
        )

    [11] => Array
        (
            [id] => 12
            [venta_id] => 8
            [producto_id] => 21
            [cantidad] => 1
            [precio] => 16850.00
        )

    [12] => Array
        (
            [id] => 13
            [venta_id] => 8
            [producto_id] => 22
            [cantidad] => 5
            [precio] => 178000.00
        )

    [13] => Array
        (
            [id] => 14
            [venta_id] => 9
            [producto_id] => 17
            [cantidad] => 4
            [precio] => 110000.00
        )

)

ERROR - 2025-06-19 14:04:42 --> SQL getDetalles: SELECT `ventas_detalle`.`id`, `ventas_detalle`.`venta_id`, `ventas_detalle`.`producto_id`, `ventas_detalle`.`cantidad`, `ventas_detalle`.`precio`, `productos`.`nombre_prod`, `productos`.`imagen`, `productos`.`precio_vta`
FROM `ventas_detalle`
LEFT JOIN `productos` ON `productos`.`id` = `ventas_detalle`.`producto_id`
WHERE `ventas_detalle`.`venta_id` = 10
ORDER BY `ventas_detalle`.`id` ASC
ERROR - 2025-06-19 14:04:42 --> RESULTADO getDetalles: Array
(
    [0] => Array
        (
            [id] => 1
            [venta_id] => 1
            [producto_id] => 16
            [cantidad] => 6
            [precio] => 360000.00
        )

    [1] => Array
        (
            [id] => 2
            [venta_id] => 1
            [producto_id] => 22
            [cantidad] => 6
            [precio] => 1068000.00
        )

    [2] => Array
        (
            [id] => 3
            [venta_id] => 2
            [producto_id] => 16
            [cantidad] => 1
            [precio] => 60000.00
        )

    [3] => Array
        (
            [id] => 4
            [venta_id] => 3
            [producto_id] => 15
            [cantidad] => 1
            [precio] => 33500.00
        )

    [4] => Array
        (
            [id] => 5
            [venta_id] => 4
            [producto_id] => 15
            [cantidad] => 1
            [precio] => 33500.00
        )

    [5] => Array
        (
            [id] => 6
            [venta_id] => 5
            [producto_id] => 15
            [cantidad] => 4
            [precio] => 134000.00
        )

    [6] => Array
        (
            [id] => 7
            [venta_id] => 5
            [producto_id] => 17
            [cantidad] => 1
            [precio] => 110000.00
        )

    [7] => Array
        (
            [id] => 8
            [venta_id] => 5
            [producto_id] => 16
            [cantidad] => 2
            [precio] => 120000.00
        )

    [8] => Array
        (
            [id] => 9
            [venta_id] => 6
            [producto_id] => 17
            [cantidad] => 1
            [precio] => 110000.00
        )

    [9] => Array
        (
            [id] => 10
            [venta_id] => 7
            [producto_id] => 35
            [cantidad] => 1
            [precio] => 80000.00
        )

    [10] => Array
        (
            [id] => 11
            [venta_id] => 7
            [producto_id] => 18
            [cantidad] => 1
            [precio] => 38900.00
        )

    [11] => Array
        (
            [id] => 12
            [venta_id] => 8
            [producto_id] => 21
            [cantidad] => 1
            [precio] => 16850.00
        )

    [12] => Array
        (
            [id] => 13
            [venta_id] => 8
            [producto_id] => 22
            [cantidad] => 5
            [precio] => 178000.00
        )

    [13] => Array
        (
            [id] => 14
            [venta_id] => 9
            [producto_id] => 17
            [cantidad] => 4
            [precio] => 110000.00
        )

    [14] => Array
        (
            [id] => 15
            [venta_id] => 10
            [producto_id] => 18
            [cantidad] => 1
            [precio] => 38900.00
        )

)

ERROR - 2025-06-19 14:04:50 --> SQL getDetalles: SELECT `ventas_detalle`.`id`, `ventas_detalle`.`venta_id`, `ventas_detalle`.`producto_id`, `ventas_detalle`.`cantidad`, `ventas_detalle`.`precio`, `productos`.`nombre_prod`, `productos`.`imagen`, `productos`.`precio_vta`
FROM `ventas_detalle`
LEFT JOIN `productos` ON `productos`.`id` = `ventas_detalle`.`producto_id`
WHERE `ventas_detalle`.`venta_id` = 10
ORDER BY `ventas_detalle`.`id` ASC
ERROR - 2025-06-19 14:04:50 --> RESULTADO getDetalles: Array
(
    [0] => Array
        (
            [id] => 1
            [venta_id] => 1
            [producto_id] => 16
            [cantidad] => 6
            [precio] => 360000.00
        )

    [1] => Array
        (
            [id] => 2
            [venta_id] => 1
            [producto_id] => 22
            [cantidad] => 6
            [precio] => 1068000.00
        )

    [2] => Array
        (
            [id] => 3
            [venta_id] => 2
            [producto_id] => 16
            [cantidad] => 1
            [precio] => 60000.00
        )

    [3] => Array
        (
            [id] => 4
            [venta_id] => 3
            [producto_id] => 15
            [cantidad] => 1
            [precio] => 33500.00
        )

    [4] => Array
        (
            [id] => 5
            [venta_id] => 4
            [producto_id] => 15
            [cantidad] => 1
            [precio] => 33500.00
        )

    [5] => Array
        (
            [id] => 6
            [venta_id] => 5
            [producto_id] => 15
            [cantidad] => 4
            [precio] => 134000.00
        )

    [6] => Array
        (
            [id] => 7
            [venta_id] => 5
            [producto_id] => 17
            [cantidad] => 1
            [precio] => 110000.00
        )

    [7] => Array
        (
            [id] => 8
            [venta_id] => 5
            [producto_id] => 16
            [cantidad] => 2
            [precio] => 120000.00
        )

    [8] => Array
        (
            [id] => 9
            [venta_id] => 6
            [producto_id] => 17
            [cantidad] => 1
            [precio] => 110000.00
        )

    [9] => Array
        (
            [id] => 10
            [venta_id] => 7
            [producto_id] => 35
            [cantidad] => 1
            [precio] => 80000.00
        )

    [10] => Array
        (
            [id] => 11
            [venta_id] => 7
            [producto_id] => 18
            [cantidad] => 1
            [precio] => 38900.00
        )

    [11] => Array
        (
            [id] => 12
            [venta_id] => 8
            [producto_id] => 21
            [cantidad] => 1
            [precio] => 16850.00
        )

    [12] => Array
        (
            [id] => 13
            [venta_id] => 8
            [producto_id] => 22
            [cantidad] => 5
            [precio] => 178000.00
        )

    [13] => Array
        (
            [id] => 14
            [venta_id] => 9
            [producto_id] => 17
            [cantidad] => 4
            [precio] => 110000.00
        )

    [14] => Array
        (
            [id] => 15
            [venta_id] => 10
            [producto_id] => 18
            [cantidad] => 1
            [precio] => 38900.00
        )

)

ERROR - 2025-06-19 14:44:45 --> SQL getDetalles: SELECT `ventas_detalle`.`id`, `ventas_detalle`.`venta_id`, `ventas_detalle`.`producto_id`, `ventas_detalle`.`cantidad`, `ventas_detalle`.`precio`, `productos`.`nombre_prod`, `productos`.`imagen`, `productos`.`precio_vta`
FROM `ventas_detalle`
LEFT JOIN `productos` ON `productos`.`id` = `ventas_detalle`.`producto_id`
WHERE `ventas_detalle`.`venta_id` = 4
ORDER BY `ventas_detalle`.`id` ASC
ERROR - 2025-06-19 14:44:45 --> RESULTADO getDetalles: Array
(
    [0] => Array
        (
            [id] => 1
            [venta_id] => 1
            [producto_id] => 16
            [cantidad] => 6
            [precio] => 360000.00
        )

    [1] => Array
        (
            [id] => 2
            [venta_id] => 1
            [producto_id] => 22
            [cantidad] => 6
            [precio] => 1068000.00
        )

    [2] => Array
        (
            [id] => 3
            [venta_id] => 2
            [producto_id] => 16
            [cantidad] => 1
            [precio] => 60000.00
        )

    [3] => Array
        (
            [id] => 4
            [venta_id] => 3
            [producto_id] => 15
            [cantidad] => 1
            [precio] => 33500.00
        )

    [4] => Array
        (
            [id] => 5
            [venta_id] => 4
            [producto_id] => 15
            [cantidad] => 1
            [precio] => 33500.00
        )

    [5] => Array
        (
            [id] => 6
            [venta_id] => 5
            [producto_id] => 15
            [cantidad] => 4
            [precio] => 134000.00
        )

    [6] => Array
        (
            [id] => 7
            [venta_id] => 5
            [producto_id] => 17
            [cantidad] => 1
            [precio] => 110000.00
        )

    [7] => Array
        (
            [id] => 8
            [venta_id] => 5
            [producto_id] => 16
            [cantidad] => 2
            [precio] => 120000.00
        )

    [8] => Array
        (
            [id] => 9
            [venta_id] => 6
            [producto_id] => 17
            [cantidad] => 1
            [precio] => 110000.00
        )

    [9] => Array
        (
            [id] => 10
            [venta_id] => 7
            [producto_id] => 35
            [cantidad] => 1
            [precio] => 80000.00
        )

    [10] => Array
        (
            [id] => 11
            [venta_id] => 7
            [producto_id] => 18
            [cantidad] => 1
            [precio] => 38900.00
        )

    [11] => Array
        (
            [id] => 12
            [venta_id] => 8
            [producto_id] => 21
            [cantidad] => 1
            [precio] => 16850.00
        )

    [12] => Array
        (
            [id] => 13
            [venta_id] => 8
            [producto_id] => 22
            [cantidad] => 5
            [precio] => 178000.00
        )

    [13] => Array
        (
            [id] => 14
            [venta_id] => 9
            [producto_id] => 17
            [cantidad] => 4
            [precio] => 110000.00
        )

    [14] => Array
        (
            [id] => 15
            [venta_id] => 10
            [producto_id] => 18
            [cantidad] => 1
            [precio] => 38900.00
        )

)

ERROR - 2025-06-19 14:44:52 --> SQL getDetalles: SELECT `ventas_detalle`.`id`, `ventas_detalle`.`venta_id`, `ventas_detalle`.`producto_id`, `ventas_detalle`.`cantidad`, `ventas_detalle`.`precio`, `productos`.`nombre_prod`, `productos`.`imagen`, `productos`.`precio_vta`
FROM `ventas_detalle`
LEFT JOIN `productos` ON `productos`.`id` = `ventas_detalle`.`producto_id`
WHERE `ventas_detalle`.`venta_id` = 3
ORDER BY `ventas_detalle`.`id` ASC
ERROR - 2025-06-19 14:44:52 --> RESULTADO getDetalles: Array
(
    [0] => Array
        (
            [id] => 1
            [venta_id] => 1
            [producto_id] => 16
            [cantidad] => 6
            [precio] => 360000.00
        )

    [1] => Array
        (
            [id] => 2
            [venta_id] => 1
            [producto_id] => 22
            [cantidad] => 6
            [precio] => 1068000.00
        )

    [2] => Array
        (
            [id] => 3
            [venta_id] => 2
            [producto_id] => 16
            [cantidad] => 1
            [precio] => 60000.00
        )

    [3] => Array
        (
            [id] => 4
            [venta_id] => 3
            [producto_id] => 15
            [cantidad] => 1
            [precio] => 33500.00
        )

    [4] => Array
        (
            [id] => 5
            [venta_id] => 4
            [producto_id] => 15
            [cantidad] => 1
            [precio] => 33500.00
        )

    [5] => Array
        (
            [id] => 6
            [venta_id] => 5
            [producto_id] => 15
            [cantidad] => 4
            [precio] => 134000.00
        )

    [6] => Array
        (
            [id] => 7
            [venta_id] => 5
            [producto_id] => 17
            [cantidad] => 1
            [precio] => 110000.00
        )

    [7] => Array
        (
            [id] => 8
            [venta_id] => 5
            [producto_id] => 16
            [cantidad] => 2
            [precio] => 120000.00
        )

    [8] => Array
        (
            [id] => 9
            [venta_id] => 6
            [producto_id] => 17
            [cantidad] => 1
            [precio] => 110000.00
        )

    [9] => Array
        (
            [id] => 10
            [venta_id] => 7
            [producto_id] => 35
            [cantidad] => 1
            [precio] => 80000.00
        )

    [10] => Array
        (
            [id] => 11
            [venta_id] => 7
            [producto_id] => 18
            [cantidad] => 1
            [precio] => 38900.00
        )

    [11] => Array
        (
            [id] => 12
            [venta_id] => 8
            [producto_id] => 21
            [cantidad] => 1
            [precio] => 16850.00
        )

    [12] => Array
        (
            [id] => 13
            [venta_id] => 8
            [producto_id] => 22
            [cantidad] => 5
            [precio] => 178000.00
        )

    [13] => Array
        (
            [id] => 14
            [venta_id] => 9
            [producto_id] => 17
            [cantidad] => 4
            [precio] => 110000.00
        )

    [14] => Array
        (
            [id] => 15
            [venta_id] => 10
            [producto_id] => 18
            [cantidad] => 1
            [precio] => 38900.00
        )

)

ERROR - 2025-06-19 14:44:57 --> SQL getDetalles: SELECT `ventas_detalle`.`id`, `ventas_detalle`.`venta_id`, `ventas_detalle`.`producto_id`, `ventas_detalle`.`cantidad`, `ventas_detalle`.`precio`, `productos`.`nombre_prod`, `productos`.`imagen`, `productos`.`precio_vta`
FROM `ventas_detalle`
LEFT JOIN `productos` ON `productos`.`id` = `ventas_detalle`.`producto_id`
WHERE `ventas_detalle`.`venta_id` = 2
ORDER BY `ventas_detalle`.`id` ASC
ERROR - 2025-06-19 14:44:57 --> RESULTADO getDetalles: Array
(
    [0] => Array
        (
            [id] => 1
            [venta_id] => 1
            [producto_id] => 16
            [cantidad] => 6
            [precio] => 360000.00
        )

    [1] => Array
        (
            [id] => 2
            [venta_id] => 1
            [producto_id] => 22
            [cantidad] => 6
            [precio] => 1068000.00
        )

    [2] => Array
        (
            [id] => 3
            [venta_id] => 2
            [producto_id] => 16
            [cantidad] => 1
            [precio] => 60000.00
        )

    [3] => Array
        (
            [id] => 4
            [venta_id] => 3
            [producto_id] => 15
            [cantidad] => 1
            [precio] => 33500.00
        )

    [4] => Array
        (
            [id] => 5
            [venta_id] => 4
            [producto_id] => 15
            [cantidad] => 1
            [precio] => 33500.00
        )

    [5] => Array
        (
            [id] => 6
            [venta_id] => 5
            [producto_id] => 15
            [cantidad] => 4
            [precio] => 134000.00
        )

    [6] => Array
        (
            [id] => 7
            [venta_id] => 5
            [producto_id] => 17
            [cantidad] => 1
            [precio] => 110000.00
        )

    [7] => Array
        (
            [id] => 8
            [venta_id] => 5
            [producto_id] => 16
            [cantidad] => 2
            [precio] => 120000.00
        )

    [8] => Array
        (
            [id] => 9
            [venta_id] => 6
            [producto_id] => 17
            [cantidad] => 1
            [precio] => 110000.00
        )

    [9] => Array
        (
            [id] => 10
            [venta_id] => 7
            [producto_id] => 35
            [cantidad] => 1
            [precio] => 80000.00
        )

    [10] => Array
        (
            [id] => 11
            [venta_id] => 7
            [producto_id] => 18
            [cantidad] => 1
            [precio] => 38900.00
        )

    [11] => Array
        (
            [id] => 12
            [venta_id] => 8
            [producto_id] => 21
            [cantidad] => 1
            [precio] => 16850.00
        )

    [12] => Array
        (
            [id] => 13
            [venta_id] => 8
            [producto_id] => 22
            [cantidad] => 5
            [precio] => 178000.00
        )

    [13] => Array
        (
            [id] => 14
            [venta_id] => 9
            [producto_id] => 17
            [cantidad] => 4
            [precio] => 110000.00
        )

    [14] => Array
        (
            [id] => 15
            [venta_id] => 10
            [producto_id] => 18
            [cantidad] => 1
            [precio] => 38900.00
        )

)

ERROR - 2025-06-19 14:45:01 --> SQL getDetalles: SELECT `ventas_detalle`.`id`, `ventas_detalle`.`venta_id`, `ventas_detalle`.`producto_id`, `ventas_detalle`.`cantidad`, `ventas_detalle`.`precio`, `productos`.`nombre_prod`, `productos`.`imagen`, `productos`.`precio_vta`
FROM `ventas_detalle`
LEFT JOIN `productos` ON `productos`.`id` = `ventas_detalle`.`producto_id`
WHERE `ventas_detalle`.`venta_id` = 1
ORDER BY `ventas_detalle`.`id` ASC
ERROR - 2025-06-19 14:45:01 --> RESULTADO getDetalles: Array
(
    [0] => Array
        (
            [id] => 1
            [venta_id] => 1
            [producto_id] => 16
            [cantidad] => 6
            [precio] => 360000.00
        )

    [1] => Array
        (
            [id] => 2
            [venta_id] => 1
            [producto_id] => 22
            [cantidad] => 6
            [precio] => 1068000.00
        )

    [2] => Array
        (
            [id] => 3
            [venta_id] => 2
            [producto_id] => 16
            [cantidad] => 1
            [precio] => 60000.00
        )

    [3] => Array
        (
            [id] => 4
            [venta_id] => 3
            [producto_id] => 15
            [cantidad] => 1
            [precio] => 33500.00
        )

    [4] => Array
        (
            [id] => 5
            [venta_id] => 4
            [producto_id] => 15
            [cantidad] => 1
            [precio] => 33500.00
        )

    [5] => Array
        (
            [id] => 6
            [venta_id] => 5
            [producto_id] => 15
            [cantidad] => 4
            [precio] => 134000.00
        )

    [6] => Array
        (
            [id] => 7
            [venta_id] => 5
            [producto_id] => 17
            [cantidad] => 1
            [precio] => 110000.00
        )

    [7] => Array
        (
            [id] => 8
            [venta_id] => 5
            [producto_id] => 16
            [cantidad] => 2
            [precio] => 120000.00
        )

    [8] => Array
        (
            [id] => 9
            [venta_id] => 6
            [producto_id] => 17
            [cantidad] => 1
            [precio] => 110000.00
        )

    [9] => Array
        (
            [id] => 10
            [venta_id] => 7
            [producto_id] => 35
            [cantidad] => 1
            [precio] => 80000.00
        )

    [10] => Array
        (
            [id] => 11
            [venta_id] => 7
            [producto_id] => 18
            [cantidad] => 1
            [precio] => 38900.00
        )

    [11] => Array
        (
            [id] => 12
            [venta_id] => 8
            [producto_id] => 21
            [cantidad] => 1
            [precio] => 16850.00
        )

    [12] => Array
        (
            [id] => 13
            [venta_id] => 8
            [producto_id] => 22
            [cantidad] => 5
            [precio] => 178000.00
        )

    [13] => Array
        (
            [id] => 14
            [venta_id] => 9
            [producto_id] => 17
            [cantidad] => 4
            [precio] => 110000.00
        )

    [14] => Array
        (
            [id] => 15
            [venta_id] => 10
            [producto_id] => 18
            [cantidad] => 1
            [precio] => 38900.00
        )

)

ERROR - 2025-06-19 14:45:03 --> SQL getDetalles: SELECT `ventas_detalle`.`id`, `ventas_detalle`.`venta_id`, `ventas_detalle`.`producto_id`, `ventas_detalle`.`cantidad`, `ventas_detalle`.`precio`, `productos`.`nombre_prod`, `productos`.`imagen`, `productos`.`precio_vta`
FROM `ventas_detalle`
LEFT JOIN `productos` ON `productos`.`id` = `ventas_detalle`.`producto_id`
WHERE `ventas_detalle`.`venta_id` = 8
ORDER BY `ventas_detalle`.`id` ASC
ERROR - 2025-06-19 14:45:03 --> RESULTADO getDetalles: Array
(
    [0] => Array
        (
            [id] => 1
            [venta_id] => 1
            [producto_id] => 16
            [cantidad] => 6
            [precio] => 360000.00
        )

    [1] => Array
        (
            [id] => 2
            [venta_id] => 1
            [producto_id] => 22
            [cantidad] => 6
            [precio] => 1068000.00
        )

    [2] => Array
        (
            [id] => 3
            [venta_id] => 2
            [producto_id] => 16
            [cantidad] => 1
            [precio] => 60000.00
        )

    [3] => Array
        (
            [id] => 4
            [venta_id] => 3
            [producto_id] => 15
            [cantidad] => 1
            [precio] => 33500.00
        )

    [4] => Array
        (
            [id] => 5
            [venta_id] => 4
            [producto_id] => 15
            [cantidad] => 1
            [precio] => 33500.00
        )

    [5] => Array
        (
            [id] => 6
            [venta_id] => 5
            [producto_id] => 15
            [cantidad] => 4
            [precio] => 134000.00
        )

    [6] => Array
        (
            [id] => 7
            [venta_id] => 5
            [producto_id] => 17
            [cantidad] => 1
            [precio] => 110000.00
        )

    [7] => Array
        (
            [id] => 8
            [venta_id] => 5
            [producto_id] => 16
            [cantidad] => 2
            [precio] => 120000.00
        )

    [8] => Array
        (
            [id] => 9
            [venta_id] => 6
            [producto_id] => 17
            [cantidad] => 1
            [precio] => 110000.00
        )

    [9] => Array
        (
            [id] => 10
            [venta_id] => 7
            [producto_id] => 35
            [cantidad] => 1
            [precio] => 80000.00
        )

    [10] => Array
        (
            [id] => 11
            [venta_id] => 7
            [producto_id] => 18
            [cantidad] => 1
            [precio] => 38900.00
        )

    [11] => Array
        (
            [id] => 12
            [venta_id] => 8
            [producto_id] => 21
            [cantidad] => 1
            [precio] => 16850.00
        )

    [12] => Array
        (
            [id] => 13
            [venta_id] => 8
            [producto_id] => 22
            [cantidad] => 5
            [precio] => 178000.00
        )

    [13] => Array
        (
            [id] => 14
            [venta_id] => 9
            [producto_id] => 17
            [cantidad] => 4
            [precio] => 110000.00
        )

    [14] => Array
        (
            [id] => 15
            [venta_id] => 10
            [producto_id] => 18
            [cantidad] => 1
            [precio] => 38900.00
        )

)

ERROR - 2025-06-19 14:45:08 --> SQL getDetalles: SELECT `ventas_detalle`.`id`, `ventas_detalle`.`venta_id`, `ventas_detalle`.`producto_id`, `ventas_detalle`.`cantidad`, `ventas_detalle`.`precio`, `productos`.`nombre_prod`, `productos`.`imagen`, `productos`.`precio_vta`
FROM `ventas_detalle`
LEFT JOIN `productos` ON `productos`.`id` = `ventas_detalle`.`producto_id`
WHERE `ventas_detalle`.`venta_id` = 6
ORDER BY `ventas_detalle`.`id` ASC
ERROR - 2025-06-19 14:45:08 --> RESULTADO getDetalles: Array
(
    [0] => Array
        (
            [id] => 1
            [venta_id] => 1
            [producto_id] => 16
            [cantidad] => 6
            [precio] => 360000.00
        )

    [1] => Array
        (
            [id] => 2
            [venta_id] => 1
            [producto_id] => 22
            [cantidad] => 6
            [precio] => 1068000.00
        )

    [2] => Array
        (
            [id] => 3
            [venta_id] => 2
            [producto_id] => 16
            [cantidad] => 1
            [precio] => 60000.00
        )

    [3] => Array
        (
            [id] => 4
            [venta_id] => 3
            [producto_id] => 15
            [cantidad] => 1
            [precio] => 33500.00
        )

    [4] => Array
        (
            [id] => 5
            [venta_id] => 4
            [producto_id] => 15
            [cantidad] => 1
            [precio] => 33500.00
        )

    [5] => Array
        (
            [id] => 6
            [venta_id] => 5
            [producto_id] => 15
            [cantidad] => 4
            [precio] => 134000.00
        )

    [6] => Array
        (
            [id] => 7
            [venta_id] => 5
            [producto_id] => 17
            [cantidad] => 1
            [precio] => 110000.00
        )

    [7] => Array
        (
            [id] => 8
            [venta_id] => 5
            [producto_id] => 16
            [cantidad] => 2
            [precio] => 120000.00
        )

    [8] => Array
        (
            [id] => 9
            [venta_id] => 6
            [producto_id] => 17
            [cantidad] => 1
            [precio] => 110000.00
        )

    [9] => Array
        (
            [id] => 10
            [venta_id] => 7
            [producto_id] => 35
            [cantidad] => 1
            [precio] => 80000.00
        )

    [10] => Array
        (
            [id] => 11
            [venta_id] => 7
            [producto_id] => 18
            [cantidad] => 1
            [precio] => 38900.00
        )

    [11] => Array
        (
            [id] => 12
            [venta_id] => 8
            [producto_id] => 21
            [cantidad] => 1
            [precio] => 16850.00
        )

    [12] => Array
        (
            [id] => 13
            [venta_id] => 8
            [producto_id] => 22
            [cantidad] => 5
            [precio] => 178000.00
        )

    [13] => Array
        (
            [id] => 14
            [venta_id] => 9
            [producto_id] => 17
            [cantidad] => 4
            [precio] => 110000.00
        )

    [14] => Array
        (
            [id] => 15
            [venta_id] => 10
            [producto_id] => 18
            [cantidad] => 1
            [precio] => 38900.00
        )

)

ERROR - 2025-06-19 14:45:13 --> SQL getDetalles: SELECT `ventas_detalle`.`id`, `ventas_detalle`.`venta_id`, `ventas_detalle`.`producto_id`, `ventas_detalle`.`cantidad`, `ventas_detalle`.`precio`, `productos`.`nombre_prod`, `productos`.`imagen`, `productos`.`precio_vta`
FROM `ventas_detalle`
LEFT JOIN `productos` ON `productos`.`id` = `ventas_detalle`.`producto_id`
WHERE `ventas_detalle`.`venta_id` = 10
ORDER BY `ventas_detalle`.`id` ASC
ERROR - 2025-06-19 14:45:13 --> RESULTADO getDetalles: Array
(
    [0] => Array
        (
            [id] => 1
            [venta_id] => 1
            [producto_id] => 16
            [cantidad] => 6
            [precio] => 360000.00
        )

    [1] => Array
        (
            [id] => 2
            [venta_id] => 1
            [producto_id] => 22
            [cantidad] => 6
            [precio] => 1068000.00
        )

    [2] => Array
        (
            [id] => 3
            [venta_id] => 2
            [producto_id] => 16
            [cantidad] => 1
            [precio] => 60000.00
        )

    [3] => Array
        (
            [id] => 4
            [venta_id] => 3
            [producto_id] => 15
            [cantidad] => 1
            [precio] => 33500.00
        )

    [4] => Array
        (
            [id] => 5
            [venta_id] => 4
            [producto_id] => 15
            [cantidad] => 1
            [precio] => 33500.00
        )

    [5] => Array
        (
            [id] => 6
            [venta_id] => 5
            [producto_id] => 15
            [cantidad] => 4
            [precio] => 134000.00
        )

    [6] => Array
        (
            [id] => 7
            [venta_id] => 5
            [producto_id] => 17
            [cantidad] => 1
            [precio] => 110000.00
        )

    [7] => Array
        (
            [id] => 8
            [venta_id] => 5
            [producto_id] => 16
            [cantidad] => 2
            [precio] => 120000.00
        )

    [8] => Array
        (
            [id] => 9
            [venta_id] => 6
            [producto_id] => 17
            [cantidad] => 1
            [precio] => 110000.00
        )

    [9] => Array
        (
            [id] => 10
            [venta_id] => 7
            [producto_id] => 35
            [cantidad] => 1
            [precio] => 80000.00
        )

    [10] => Array
        (
            [id] => 11
            [venta_id] => 7
            [producto_id] => 18
            [cantidad] => 1
            [precio] => 38900.00
        )

    [11] => Array
        (
            [id] => 12
            [venta_id] => 8
            [producto_id] => 21
            [cantidad] => 1
            [precio] => 16850.00
        )

    [12] => Array
        (
            [id] => 13
            [venta_id] => 8
            [producto_id] => 22
            [cantidad] => 5
            [precio] => 178000.00
        )

    [13] => Array
        (
            [id] => 14
            [venta_id] => 9
            [producto_id] => 17
            [cantidad] => 4
            [precio] => 110000.00
        )

    [14] => Array
        (
            [id] => 15
            [venta_id] => 10
            [producto_id] => 18
            [cantidad] => 1
            [precio] => 38900.00
        )

)

ERROR - 2025-06-19 14:45:26 --> SQL getDetalles: SELECT `ventas_detalle`.`id`, `ventas_detalle`.`venta_id`, `ventas_detalle`.`producto_id`, `ventas_detalle`.`cantidad`, `ventas_detalle`.`precio`, `productos`.`nombre_prod`, `productos`.`imagen`, `productos`.`precio_vta`
FROM `ventas_detalle`
LEFT JOIN `productos` ON `productos`.`id` = `ventas_detalle`.`producto_id`
WHERE `ventas_detalle`.`venta_id` = 9
ORDER BY `ventas_detalle`.`id` ASC
ERROR - 2025-06-19 14:45:26 --> RESULTADO getDetalles: Array
(
    [0] => Array
        (
            [id] => 1
            [venta_id] => 1
            [producto_id] => 16
            [cantidad] => 6
            [precio] => 360000.00
        )

    [1] => Array
        (
            [id] => 2
            [venta_id] => 1
            [producto_id] => 22
            [cantidad] => 6
            [precio] => 1068000.00
        )

    [2] => Array
        (
            [id] => 3
            [venta_id] => 2
            [producto_id] => 16
            [cantidad] => 1
            [precio] => 60000.00
        )

    [3] => Array
        (
            [id] => 4
            [venta_id] => 3
            [producto_id] => 15
            [cantidad] => 1
            [precio] => 33500.00
        )

    [4] => Array
        (
            [id] => 5
            [venta_id] => 4
            [producto_id] => 15
            [cantidad] => 1
            [precio] => 33500.00
        )

    [5] => Array
        (
            [id] => 6
            [venta_id] => 5
            [producto_id] => 15
            [cantidad] => 4
            [precio] => 134000.00
        )

    [6] => Array
        (
            [id] => 7
            [venta_id] => 5
            [producto_id] => 17
            [cantidad] => 1
            [precio] => 110000.00
        )

    [7] => Array
        (
            [id] => 8
            [venta_id] => 5
            [producto_id] => 16
            [cantidad] => 2
            [precio] => 120000.00
        )

    [8] => Array
        (
            [id] => 9
            [venta_id] => 6
            [producto_id] => 17
            [cantidad] => 1
            [precio] => 110000.00
        )

    [9] => Array
        (
            [id] => 10
            [venta_id] => 7
            [producto_id] => 35
            [cantidad] => 1
            [precio] => 80000.00
        )

    [10] => Array
        (
            [id] => 11
            [venta_id] => 7
            [producto_id] => 18
            [cantidad] => 1
            [precio] => 38900.00
        )

    [11] => Array
        (
            [id] => 12
            [venta_id] => 8
            [producto_id] => 21
            [cantidad] => 1
            [precio] => 16850.00
        )

    [12] => Array
        (
            [id] => 13
            [venta_id] => 8
            [producto_id] => 22
            [cantidad] => 5
            [precio] => 178000.00
        )

    [13] => Array
        (
            [id] => 14
            [venta_id] => 9
            [producto_id] => 17
            [cantidad] => 4
            [precio] => 110000.00
        )

    [14] => Array
        (
            [id] => 15
            [venta_id] => 10
            [producto_id] => 18
            [cantidad] => 1
            [precio] => 38900.00
        )

)

CRITICAL - 2025-06-19 17:28:57 --> ErrorException: include(C:\xampp\htdocs\proyecto_Martinez_Gonzalez\app\Views/front/carritoVista.php): Failed to open stream: No such file or directory
[Method: GET, Route: carrito/ajax]
in APPPATH\Controllers\CarritoController.php on line 244.
 1 APPPATH\Controllers\CarritoController.php(244): CodeIgniter\Debug\Exceptions->errorHandler(2, 'include(C:\\xampp\\htdocs\\proyecto_Martinez_Gonzalez\\app\\Views/front/carritoVista.php): Failed to open stream: No such file or directory', 'C:\\xampp\\htdocs\\proyecto_Martinez_Gonzalez\\app\\Controllers\\CarritoController.php', 244)
 2 APPPATH\Controllers\CarritoController.php(244): include()
 3 SYSTEMPATH\CodeIgniter.php(933): App\Controllers\CarritoController->ajax()
 4 SYSTEMPATH\CodeIgniter.php(507): CodeIgniter\CodeIgniter->runController(Object(App\Controllers\CarritoController))
 5 SYSTEMPATH\CodeIgniter.php(354): CodeIgniter\CodeIgniter->handleRequest(null, Object(Config\Cache), false)
 6 SYSTEMPATH\Boot.php(334): CodeIgniter\CodeIgniter->run()
 7 SYSTEMPATH\Boot.php(67): CodeIgniter\Boot::runCodeIgniter(Object(CodeIgniter\CodeIgniter))
 8 FCPATH\index.php(56): CodeIgniter\Boot::bootWeb(Object(Config\Paths))
CRITICAL - 2025-06-19 17:31:16 --> CodeIgniter\View\Exceptions\ViewException: Invalid file: "front/catalogoProductos.php"
[Method: GET, Route: catalogo]
in SYSTEMPATH\Exceptions\FrameworkException.php on line 39.
 1 SYSTEMPATH\View\View.php(212): CodeIgniter\Exceptions\FrameworkException::forInvalidFile('front/catalogoProductos.php')
 2 SYSTEMPATH\Common.php(1173): CodeIgniter\View\View->render('front/catalogoProductos', [], true)
 3 APPPATH\Controllers\Home.php(136): view('front/catalogoProductos', [...])
 4 SYSTEMPATH\CodeIgniter.php(933): App\Controllers\Home->aCatalogoProductos()
 5 SYSTEMPATH\CodeIgniter.php(507): CodeIgniter\CodeIgniter->runController(Object(App\Controllers\Home))
 6 SYSTEMPATH\CodeIgniter.php(354): CodeIgniter\CodeIgniter->handleRequest(null, Object(Config\Cache), false)
 7 SYSTEMPATH\Boot.php(334): CodeIgniter\CodeIgniter->run()
 8 SYSTEMPATH\Boot.php(67): CodeIgniter\Boot::runCodeIgniter(Object(CodeIgniter\CodeIgniter))
 9 FCPATH\index.php(56): CodeIgniter\Boot::bootWeb(Object(Config\Paths))
CRITICAL - 2025-06-19 17:32:43 --> CodeIgniter\View\Exceptions\ViewException: Invalid file: "front/sobreNosotros.php"
[Method: GET, Route: sobreNosotros]
in SYSTEMPATH\Exceptions\FrameworkException.php on line 39.
 1 SYSTEMPATH\View\View.php(212): CodeIgniter\Exceptions\FrameworkException::forInvalidFile('front/sobreNosotros.php')
 2 SYSTEMPATH\Common.php(1173): CodeIgniter\View\View->render('front/sobreNosotros', [], true)
 3 APPPATH\Controllers\Home.php(44): view('front/sobreNosotros')
 4 SYSTEMPATH\CodeIgniter.php(933): App\Controllers\Home->sobreNosotros()
 5 SYSTEMPATH\CodeIgniter.php(507): CodeIgniter\CodeIgniter->runController(Object(App\Controllers\Home))
 6 SYSTEMPATH\CodeIgniter.php(354): CodeIgniter\CodeIgniter->handleRequest(null, Object(Config\Cache), false)
 7 SYSTEMPATH\Boot.php(334): CodeIgniter\CodeIgniter->run()
 8 SYSTEMPATH\Boot.php(67): CodeIgniter\Boot::runCodeIgniter(Object(CodeIgniter\CodeIgniter))
 9 FCPATH\index.php(56): CodeIgniter\Boot::bootWeb(Object(Config\Paths))
CRITICAL - 2025-06-19 17:37:12 --> CodeIgniter\View\Exceptions\ViewException: Invalid file: "front/detalleProducto.php"
[Method: GET, Route: producto/20]
in SYSTEMPATH\Exceptions\FrameworkException.php on line 39.
 1 SYSTEMPATH\View\View.php(212): CodeIgniter\Exceptions\FrameworkException::forInvalidFile('front/detalleProducto.php')
 2 SYSTEMPATH\Common.php(1173): CodeIgniter\View\View->render('front/detalleProducto', [], true)
 3 APPPATH\Controllers\Home.php(94): view('front/detalleProducto', [...])
 4 SYSTEMPATH\CodeIgniter.php(933): App\Controllers\Home->aDetalleProducto('20')
 5 SYSTEMPATH\CodeIgniter.php(507): CodeIgniter\CodeIgniter->runController(Object(App\Controllers\Home))
 6 SYSTEMPATH\CodeIgniter.php(354): CodeIgniter\CodeIgniter->handleRequest(null, Object(Config\Cache), false)
 7 SYSTEMPATH\Boot.php(334): CodeIgniter\CodeIgniter->run()
 8 SYSTEMPATH\Boot.php(67): CodeIgniter\Boot::runCodeIgniter(Object(CodeIgniter\CodeIgniter))
 9 FCPATH\index.php(56): CodeIgniter\Boot::bootWeb(Object(Config\Paths))
CRITICAL - 2025-06-19 17:39:12 --> CodeIgniter\View\Exceptions\ViewException: Invalid file: "front/termYCondiciones.php"
[Method: GET, Route: termYCondiciones]
in SYSTEMPATH\Exceptions\FrameworkException.php on line 39.
 1 SYSTEMPATH\View\View.php(212): CodeIgniter\Exceptions\FrameworkException::forInvalidFile('front/termYCondiciones.php')
 2 SYSTEMPATH\Common.php(1173): CodeIgniter\View\View->render('front/termYCondiciones', [], true)
 3 APPPATH\Controllers\Home.php(52): view('front/termYCondiciones')
 4 SYSTEMPATH\CodeIgniter.php(933): App\Controllers\Home->termYCondiciones()
 5 SYSTEMPATH\CodeIgniter.php(507): CodeIgniter\CodeIgniter->runController(Object(App\Controllers\Home))
 6 SYSTEMPATH\CodeIgniter.php(354): CodeIgniter\CodeIgniter->handleRequest(null, Object(Config\Cache), false)
 7 SYSTEMPATH\Boot.php(334): CodeIgniter\CodeIgniter->run()
 8 SYSTEMPATH\Boot.php(67): CodeIgniter\Boot::runCodeIgniter(Object(CodeIgniter\CodeIgniter))
 9 FCPATH\index.php(56): CodeIgniter\Boot::bootWeb(Object(Config\Paths))
ERROR - 2025-06-19 17:44:02 --> An invalid name was submitted as the product name: Zapatilla pesca/deportiva The name can only contain alpha-numeric characters, dashes, underscores, colons, and spaces
ERROR - 2025-06-19 17:44:37 --> SQL getDetalles: SELECT `ventas_detalle`.`id`, `ventas_detalle`.`venta_id`, `ventas_detalle`.`producto_id`, `ventas_detalle`.`cantidad`, `ventas_detalle`.`precio`, `productos`.`nombre_prod`, `productos`.`imagen`, `productos`.`precio_vta`
FROM `ventas_detalle`
LEFT JOIN `productos` ON `productos`.`id` = `ventas_detalle`.`producto_id`
WHERE `ventas_detalle`.`venta_id` = 11
ORDER BY `ventas_detalle`.`id` ASC
ERROR - 2025-06-19 17:44:37 --> RESULTADO getDetalles: Array
(
    [0] => Array
        (
            [id] => 1
            [venta_id] => 1
            [producto_id] => 16
            [cantidad] => 6
            [precio] => 360000.00
        )

    [1] => Array
        (
            [id] => 2
            [venta_id] => 1
            [producto_id] => 22
            [cantidad] => 6
            [precio] => 1068000.00
        )

    [2] => Array
        (
            [id] => 3
            [venta_id] => 2
            [producto_id] => 16
            [cantidad] => 1
            [precio] => 60000.00
        )

    [3] => Array
        (
            [id] => 4
            [venta_id] => 3
            [producto_id] => 15
            [cantidad] => 1
            [precio] => 33500.00
        )

    [4] => Array
        (
            [id] => 5
            [venta_id] => 4
            [producto_id] => 15
            [cantidad] => 1
            [precio] => 33500.00
        )

    [5] => Array
        (
            [id] => 6
            [venta_id] => 5
            [producto_id] => 15
            [cantidad] => 4
            [precio] => 134000.00
        )

    [6] => Array
        (
            [id] => 7
            [venta_id] => 5
            [producto_id] => 17
            [cantidad] => 1
            [precio] => 110000.00
        )

    [7] => Array
        (
            [id] => 8
            [venta_id] => 5
            [producto_id] => 16
            [cantidad] => 2
            [precio] => 120000.00
        )

    [8] => Array
        (
            [id] => 9
            [venta_id] => 6
            [producto_id] => 17
            [cantidad] => 1
            [precio] => 110000.00
        )

    [9] => Array
        (
            [id] => 10
            [venta_id] => 7
            [producto_id] => 35
            [cantidad] => 1
            [precio] => 80000.00
        )

    [10] => Array
        (
            [id] => 11
            [venta_id] => 7
            [producto_id] => 18
            [cantidad] => 1
            [precio] => 38900.00
        )

    [11] => Array
        (
            [id] => 12
            [venta_id] => 8
            [producto_id] => 21
            [cantidad] => 1
            [precio] => 16850.00
        )

    [12] => Array
        (
            [id] => 13
            [venta_id] => 8
            [producto_id] => 22
            [cantidad] => 5
            [precio] => 178000.00
        )

    [13] => Array
        (
            [id] => 14
            [venta_id] => 9
            [producto_id] => 17
            [cantidad] => 4
            [precio] => 110000.00
        )

    [14] => Array
        (
            [id] => 15
            [venta_id] => 10
            [producto_id] => 18
            [cantidad] => 1
            [precio] => 38900.00
        )

    [15] => Array
        (
            [id] => 16
            [venta_id] => 11
            [producto_id] => 31
            [cantidad] => 24
            [precio] => 130000.00
        )

)

ERROR - 2025-06-19 17:45:10 --> SQL getDetalles: SELECT `ventas_detalle`.`id`, `ventas_detalle`.`venta_id`, `ventas_detalle`.`producto_id`, `ventas_detalle`.`cantidad`, `ventas_detalle`.`precio`, `productos`.`nombre_prod`, `productos`.`imagen`, `productos`.`precio_vta`
FROM `ventas_detalle`
LEFT JOIN `productos` ON `productos`.`id` = `ventas_detalle`.`producto_id`
WHERE `ventas_detalle`.`venta_id` = 11
ORDER BY `ventas_detalle`.`id` ASC
ERROR - 2025-06-19 17:45:10 --> RESULTADO getDetalles: Array
(
    [0] => Array
        (
            [id] => 1
            [venta_id] => 1
            [producto_id] => 16
            [cantidad] => 6
            [precio] => 360000.00
        )

    [1] => Array
        (
            [id] => 2
            [venta_id] => 1
            [producto_id] => 22
            [cantidad] => 6
            [precio] => 1068000.00
        )

    [2] => Array
        (
            [id] => 3
            [venta_id] => 2
            [producto_id] => 16
            [cantidad] => 1
            [precio] => 60000.00
        )

    [3] => Array
        (
            [id] => 4
            [venta_id] => 3
            [producto_id] => 15
            [cantidad] => 1
            [precio] => 33500.00
        )

    [4] => Array
        (
            [id] => 5
            [venta_id] => 4
            [producto_id] => 15
            [cantidad] => 1
            [precio] => 33500.00
        )

    [5] => Array
        (
            [id] => 6
            [venta_id] => 5
            [producto_id] => 15
            [cantidad] => 4
            [precio] => 134000.00
        )

    [6] => Array
        (
            [id] => 7
            [venta_id] => 5
            [producto_id] => 17
            [cantidad] => 1
            [precio] => 110000.00
        )

    [7] => Array
        (
            [id] => 8
            [venta_id] => 5
            [producto_id] => 16
            [cantidad] => 2
            [precio] => 120000.00
        )

    [8] => Array
        (
            [id] => 9
            [venta_id] => 6
            [producto_id] => 17
            [cantidad] => 1
            [precio] => 110000.00
        )

    [9] => Array
        (
            [id] => 10
            [venta_id] => 7
            [producto_id] => 35
            [cantidad] => 1
            [precio] => 80000.00
        )

    [10] => Array
        (
            [id] => 11
            [venta_id] => 7
            [producto_id] => 18
            [cantidad] => 1
            [precio] => 38900.00
        )

    [11] => Array
        (
            [id] => 12
            [venta_id] => 8
            [producto_id] => 21
            [cantidad] => 1
            [precio] => 16850.00
        )

    [12] => Array
        (
            [id] => 13
            [venta_id] => 8
            [producto_id] => 22
            [cantidad] => 5
            [precio] => 178000.00
        )

    [13] => Array
        (
            [id] => 14
            [venta_id] => 9
            [producto_id] => 17
            [cantidad] => 4
            [precio] => 110000.00
        )

    [14] => Array
        (
            [id] => 15
            [venta_id] => 10
            [producto_id] => 18
            [cantidad] => 1
            [precio] => 38900.00
        )

    [15] => Array
        (
            [id] => 16
            [venta_id] => 11
            [producto_id] => 31
            [cantidad] => 24
            [precio] => 130000.00
        )

)

ERROR - 2025-06-19 17:48:04 --> SQL getDetalles: SELECT `ventas_detalle`.`id`, `ventas_detalle`.`venta_id`, `ventas_detalle`.`producto_id`, `ventas_detalle`.`cantidad`, `ventas_detalle`.`precio`, `productos`.`nombre_prod`, `productos`.`imagen`, `productos`.`precio_vta`
FROM `ventas_detalle`
LEFT JOIN `productos` ON `productos`.`id` = `ventas_detalle`.`producto_id`
WHERE `ventas_detalle`.`venta_id` = 11
ORDER BY `ventas_detalle`.`id` ASC
ERROR - 2025-06-19 17:48:04 --> RESULTADO getDetalles: Array
(
    [0] => Array
        (
            [id] => 1
            [venta_id] => 1
            [producto_id] => 16
            [cantidad] => 6
            [precio] => 360000.00
        )

    [1] => Array
        (
            [id] => 2
            [venta_id] => 1
            [producto_id] => 22
            [cantidad] => 6
            [precio] => 1068000.00
        )

    [2] => Array
        (
            [id] => 3
            [venta_id] => 2
            [producto_id] => 16
            [cantidad] => 1
            [precio] => 60000.00
        )

    [3] => Array
        (
            [id] => 4
            [venta_id] => 3
            [producto_id] => 15
            [cantidad] => 1
            [precio] => 33500.00
        )

    [4] => Array
        (
            [id] => 5
            [venta_id] => 4
            [producto_id] => 15
            [cantidad] => 1
            [precio] => 33500.00
        )

    [5] => Array
        (
            [id] => 6
            [venta_id] => 5
            [producto_id] => 15
            [cantidad] => 4
            [precio] => 134000.00
        )

    [6] => Array
        (
            [id] => 7
            [venta_id] => 5
            [producto_id] => 17
            [cantidad] => 1
            [precio] => 110000.00
        )

    [7] => Array
        (
            [id] => 8
            [venta_id] => 5
            [producto_id] => 16
            [cantidad] => 2
            [precio] => 120000.00
        )

    [8] => Array
        (
            [id] => 9
            [venta_id] => 6
            [producto_id] => 17
            [cantidad] => 1
            [precio] => 110000.00
        )

    [9] => Array
        (
            [id] => 10
            [venta_id] => 7
            [producto_id] => 35
            [cantidad] => 1
            [precio] => 80000.00
        )

    [10] => Array
        (
            [id] => 11
            [venta_id] => 7
            [producto_id] => 18
            [cantidad] => 1
            [precio] => 38900.00
        )

    [11] => Array
        (
            [id] => 12
            [venta_id] => 8
            [producto_id] => 21
            [cantidad] => 1
            [precio] => 16850.00
        )

    [12] => Array
        (
            [id] => 13
            [venta_id] => 8
            [producto_id] => 22
            [cantidad] => 5
            [precio] => 178000.00
        )

    [13] => Array
        (
            [id] => 14
            [venta_id] => 9
            [producto_id] => 17
            [cantidad] => 4
            [precio] => 110000.00
        )

    [14] => Array
        (
            [id] => 15
            [venta_id] => 10
            [producto_id] => 18
            [cantidad] => 1
            [precio] => 38900.00
        )

    [15] => Array
        (
            [id] => 16
            [venta_id] => 11
            [producto_id] => 31
            [cantidad] => 24
            [precio] => 130000.00
        )

)

ERROR - 2025-06-19 17:48:13 --> SQL getDetalles: SELECT `ventas_detalle`.`id`, `ventas_detalle`.`venta_id`, `ventas_detalle`.`producto_id`, `ventas_detalle`.`cantidad`, `ventas_detalle`.`precio`, `productos`.`nombre_prod`, `productos`.`imagen`, `productos`.`precio_vta`
FROM `ventas_detalle`
LEFT JOIN `productos` ON `productos`.`id` = `ventas_detalle`.`producto_id`
WHERE `ventas_detalle`.`venta_id` = 7
ORDER BY `ventas_detalle`.`id` ASC
ERROR - 2025-06-19 17:48:13 --> RESULTADO getDetalles: Array
(
    [0] => Array
        (
            [id] => 1
            [venta_id] => 1
            [producto_id] => 16
            [cantidad] => 6
            [precio] => 360000.00
        )

    [1] => Array
        (
            [id] => 2
            [venta_id] => 1
            [producto_id] => 22
            [cantidad] => 6
            [precio] => 1068000.00
        )

    [2] => Array
        (
            [id] => 3
            [venta_id] => 2
            [producto_id] => 16
            [cantidad] => 1
            [precio] => 60000.00
        )

    [3] => Array
        (
            [id] => 4
            [venta_id] => 3
            [producto_id] => 15
            [cantidad] => 1
            [precio] => 33500.00
        )

    [4] => Array
        (
            [id] => 5
            [venta_id] => 4
            [producto_id] => 15
            [cantidad] => 1
            [precio] => 33500.00
        )

    [5] => Array
        (
            [id] => 6
            [venta_id] => 5
            [producto_id] => 15
            [cantidad] => 4
            [precio] => 134000.00
        )

    [6] => Array
        (
            [id] => 7
            [venta_id] => 5
            [producto_id] => 17
            [cantidad] => 1
            [precio] => 110000.00
        )

    [7] => Array
        (
            [id] => 8
            [venta_id] => 5
            [producto_id] => 16
            [cantidad] => 2
            [precio] => 120000.00
        )

    [8] => Array
        (
            [id] => 9
            [venta_id] => 6
            [producto_id] => 17
            [cantidad] => 1
            [precio] => 110000.00
        )

    [9] => Array
        (
            [id] => 10
            [venta_id] => 7
            [producto_id] => 35
            [cantidad] => 1
            [precio] => 80000.00
        )

    [10] => Array
        (
            [id] => 11
            [venta_id] => 7
            [producto_id] => 18
            [cantidad] => 1
            [precio] => 38900.00
        )

    [11] => Array
        (
            [id] => 12
            [venta_id] => 8
            [producto_id] => 21
            [cantidad] => 1
            [precio] => 16850.00
        )

    [12] => Array
        (
            [id] => 13
            [venta_id] => 8
            [producto_id] => 22
            [cantidad] => 5
            [precio] => 178000.00
        )

    [13] => Array
        (
            [id] => 14
            [venta_id] => 9
            [producto_id] => 17
            [cantidad] => 4
            [precio] => 110000.00
        )

    [14] => Array
        (
            [id] => 15
            [venta_id] => 10
            [producto_id] => 18
            [cantidad] => 1
            [precio] => 38900.00
        )

    [15] => Array
        (
            [id] => 16
            [venta_id] => 11
            [producto_id] => 31
            [cantidad] => 24
            [precio] => 130000.00
        )

)

ERROR - 2025-06-19 17:49:23 --> SQL getDetalles: SELECT `ventas_detalle`.`id`, `ventas_detalle`.`venta_id`, `ventas_detalle`.`producto_id`, `ventas_detalle`.`cantidad`, `ventas_detalle`.`precio`, `productos`.`nombre_prod`, `productos`.`imagen`, `productos`.`precio_vta`
FROM `ventas_detalle`
LEFT JOIN `productos` ON `productos`.`id` = `ventas_detalle`.`producto_id`
WHERE `ventas_detalle`.`venta_id` = 5
ORDER BY `ventas_detalle`.`id` ASC
ERROR - 2025-06-19 17:49:23 --> RESULTADO getDetalles: Array
(
    [0] => Array
        (
            [id] => 1
            [venta_id] => 1
            [producto_id] => 16
            [cantidad] => 6
            [precio] => 360000.00
        )

    [1] => Array
        (
            [id] => 2
            [venta_id] => 1
            [producto_id] => 22
            [cantidad] => 6
            [precio] => 1068000.00
        )

    [2] => Array
        (
            [id] => 3
            [venta_id] => 2
            [producto_id] => 16
            [cantidad] => 1
            [precio] => 60000.00
        )

    [3] => Array
        (
            [id] => 4
            [venta_id] => 3
            [producto_id] => 15
            [cantidad] => 1
            [precio] => 33500.00
        )

    [4] => Array
        (
            [id] => 5
            [venta_id] => 4
            [producto_id] => 15
            [cantidad] => 1
            [precio] => 33500.00
        )

    [5] => Array
        (
            [id] => 6
            [venta_id] => 5
            [producto_id] => 15
            [cantidad] => 4
            [precio] => 134000.00
        )

    [6] => Array
        (
            [id] => 7
            [venta_id] => 5
            [producto_id] => 17
            [cantidad] => 1
            [precio] => 110000.00
        )

    [7] => Array
        (
            [id] => 8
            [venta_id] => 5
            [producto_id] => 16
            [cantidad] => 2
            [precio] => 120000.00
        )

    [8] => Array
        (
            [id] => 9
            [venta_id] => 6
            [producto_id] => 17
            [cantidad] => 1
            [precio] => 110000.00
        )

    [9] => Array
        (
            [id] => 10
            [venta_id] => 7
            [producto_id] => 35
            [cantidad] => 1
            [precio] => 80000.00
        )

    [10] => Array
        (
            [id] => 11
            [venta_id] => 7
            [producto_id] => 18
            [cantidad] => 1
            [precio] => 38900.00
        )

    [11] => Array
        (
            [id] => 12
            [venta_id] => 8
            [producto_id] => 21
            [cantidad] => 1
            [precio] => 16850.00
        )

    [12] => Array
        (
            [id] => 13
            [venta_id] => 8
            [producto_id] => 22
            [cantidad] => 5
            [precio] => 178000.00
        )

    [13] => Array
        (
            [id] => 14
            [venta_id] => 9
            [producto_id] => 17
            [cantidad] => 4
            [precio] => 110000.00
        )

    [14] => Array
        (
            [id] => 15
            [venta_id] => 10
            [producto_id] => 18
            [cantidad] => 1
            [precio] => 38900.00
        )

    [15] => Array
        (
            [id] => 16
            [venta_id] => 11
            [producto_id] => 31
            [cantidad] => 24
            [precio] => 130000.00
        )

)

CRITICAL - 2025-06-19 18:07:24 --> CodeIgniter\Exceptions\BadMethodCallException: Call to undefined method App\Models\CategoriasModel::getCategorias
[Method: POST, Route: ProductoController/modifica/38]
in SYSTEMPATH\Model.php on line 930.
 1 APPPATH\Controllers\ProductoController.php(170): CodeIgniter\Model->__call('getCategorias', [])
 2 SYSTEMPATH\CodeIgniter.php(933): App\Controllers\ProductoController->modifica('38')
 3 SYSTEMPATH\CodeIgniter.php(507): CodeIgniter\CodeIgniter->runController(Object(App\Controllers\ProductoController))
 4 SYSTEMPATH\CodeIgniter.php(354): CodeIgniter\CodeIgniter->handleRequest(null, Object(Config\Cache), false)
 5 SYSTEMPATH\Boot.php(334): CodeIgniter\CodeIgniter->run()
 6 SYSTEMPATH\Boot.php(67): CodeIgniter\Boot::runCodeIgniter(Object(CodeIgniter\CodeIgniter))
 7 FCPATH\index.php(56): CodeIgniter\Boot::bootWeb(Object(Config\Paths))
