CRITICAL - 2025-06-17 03:15:32 --> ErrorException: require(C:\xampp\htdocs\proyecto_Martinez_Gonzalez\app\Controllers/carrito_controller.php): Failed to open stream: No such file or directory
[Method: GET, Route: carrito-comprar]
in APPPATH\Controllers\VentasController.php on line 13.
 1 APPPATH\Controllers\VentasController.php(13): CodeIgniter\Debug\Exceptions->errorHandler(2, 'require(C:\\xampp\\htdocs\\proyecto_Martinez_Gonzalez\\app\\Controllers/carrito_controller.php): Failed to open stream: No such file or directory', 'C:\\xampp\\htdocs\\proyecto_Martinez_Gonzalez\\app\\Controllers\\VentasController.php', 13)
 2 APPPATH\Controllers\VentasController.php(13): require()
 3 SYSTEMPATH\CodeIgniter.php(933): App\Controllers\Ventascontroller->registrar_venta()
 4 SYSTEMPATH\CodeIgniter.php(507): CodeIgniter\CodeIgniter->runController(Object(App\Controllers\Ventascontroller))
 5 SYSTEMPATH\CodeIgniter.php(354): CodeIgniter\CodeIgniter->handleRequest(null, Object(Config\Cache), false)
 6 SYSTEMPATH\Boot.php(334): CodeIgniter\CodeIgniter->run()
 7 SYSTEMPATH\Boot.php(67): CodeIgniter\Boot::runCodeIgniter(Object(CodeIgniter\CodeIgniter))
 8 FCPATH\index.php(56): CodeIgniter\Boot::bootWeb(Object(Config\Paths))
CRITICAL - 2025-06-17 03:24:24 --> Error: Call to a member function setJSON() on null
[Method: GET, Route: carrito-comprar]
in APPPATH\Controllers\CarritoController.php on line 139.
 1 APPPATH\Controllers\VentasController.php(18): App\Controllers\CarritoController->devolver_carrito()
 2 SYSTEMPATH\CodeIgniter.php(933): App\Controllers\Ventascontroller->registrar_venta()
 3 SYSTEMPATH\CodeIgniter.php(507): CodeIgniter\CodeIgniter->runController(Object(App\Controllers\Ventascontroller))
 4 SYSTEMPATH\CodeIgniter.php(354): CodeIgniter\CodeIgniter->handleRequest(null, Object(Config\Cache), false)
 5 SYSTEMPATH\Boot.php(334): CodeIgniter\CodeIgniter->run()
 6 SYSTEMPATH\Boot.php(67): CodeIgniter\Boot::runCodeIgniter(Object(CodeIgniter\CodeIgniter))
 7 FCPATH\index.php(56): CodeIgniter\Boot::bootWeb(Object(Config\Paths))
CRITICAL - 2025-06-17 04:15:48 --> CodeIgniter\View\Exceptions\ViewException: Invalid file: "back/head_view_crud.php"
[Method: GET, Route: admin-ventas]
in SYSTEMPATH\Exceptions\FrameworkException.php on line 39.
 1 SYSTEMPATH\View\View.php(212): CodeIgniter\Exceptions\FrameworkException::forInvalidFile('back/head_view_crud.php')
 2 SYSTEMPATH\Common.php(1173): CodeIgniter\View\View->render('back/head_view_crud', [], true)
 3 APPPATH\Controllers\VentasController.php(126): view('back/head_view_crud', [...])
 4 SYSTEMPATH\CodeIgniter.php(933): App\Controllers\Ventascontroller->administrar_ventas()
 5 SYSTEMPATH\CodeIgniter.php(507): CodeIgniter\CodeIgniter->runController(Object(App\Controllers\Ventascontroller))
 6 SYSTEMPATH\CodeIgniter.php(354): CodeIgniter\CodeIgniter->handleRequest(null, Object(Config\Cache), false)
 7 SYSTEMPATH\Boot.php(334): CodeIgniter\CodeIgniter->run()
 8 SYSTEMPATH\Boot.php(67): CodeIgniter\Boot::runCodeIgniter(Object(CodeIgniter\CodeIgniter))
 9 FCPATH\index.php(56): CodeIgniter\Boot::bootWeb(Object(Config\Paths))
ERROR - 2025-06-17 23:35:59 --> mysqli_sql_exception: Unknown column 'categorias.nombre' in 'field list' in C:\xampp\htdocs\proyecto_Martinez_Gonzalez\system\Database\MySQLi\Connection.php:327
Stack trace:
#0 C:\xampp\htdocs\proyecto_Martinez_Gonzalez\system\Database\MySQLi\Connection.php(327): mysqli->query('SELECT `ventas_...', 0)
#1 C:\xampp\htdocs\proyecto_Martinez_Gonzalez\system\Database\BaseConnection.php(738): CodeIgniter\Database\MySQLi\Connection->execute('SELECT `ventas_...')
#2 C:\xampp\htdocs\proyecto_Martinez_Gonzalez\system\Database\BaseConnection.php(652): CodeIgniter\Database\BaseConnection->simpleQuery('SELECT `ventas_...')
#3 C:\xampp\htdocs\proyecto_Martinez_Gonzalez\system\Database\BaseBuilder.php(1649): CodeIgniter\Database\BaseConnection->query('SELECT `ventas_...', Array, false)
#4 C:\xampp\htdocs\proyecto_Martinez_Gonzalez\app\Models\VentasDetalleModel.php(43): CodeIgniter\Database\BaseBuilder->get()
#5 C:\xampp\htdocs\proyecto_Martinez_Gonzalez\app\Controllers\VentasController.php(220): App\Models\VentasDetalleModel->getDetalles('16')
#6 C:\xampp\htdocs\proyecto_Martinez_Gonzalez\system\CodeIgniter.php(933): App\Controllers\Ventascontroller->detalle_compra('16')
#7 C:\xampp\htdocs\proyecto_Martinez_Gonzalez\system\CodeIgniter.php(507): CodeIgniter\CodeIgniter->runController(Object(App\Controllers\Ventascontroller))
#8 C:\xampp\htdocs\proyecto_Martinez_Gonzalez\system\CodeIgniter.php(354): CodeIgniter\CodeIgniter->handleRequest(NULL, Object(Config\Cache), false)
#9 C:\xampp\htdocs\proyecto_Martinez_Gonzalez\system\Boot.php(334): CodeIgniter\CodeIgniter->run()
#10 C:\xampp\htdocs\proyecto_Martinez_Gonzalez\system\Boot.php(67): CodeIgniter\Boot::runCodeIgniter(Object(CodeIgniter\CodeIgniter))
#11 C:\xampp\htdocs\proyecto_Martinez_Gonzalez\index.php(56): CodeIgniter\Boot::bootWeb(Object(Config\Paths))
#12 {main}
ERROR - 2025-06-17 23:35:59 --> Error en consulta getDetalles: Unknown column 'categorias.nombre' in 'field list' - ID Venta: 16
ERROR - 2025-06-17 23:36:01 --> mysqli_sql_exception: Unknown column 'categorias.nombre' in 'field list' in C:\xampp\htdocs\proyecto_Martinez_Gonzalez\system\Database\MySQLi\Connection.php:327
Stack trace:
#0 C:\xampp\htdocs\proyecto_Martinez_Gonzalez\system\Database\MySQLi\Connection.php(327): mysqli->query('SELECT `ventas_...', 0)
#1 C:\xampp\htdocs\proyecto_Martinez_Gonzalez\system\Database\BaseConnection.php(738): CodeIgniter\Database\MySQLi\Connection->execute('SELECT `ventas_...')
#2 C:\xampp\htdocs\proyecto_Martinez_Gonzalez\system\Database\BaseConnection.php(652): CodeIgniter\Database\BaseConnection->simpleQuery('SELECT `ventas_...')
#3 C:\xampp\htdocs\proyecto_Martinez_Gonzalez\system\Database\BaseBuilder.php(1649): CodeIgniter\Database\BaseConnection->query('SELECT `ventas_...', Array, false)
#4 C:\xampp\htdocs\proyecto_Martinez_Gonzalez\app\Models\VentasDetalleModel.php(43): CodeIgniter\Database\BaseBuilder->get()
#5 C:\xampp\htdocs\proyecto_Martinez_Gonzalez\app\Controllers\VentasController.php(220): App\Models\VentasDetalleModel->getDetalles('16')
#6 C:\xampp\htdocs\proyecto_Martinez_Gonzalez\system\CodeIgniter.php(933): App\Controllers\Ventascontroller->detalle_compra('16')
#7 C:\xampp\htdocs\proyecto_Martinez_Gonzalez\system\CodeIgniter.php(507): CodeIgniter\CodeIgniter->runController(Object(App\Controllers\Ventascontroller))
#8 C:\xampp\htdocs\proyecto_Martinez_Gonzalez\system\CodeIgniter.php(354): CodeIgniter\CodeIgniter->handleRequest(NULL, Object(Config\Cache), false)
#9 C:\xampp\htdocs\proyecto_Martinez_Gonzalez\system\Boot.php(334): CodeIgniter\CodeIgniter->run()
#10 C:\xampp\htdocs\proyecto_Martinez_Gonzalez\system\Boot.php(67): CodeIgniter\Boot::runCodeIgniter(Object(CodeIgniter\CodeIgniter))
#11 C:\xampp\htdocs\proyecto_Martinez_Gonzalez\index.php(56): CodeIgniter\Boot::bootWeb(Object(Config\Paths))
#12 {main}
ERROR - 2025-06-17 23:36:01 --> Error en consulta getDetalles: Unknown column 'categorias.nombre' in 'field list' - ID Venta: 16
ERROR - 2025-06-17 23:36:02 --> mysqli_sql_exception: Unknown column 'categorias.nombre' in 'field list' in C:\xampp\htdocs\proyecto_Martinez_Gonzalez\system\Database\MySQLi\Connection.php:327
Stack trace:
#0 C:\xampp\htdocs\proyecto_Martinez_Gonzalez\system\Database\MySQLi\Connection.php(327): mysqli->query('SELECT `ventas_...', 0)
#1 C:\xampp\htdocs\proyecto_Martinez_Gonzalez\system\Database\BaseConnection.php(738): CodeIgniter\Database\MySQLi\Connection->execute('SELECT `ventas_...')
#2 C:\xampp\htdocs\proyecto_Martinez_Gonzalez\system\Database\BaseConnection.php(652): CodeIgniter\Database\BaseConnection->simpleQuery('SELECT `ventas_...')
#3 C:\xampp\htdocs\proyecto_Martinez_Gonzalez\system\Database\BaseBuilder.php(1649): CodeIgniter\Database\BaseConnection->query('SELECT `ventas_...', Array, false)
#4 C:\xampp\htdocs\proyecto_Martinez_Gonzalez\app\Models\VentasDetalleModel.php(43): CodeIgniter\Database\BaseBuilder->get()
#5 C:\xampp\htdocs\proyecto_Martinez_Gonzalez\app\Controllers\VentasController.php(220): App\Models\VentasDetalleModel->getDetalles('16')
#6 C:\xampp\htdocs\proyecto_Martinez_Gonzalez\system\CodeIgniter.php(933): App\Controllers\Ventascontroller->detalle_compra('16')
#7 C:\xampp\htdocs\proyecto_Martinez_Gonzalez\system\CodeIgniter.php(507): CodeIgniter\CodeIgniter->runController(Object(App\Controllers\Ventascontroller))
#8 C:\xampp\htdocs\proyecto_Martinez_Gonzalez\system\CodeIgniter.php(354): CodeIgniter\CodeIgniter->handleRequest(NULL, Object(Config\Cache), false)
#9 C:\xampp\htdocs\proyecto_Martinez_Gonzalez\system\Boot.php(334): CodeIgniter\CodeIgniter->run()
#10 C:\xampp\htdocs\proyecto_Martinez_Gonzalez\system\Boot.php(67): CodeIgniter\Boot::runCodeIgniter(Object(CodeIgniter\CodeIgniter))
#11 C:\xampp\htdocs\proyecto_Martinez_Gonzalez\index.php(56): CodeIgniter\Boot::bootWeb(Object(Config\Paths))
#12 {main}
ERROR - 2025-06-17 23:36:02 --> Error en consulta getDetalles: Unknown column 'categorias.nombre' in 'field list' - ID Venta: 16
ERROR - 2025-06-17 23:36:04 --> mysqli_sql_exception: Unknown column 'categorias.nombre' in 'field list' in C:\xampp\htdocs\proyecto_Martinez_Gonzalez\system\Database\MySQLi\Connection.php:327
Stack trace:
#0 C:\xampp\htdocs\proyecto_Martinez_Gonzalez\system\Database\MySQLi\Connection.php(327): mysqli->query('SELECT `ventas_...', 0)
#1 C:\xampp\htdocs\proyecto_Martinez_Gonzalez\system\Database\BaseConnection.php(738): CodeIgniter\Database\MySQLi\Connection->execute('SELECT `ventas_...')
#2 C:\xampp\htdocs\proyecto_Martinez_Gonzalez\system\Database\BaseConnection.php(652): CodeIgniter\Database\BaseConnection->simpleQuery('SELECT `ventas_...')
#3 C:\xampp\htdocs\proyecto_Martinez_Gonzalez\system\Database\BaseBuilder.php(1649): CodeIgniter\Database\BaseConnection->query('SELECT `ventas_...', Array, false)
#4 C:\xampp\htdocs\proyecto_Martinez_Gonzalez\app\Models\VentasDetalleModel.php(43): CodeIgniter\Database\BaseBuilder->get()
#5 C:\xampp\htdocs\proyecto_Martinez_Gonzalez\app\Controllers\VentasController.php(220): App\Models\VentasDetalleModel->getDetalles('16')
#6 C:\xampp\htdocs\proyecto_Martinez_Gonzalez\system\CodeIgniter.php(933): App\Controllers\Ventascontroller->detalle_compra('16')
#7 C:\xampp\htdocs\proyecto_Martinez_Gonzalez\system\CodeIgniter.php(507): CodeIgniter\CodeIgniter->runController(Object(App\Controllers\Ventascontroller))
#8 C:\xampp\htdocs\proyecto_Martinez_Gonzalez\system\CodeIgniter.php(354): CodeIgniter\CodeIgniter->handleRequest(NULL, Object(Config\Cache), false)
#9 C:\xampp\htdocs\proyecto_Martinez_Gonzalez\system\Boot.php(334): CodeIgniter\CodeIgniter->run()
#10 C:\xampp\htdocs\proyecto_Martinez_Gonzalez\system\Boot.php(67): CodeIgniter\Boot::runCodeIgniter(Object(CodeIgniter\CodeIgniter))
#11 C:\xampp\htdocs\proyecto_Martinez_Gonzalez\index.php(56): CodeIgniter\Boot::bootWeb(Object(Config\Paths))
#12 {main}
ERROR - 2025-06-17 23:36:04 --> Error en consulta getDetalles: Unknown column 'categorias.nombre' in 'field list' - ID Venta: 16
ERROR - 2025-06-17 23:38:24 --> mysqli_sql_exception: Unknown column 'categorias.nombre' in 'field list' in C:\xampp\htdocs\proyecto_Martinez_Gonzalez\system\Database\MySQLi\Connection.php:327
Stack trace:
#0 C:\xampp\htdocs\proyecto_Martinez_Gonzalez\system\Database\MySQLi\Connection.php(327): mysqli->query('SELECT `ventas_...', 0)
#1 C:\xampp\htdocs\proyecto_Martinez_Gonzalez\system\Database\BaseConnection.php(738): CodeIgniter\Database\MySQLi\Connection->execute('SELECT `ventas_...')
#2 C:\xampp\htdocs\proyecto_Martinez_Gonzalez\system\Database\BaseConnection.php(652): CodeIgniter\Database\BaseConnection->simpleQuery('SELECT `ventas_...')
#3 C:\xampp\htdocs\proyecto_Martinez_Gonzalez\system\Database\BaseBuilder.php(1649): CodeIgniter\Database\BaseConnection->query('SELECT `ventas_...', Array, false)
#4 C:\xampp\htdocs\proyecto_Martinez_Gonzalez\app\Models\VentasDetalleModel.php(43): CodeIgniter\Database\BaseBuilder->get()
#5 C:\xampp\htdocs\proyecto_Martinez_Gonzalez\app\Controllers\VentasController.php(220): App\Models\VentasDetalleModel->getDetalles('6')
#6 C:\xampp\htdocs\proyecto_Martinez_Gonzalez\system\CodeIgniter.php(933): App\Controllers\Ventascontroller->detalle_compra('6')
#7 C:\xampp\htdocs\proyecto_Martinez_Gonzalez\system\CodeIgniter.php(507): CodeIgniter\CodeIgniter->runController(Object(App\Controllers\Ventascontroller))
#8 C:\xampp\htdocs\proyecto_Martinez_Gonzalez\system\CodeIgniter.php(354): CodeIgniter\CodeIgniter->handleRequest(NULL, Object(Config\Cache), false)
#9 C:\xampp\htdocs\proyecto_Martinez_Gonzalez\system\Boot.php(334): CodeIgniter\CodeIgniter->run()
#10 C:\xampp\htdocs\proyecto_Martinez_Gonzalez\system\Boot.php(67): CodeIgniter\Boot::runCodeIgniter(Object(CodeIgniter\CodeIgniter))
#11 C:\xampp\htdocs\proyecto_Martinez_Gonzalez\index.php(56): CodeIgniter\Boot::bootWeb(Object(Config\Paths))
#12 {main}
ERROR - 2025-06-17 23:38:24 --> Error en consulta getDetalles: Unknown column 'categorias.nombre' in 'field list' - ID Venta: 6
ERROR - 2025-06-17 23:39:00 --> mysqli_sql_exception: Unknown column 'categorias.nombre' in 'field list' in C:\xampp\htdocs\proyecto_Martinez_Gonzalez\system\Database\MySQLi\Connection.php:327
Stack trace:
#0 C:\xampp\htdocs\proyecto_Martinez_Gonzalez\system\Database\MySQLi\Connection.php(327): mysqli->query('SELECT `ventas_...', 0)
#1 C:\xampp\htdocs\proyecto_Martinez_Gonzalez\system\Database\BaseConnection.php(738): CodeIgniter\Database\MySQLi\Connection->execute('SELECT `ventas_...')
#2 C:\xampp\htdocs\proyecto_Martinez_Gonzalez\system\Database\BaseConnection.php(652): CodeIgniter\Database\BaseConnection->simpleQuery('SELECT `ventas_...')
#3 C:\xampp\htdocs\proyecto_Martinez_Gonzalez\system\Database\BaseBuilder.php(1649): CodeIgniter\Database\BaseConnection->query('SELECT `ventas_...', Array, false)
#4 C:\xampp\htdocs\proyecto_Martinez_Gonzalez\app\Models\VentasDetalleModel.php(43): CodeIgniter\Database\BaseBuilder->get()
#5 C:\xampp\htdocs\proyecto_Martinez_Gonzalez\app\Controllers\VentasController.php(220): App\Models\VentasDetalleModel->getDetalles('16')
#6 C:\xampp\htdocs\proyecto_Martinez_Gonzalez\system\CodeIgniter.php(933): App\Controllers\Ventascontroller->detalle_compra('16')
#7 C:\xampp\htdocs\proyecto_Martinez_Gonzalez\system\CodeIgniter.php(507): CodeIgniter\CodeIgniter->runController(Object(App\Controllers\Ventascontroller))
#8 C:\xampp\htdocs\proyecto_Martinez_Gonzalez\system\CodeIgniter.php(354): CodeIgniter\CodeIgniter->handleRequest(NULL, Object(Config\Cache), false)
#9 C:\xampp\htdocs\proyecto_Martinez_Gonzalez\system\Boot.php(334): CodeIgniter\CodeIgniter->run()
#10 C:\xampp\htdocs\proyecto_Martinez_Gonzalez\system\Boot.php(67): CodeIgniter\Boot::runCodeIgniter(Object(CodeIgniter\CodeIgniter))
#11 C:\xampp\htdocs\proyecto_Martinez_Gonzalez\index.php(56): CodeIgniter\Boot::bootWeb(Object(Config\Paths))
#12 {main}
ERROR - 2025-06-17 23:39:00 --> Error en consulta getDetalles: Unknown column 'categorias.nombre' in 'field list' - ID Venta: 16
ERROR - 2025-06-17 23:44:37 --> mysqli_sql_exception: Unknown column 'categorias.nombre' in 'field list' in C:\xampp\htdocs\proyecto_Martinez_Gonzalez\system\Database\MySQLi\Connection.php:327
Stack trace:
#0 C:\xampp\htdocs\proyecto_Martinez_Gonzalez\system\Database\MySQLi\Connection.php(327): mysqli->query('SELECT `ventas_...', 0)
#1 C:\xampp\htdocs\proyecto_Martinez_Gonzalez\system\Database\BaseConnection.php(738): CodeIgniter\Database\MySQLi\Connection->execute('SELECT `ventas_...')
#2 C:\xampp\htdocs\proyecto_Martinez_Gonzalez\system\Database\BaseConnection.php(652): CodeIgniter\Database\BaseConnection->simpleQuery('SELECT `ventas_...')
#3 C:\xampp\htdocs\proyecto_Martinez_Gonzalez\system\Database\BaseBuilder.php(1649): CodeIgniter\Database\BaseConnection->query('SELECT `ventas_...', Array, false)
#4 C:\xampp\htdocs\proyecto_Martinez_Gonzalez\app\Models\VentasDetalleModel.php(42): CodeIgniter\Database\BaseBuilder->get()
#5 C:\xampp\htdocs\proyecto_Martinez_Gonzalez\app\Controllers\VentasController.php(236): App\Models\VentasDetalleModel->getDetalles('2')
#6 C:\xampp\htdocs\proyecto_Martinez_Gonzalez\system\CodeIgniter.php(933): App\Controllers\Ventascontroller->detalle_compra('2')
#7 C:\xampp\htdocs\proyecto_Martinez_Gonzalez\system\CodeIgniter.php(507): CodeIgniter\CodeIgniter->runController(Object(App\Controllers\Ventascontroller))
#8 C:\xampp\htdocs\proyecto_Martinez_Gonzalez\system\CodeIgniter.php(354): CodeIgniter\CodeIgniter->handleRequest(NULL, Object(Config\Cache), false)
#9 C:\xampp\htdocs\proyecto_Martinez_Gonzalez\system\Boot.php(334): CodeIgniter\CodeIgniter->run()
#10 C:\xampp\htdocs\proyecto_Martinez_Gonzalez\system\Boot.php(67): CodeIgniter\Boot::runCodeIgniter(Object(CodeIgniter\CodeIgniter))
#11 C:\xampp\htdocs\proyecto_Martinez_Gonzalez\index.php(56): CodeIgniter\Boot::bootWeb(Object(Config\Paths))
#12 {main}
ERROR - 2025-06-17 23:44:37 --> Error en consulta getDetalles: Unknown column 'categorias.nombre' in 'field list' - ID Venta: 2
ERROR - 2025-06-17 23:45:17 --> mysqli_sql_exception: Unknown column 'categorias.nombre' in 'field list' in C:\xampp\htdocs\proyecto_Martinez_Gonzalez\system\Database\MySQLi\Connection.php:327
Stack trace:
#0 C:\xampp\htdocs\proyecto_Martinez_Gonzalez\system\Database\MySQLi\Connection.php(327): mysqli->query('SELECT `ventas_...', 0)
#1 C:\xampp\htdocs\proyecto_Martinez_Gonzalez\system\Database\BaseConnection.php(738): CodeIgniter\Database\MySQLi\Connection->execute('SELECT `ventas_...')
#2 C:\xampp\htdocs\proyecto_Martinez_Gonzalez\system\Database\BaseConnection.php(652): CodeIgniter\Database\BaseConnection->simpleQuery('SELECT `ventas_...')
#3 C:\xampp\htdocs\proyecto_Martinez_Gonzalez\system\Database\BaseBuilder.php(1649): CodeIgniter\Database\BaseConnection->query('SELECT `ventas_...', Array, false)
#4 C:\xampp\htdocs\proyecto_Martinez_Gonzalez\app\Models\VentasDetalleModel.php(42): CodeIgniter\Database\BaseBuilder->get()
#5 C:\xampp\htdocs\proyecto_Martinez_Gonzalez\app\Controllers\VentasController.php(236): App\Models\VentasDetalleModel->getDetalles('2')
#6 C:\xampp\htdocs\proyecto_Martinez_Gonzalez\system\CodeIgniter.php(933): App\Controllers\Ventascontroller->detalle_compra('2')
#7 C:\xampp\htdocs\proyecto_Martinez_Gonzalez\system\CodeIgniter.php(507): CodeIgniter\CodeIgniter->runController(Object(App\Controllers\Ventascontroller))
#8 C:\xampp\htdocs\proyecto_Martinez_Gonzalez\system\CodeIgniter.php(354): CodeIgniter\CodeIgniter->handleRequest(NULL, Object(Config\Cache), false)
#9 C:\xampp\htdocs\proyecto_Martinez_Gonzalez\system\Boot.php(334): CodeIgniter\CodeIgniter->run()
#10 C:\xampp\htdocs\proyecto_Martinez_Gonzalez\system\Boot.php(67): CodeIgniter\Boot::runCodeIgniter(Object(CodeIgniter\CodeIgniter))
#11 C:\xampp\htdocs\proyecto_Martinez_Gonzalez\index.php(56): CodeIgniter\Boot::bootWeb(Object(Config\Paths))
#12 {main}
ERROR - 2025-06-17 23:45:17 --> Error en consulta getDetalles: Unknown column 'categorias.nombre' in 'field list' - ID Venta: 2
CRITICAL - 2025-06-17 23:54:35 --> ParseError: syntax error, unexpected token "*"
[Method: GET, Route: detalle-compra/1]
in APPPATH\Models\VentasDetalleModel.php on line 14.
 1 SYSTEMPATH\Autoloader\Autoloader.php(295): CodeIgniter\Autoloader\Autoloader->includeFile('C:\\xampp\\htdocs\\proyecto_Martinez_Gonzalez\\app\\Models\\VentasDetalleModel.php')
 2 SYSTEMPATH\Autoloader\Autoloader.php(271): CodeIgniter\Autoloader\Autoloader->loadInNamespace('App\\Models\\VentasDetalleModel')
 3 APPPATH\Controllers\VentasController.php(235): CodeIgniter\Autoloader\Autoloader->loadClass('App\\Models\\VentasDetalleModel')
 4 SYSTEMPATH\CodeIgniter.php(933): App\Controllers\Ventascontroller->detalle_compra('1')
 5 SYSTEMPATH\CodeIgniter.php(507): CodeIgniter\CodeIgniter->runController(Object(App\Controllers\Ventascontroller))
 6 SYSTEMPATH\CodeIgniter.php(354): CodeIgniter\CodeIgniter->handleRequest(null, Object(Config\Cache), false)
 7 SYSTEMPATH\Boot.php(334): CodeIgniter\CodeIgniter->run()
 8 SYSTEMPATH\Boot.php(67): CodeIgniter\Boot::runCodeIgniter(Object(CodeIgniter\CodeIgniter))
 9 FCPATH\index.php(56): CodeIgniter\Boot::bootWeb(Object(Config\Paths))
CRITICAL - 2025-06-17 23:55:01 --> ParseError: syntax error, unexpected token "*"
[Method: GET, Route: detalle-compra/1]
in APPPATH\Models\VentasDetalleModel.php on line 14.
 1 SYSTEMPATH\Autoloader\Autoloader.php(295): CodeIgniter\Autoloader\Autoloader->includeFile('C:\\xampp\\htdocs\\proyecto_Martinez_Gonzalez\\app\\Models\\VentasDetalleModel.php')
 2 SYSTEMPATH\Autoloader\Autoloader.php(271): CodeIgniter\Autoloader\Autoloader->loadInNamespace('App\\Models\\VentasDetalleModel')
 3 APPPATH\Controllers\VentasController.php(235): CodeIgniter\Autoloader\Autoloader->loadClass('App\\Models\\VentasDetalleModel')
 4 SYSTEMPATH\CodeIgniter.php(933): App\Controllers\Ventascontroller->detalle_compra('1')
 5 SYSTEMPATH\CodeIgniter.php(507): CodeIgniter\CodeIgniter->runController(Object(App\Controllers\Ventascontroller))
 6 SYSTEMPATH\CodeIgniter.php(354): CodeIgniter\CodeIgniter->handleRequest(null, Object(Config\Cache), false)
 7 SYSTEMPATH\Boot.php(334): CodeIgniter\CodeIgniter->run()
 8 SYSTEMPATH\Boot.php(67): CodeIgniter\Boot::runCodeIgniter(Object(CodeIgniter\CodeIgniter))
 9 FCPATH\index.php(56): CodeIgniter\Boot::bootWeb(Object(Config\Paths))
