CRITICAL - 2025-06-16 23:14:22 --> ParseError: syntax error, unexpected token "\"
[Method: GET, Route: mis-compras]
in APPPATH\Filters\AuthUser.php on line 12.
 1 SYSTEMPATH\Autoloader\Autoloader.php(295): CodeIgniter\Autoloader\Autoloader->includeFile('C:\\xampp\\htdocs\\proyecto_Martinez_Gonzalez\\app\\Filters\\AuthUser.php')
 2 SYSTEMPATH\Autoloader\Autoloader.php(271): CodeIgniter\Autoloader\Autoloader->loadInNamespace('App\\Filters\\AuthUser')
 3 SYSTEMPATH\Filters\Filters.php(299): CodeIgniter\Autoloader\Autoloader->loadClass('App\\Filters\\AuthUser')
 4 SYSTEMPATH\Filters\Filters.php(239): CodeIgniter\Filters\Filters->createFilter('App\\Filters\\AuthUser')
 5 SYSTEMPATH\Filters\Filters.php(221): CodeIgniter\Filters\Filters->runBefore([...])
 6 SYSTEMPATH\CodeIgniter.php(479): CodeIgniter\Filters\Filters->run('mis-compras', 'before')
 7 SYSTEMPATH\CodeIgniter.php(354): CodeIgniter\CodeIgniter->handleRequest(null, Object(Config\Cache), false)
 8 SYSTEMPATH\Boot.php(334): CodeIgniter\CodeIgniter->run()
 9 SYSTEMPATH\Boot.php(67): CodeIgniter\Boot::runCodeIgniter(Object(CodeIgniter\CodeIgniter))
10 FCPATH\index.php(56): CodeIgniter\Boot::bootWeb(Object(Config\Paths))
ERROR - 2025-06-16 23:15:35 --> ID de usuario no encontrado en la sesi贸n al intentar ver misCompras.
ERROR - 2025-06-16 23:15:39 --> ID de usuario no encontrado en la sesi贸n al intentar ver misCompras.
ERROR - 2025-06-16 23:16:15 --> ID de usuario no encontrado en la sesi贸n al intentar ver misCompras.
ERROR - 2025-06-16 23:16:53 --> ID de usuario no encontrado en la sesi贸n al intentar ver misCompras.
ERROR - 2025-06-16 23:19:18 --> mysqli_sql_exception: Unknown column 'fecha_alta' in 'order clause' in C:\xampp\htdocs\proyecto_Martinez_Gonzalez\system\Database\MySQLi\Connection.php:327
Stack trace:
#0 C:\xampp\htdocs\proyecto_Martinez_Gonzalez\system\Database\MySQLi\Connection.php(327): mysqli->query('SELECT *\nFROM `...', 0)
#1 C:\xampp\htdocs\proyecto_Martinez_Gonzalez\system\Database\BaseConnection.php(738): CodeIgniter\Database\MySQLi\Connection->execute('SELECT *\nFROM `...')
#2 C:\xampp\htdocs\proyecto_Martinez_Gonzalez\system\Database\BaseConnection.php(652): CodeIgniter\Database\BaseConnection->simpleQuery('SELECT *\nFROM `...')
#3 C:\xampp\htdocs\proyecto_Martinez_Gonzalez\system\Database\BaseBuilder.php(1649): CodeIgniter\Database\BaseConnection->query('SELECT *\nFROM `...', Array, false)
#4 C:\xampp\htdocs\proyecto_Martinez_Gonzalez\system\Model.php(286): CodeIgniter\Database\BaseBuilder->get()
#5 C:\xampp\htdocs\proyecto_Martinez_Gonzalez\system\BaseModel.php(675): CodeIgniter\Model->doFindAll(0, 0)
#6 C:\xampp\htdocs\proyecto_Martinez_Gonzalez\app\Controllers\VentasController.php(132): CodeIgniter\BaseModel->findAll()
#7 C:\xampp\htdocs\proyecto_Martinez_Gonzalez\system\CodeIgniter.php(933): App\Controllers\Ventascontroller->misCompras()
#8 C:\xampp\htdocs\proyecto_Martinez_Gonzalez\system\CodeIgniter.php(507): CodeIgniter\CodeIgniter->runController(Object(App\Controllers\Ventascontroller))
#9 C:\xampp\htdocs\proyecto_Martinez_Gonzalez\system\CodeIgniter.php(354): CodeIgniter\CodeIgniter->handleRequest(NULL, Object(Config\Cache), false)
#10 C:\xampp\htdocs\proyecto_Martinez_Gonzalez\system\Boot.php(334): CodeIgniter\CodeIgniter->run()
#11 C:\xampp\htdocs\proyecto_Martinez_Gonzalez\system\Boot.php(67): CodeIgniter\Boot::runCodeIgniter(Object(CodeIgniter\CodeIgniter))
#12 C:\xampp\htdocs\proyecto_Martinez_Gonzalez\index.php(56): CodeIgniter\Boot::bootWeb(Object(Config\Paths))
#13 {main}
CRITICAL - 2025-06-16 23:19:18 --> Error: Call to a member function getResult() on bool
[Method: GET, Route: mis-compras]
in SYSTEMPATH\Model.php on line 287.
 1 SYSTEMPATH\BaseModel.php(675): CodeIgniter\Model->doFindAll(0, 0)
 2 APPPATH\Controllers\VentasController.php(132): CodeIgniter\BaseModel->findAll()
 3 SYSTEMPATH\CodeIgniter.php(933): App\Controllers\Ventascontroller->misCompras()
 4 SYSTEMPATH\CodeIgniter.php(507): CodeIgniter\CodeIgniter->runController(Object(App\Controllers\Ventascontroller))
 5 SYSTEMPATH\CodeIgniter.php(354): CodeIgniter\CodeIgniter->handleRequest(null, Object(Config\Cache), false)
 6 SYSTEMPATH\Boot.php(334): CodeIgniter\CodeIgniter->run()
 7 SYSTEMPATH\Boot.php(67): CodeIgniter\Boot::runCodeIgniter(Object(CodeIgniter\CodeIgniter))
 8 FCPATH\index.php(56): CodeIgniter\Boot::bootWeb(Object(Config\Paths))
CRITICAL - 2025-06-16 23:22:13 --> ParseError: syntax error, unexpected variable "$db", expecting "function" or "const"
[Method: GET, Route: mis-compras]
in APPPATH\Models\VentasCabeceraModel.php on line 13.
 1 SYSTEMPATH\Autoloader\Autoloader.php(295): CodeIgniter\Autoloader\Autoloader->includeFile('C:\\xampp\\htdocs\\proyecto_Martinez_Gonzalez\\app\\Models\\VentasCabeceraModel.php')
 2 SYSTEMPATH\Autoloader\Autoloader.php(271): CodeIgniter\Autoloader\Autoloader->loadInNamespace('App\\Models\\VentasCabeceraModel')
 3 APPPATH\Controllers\VentasController.php(128): CodeIgniter\Autoloader\Autoloader->loadClass('App\\Models\\VentasCabeceraModel')
 4 SYSTEMPATH\CodeIgniter.php(933): App\Controllers\Ventascontroller->misCompras()
 5 SYSTEMPATH\CodeIgniter.php(507): CodeIgniter\CodeIgniter->runController(Object(App\Controllers\Ventascontroller))
 6 SYSTEMPATH\CodeIgniter.php(354): CodeIgniter\CodeIgniter->handleRequest(null, Object(Config\Cache), false)
 7 SYSTEMPATH\Boot.php(334): CodeIgniter\CodeIgniter->run()
 8 SYSTEMPATH\Boot.php(67): CodeIgniter\Boot::runCodeIgniter(Object(CodeIgniter\CodeIgniter))
 9 FCPATH\index.php(56): CodeIgniter\Boot::bootWeb(Object(Config\Paths))
CRITICAL - 2025-06-16 23:22:19 --> ParseError: syntax error, unexpected variable "$db", expecting "function" or "const"
[Method: GET, Route: mis-compras]
in APPPATH\Models\VentasCabeceraModel.php on line 13.
 1 SYSTEMPATH\Autoloader\Autoloader.php(295): CodeIgniter\Autoloader\Autoloader->includeFile('C:\\xampp\\htdocs\\proyecto_Martinez_Gonzalez\\app\\Models\\VentasCabeceraModel.php')
 2 SYSTEMPATH\Autoloader\Autoloader.php(271): CodeIgniter\Autoloader\Autoloader->loadInNamespace('App\\Models\\VentasCabeceraModel')
 3 APPPATH\Controllers\VentasController.php(128): CodeIgniter\Autoloader\Autoloader->loadClass('App\\Models\\VentasCabeceraModel')
 4 SYSTEMPATH\CodeIgniter.php(933): App\Controllers\Ventascontroller->misCompras()
 5 SYSTEMPATH\CodeIgniter.php(507): CodeIgniter\CodeIgniter->runController(Object(App\Controllers\Ventascontroller))
 6 SYSTEMPATH\CodeIgniter.php(354): CodeIgniter\CodeIgniter->handleRequest(null, Object(Config\Cache), false)
 7 SYSTEMPATH\Boot.php(334): CodeIgniter\CodeIgniter->run()
 8 SYSTEMPATH\Boot.php(67): CodeIgniter\Boot::runCodeIgniter(Object(CodeIgniter\CodeIgniter))
 9 FCPATH\index.php(56): CodeIgniter\Boot::bootWeb(Object(Config\Paths))
CRITICAL - 2025-06-16 23:24:28 --> CodeIgniter\View\Exceptions\ViewException: Invalid file: "back/compras/ver_factura_usuario.php"
[Method: GET, Route: mis-compras]
in SYSTEMPATH\Exceptions\FrameworkException.php on line 39.
 1 SYSTEMPATH\View\View.php(212): CodeIgniter\Exceptions\FrameworkException::forInvalidFile('back/compras/ver_factura_usuario.php')
 2 SYSTEMPATH\Common.php(1173): CodeIgniter\View\View->render('back/compras/ver_factura_usuario', [], true)
 3 APPPATH\Controllers\VentasController.php(141): view('back/compras/ver_factura_usuario', [...])
 4 SYSTEMPATH\CodeIgniter.php(933): App\Controllers\Ventascontroller->misCompras()
 5 SYSTEMPATH\CodeIgniter.php(507): CodeIgniter\CodeIgniter->runController(Object(App\Controllers\Ventascontroller))
 6 SYSTEMPATH\CodeIgniter.php(354): CodeIgniter\CodeIgniter->handleRequest(null, Object(Config\Cache), false)
 7 SYSTEMPATH\Boot.php(334): CodeIgniter\CodeIgniter->run()
 8 SYSTEMPATH\Boot.php(67): CodeIgniter\Boot::runCodeIgniter(Object(CodeIgniter\CodeIgniter))
 9 FCPATH\index.php(56): CodeIgniter\Boot::bootWeb(Object(Config\Paths))
ERROR - 2025-06-16 23:58:46 --> mysqli_sql_exception: Unknown column 'usuarios.id_usuario' in 'on clause' in C:\xampp\htdocs\proyecto_Martinez_Gonzalez\system\Database\MySQLi\Connection.php:327
Stack trace:
#0 C:\xampp\htdocs\proyecto_Martinez_Gonzalez\system\Database\MySQLi\Connection.php(327): mysqli->query('SELECT *\nFROM `...', 0)
#1 C:\xampp\htdocs\proyecto_Martinez_Gonzalez\system\Database\BaseConnection.php(738): CodeIgniter\Database\MySQLi\Connection->execute('SELECT *\nFROM `...')
#2 C:\xampp\htdocs\proyecto_Martinez_Gonzalez\system\Database\BaseConnection.php(652): CodeIgniter\Database\BaseConnection->simpleQuery('SELECT *\nFROM `...')
#3 C:\xampp\htdocs\proyecto_Martinez_Gonzalez\system\Database\BaseBuilder.php(1649): CodeIgniter\Database\BaseConnection->query('SELECT *\nFROM `...', Array, false)
#4 C:\xampp\htdocs\proyecto_Martinez_Gonzalez\app\Models\VentasCabeceraModel.php(29): CodeIgniter\Database\BaseBuilder->get()
#5 C:\xampp\htdocs\proyecto_Martinez_Gonzalez\app\Controllers\VentasController.php(131): App\Models\VentasCabeceraModel->getVentas('16')
#6 C:\xampp\htdocs\proyecto_Martinez_Gonzalez\system\CodeIgniter.php(933): App\Controllers\Ventascontroller->mis_compras()
#7 C:\xampp\htdocs\proyecto_Martinez_Gonzalez\system\CodeIgniter.php(507): CodeIgniter\CodeIgniter->runController(Object(App\Controllers\Ventascontroller))
#8 C:\xampp\htdocs\proyecto_Martinez_Gonzalez\system\CodeIgniter.php(354): CodeIgniter\CodeIgniter->handleRequest(NULL, Object(Config\Cache), false)
#9 C:\xampp\htdocs\proyecto_Martinez_Gonzalez\system\Boot.php(334): CodeIgniter\CodeIgniter->run()
#10 C:\xampp\htdocs\proyecto_Martinez_Gonzalez\system\Boot.php(67): CodeIgniter\Boot::runCodeIgniter(Object(CodeIgniter\CodeIgniter))
#11 C:\xampp\htdocs\proyecto_Martinez_Gonzalez\index.php(56): CodeIgniter\Boot::bootWeb(Object(Config\Paths))
#12 {main}
CRITICAL - 2025-06-16 23:58:46 --> Error: Call to a member function getResultArray() on bool
[Method: GET, Route: mis-compras]
in APPPATH\Models\VentasCabeceraModel.php on line 30.
 1 APPPATH\Controllers\VentasController.php(131): App\Models\VentasCabeceraModel->getVentas('16')
 2 SYSTEMPATH\CodeIgniter.php(933): App\Controllers\Ventascontroller->mis_compras()
 3 SYSTEMPATH\CodeIgniter.php(507): CodeIgniter\CodeIgniter->runController(Object(App\Controllers\Ventascontroller))
 4 SYSTEMPATH\CodeIgniter.php(354): CodeIgniter\CodeIgniter->handleRequest(null, Object(Config\Cache), false)
 5 SYSTEMPATH\Boot.php(334): CodeIgniter\CodeIgniter->run()
 6 SYSTEMPATH\Boot.php(67): CodeIgniter\Boot::runCodeIgniter(Object(CodeIgniter\CodeIgniter))
 7 FCPATH\index.php(56): CodeIgniter\Boot::bootWeb(Object(Config\Paths))
